[35m[1mConsolidate compiler generated dependencies of target CoordinateCalculations[0m
[35m[1mConsolidate compiler generated dependencies of target RudderControlHelper[0m
[35m[1mConsolidate compiler generated dependencies of target SailServoControlNodeLib[0m
[ 10%] Built target WaypointQueue
[ 15%] [32mBuilding CXX object CMakeFiles/RudderControlHelper.dir/src/RudderControlHelper.cpp.o[0m
[ 20%] [32mBuilding CXX object CMakeFiles/CoordinateCalculations.dir/src/Coordinate_Calculations.cpp.o[0m
[ 25%] [32mBuilding CXX object CMakeFiles/SailServoControlNodeLib.dir/src/SailServoControlNode.cpp.o[0m
[ 35%] Built target waypoint_queue_node
[01m[K/home/boat/Desktop/src/boat_control_system_final/src/SailServoControlNode.cpp:[m[K In member function â€˜[01m[Kvoid SailServoControlNode::stateCallback(std_msgs::msg::Bool_<std::allocator<void> >::SharedPtr)[m[Kâ€™:
[01m[K/home/boat/Desktop/src/boat_control_system_final/src/SailServoControlNode.cpp:51:26:[m[K [01;31m[Kerror: [m[Kno match for â€˜[01m[Koperator=[m[Kâ€™ (operand types are â€˜[01m[Kstd_msgs::msg::Bool[m[Kâ€™ {aka â€˜[01m[Kstd_msgs::msg::Bool_<std::allocator<void> >[m[Kâ€™} and â€˜[01m[Kstd_msgs::msg::Bool_<std::allocator<void> >::_data_type[m[Kâ€™ {aka â€˜[01m[Kbool[m[Kâ€™})
   51 |     latest_state_ = msg->[01;31m[Kdata[m[K;  // Update the latest state data
      |                          [01;31m[K^~~~[m[K
In file included from [01m[K/opt/ros/humble/include/std_msgs/std_msgs/msg/bool.hpp:7[m[K,
                 from [01m[K/home/boat/Desktop/src/boat_control_system_final/include/boat_control_system_final/SailServoControlNode.hpp:11[m[K,
                 from [01m[K/home/boat/Desktop/src/boat_control_system_final/src/SailServoControlNode.cpp:13[m[K:
[01m[K/opt/ros/humble/include/std_msgs/std_msgs/msg/detail/bool__struct.hpp:32:8:[m[K [01;36m[Knote: [m[Kcandidate: â€˜[01m[Kconstexpr std_msgs::msg::Bool_<std::allocator<void> >& std_msgs::msg::Bool_<std::allocator<void> >::operator=(const std_msgs::msg::Bool_<std::allocator<void> >&)[m[Kâ€™
   32 | struct [01;36m[KBool_[m[K
      |        [01;36m[K^~~~~[m[K
[01m[K/opt/ros/humble/include/std_msgs/std_msgs/msg/detail/bool__struct.hpp:32:8:[m[K [01;36m[Knote: [m[K  no known conversion for argument 1 from â€˜[01m[Kstd_msgs::msg::Bool_<std::allocator<void> >::_data_type[m[Kâ€™ {aka â€˜[01m[Kbool[m[Kâ€™} to â€˜[01m[Kconst std_msgs::msg::Bool_<std::allocator<void> >&[m[Kâ€™
[01m[K/opt/ros/humble/include/std_msgs/std_msgs/msg/detail/bool__struct.hpp:32:8:[m[K [01;36m[Knote: [m[Kcandidate: â€˜[01m[Kconstexpr std_msgs::msg::Bool_<std::allocator<void> >& std_msgs::msg::Bool_<std::allocator<void> >::operator=(std_msgs::msg::Bool_<std::allocator<void> >&&)[m[Kâ€™
[01m[K/opt/ros/humble/include/std_msgs/std_msgs/msg/detail/bool__struct.hpp:32:8:[m[K [01;36m[Knote: [m[K  no known conversion for argument 1 from â€˜[01m[Kstd_msgs::msg::Bool_<std::allocator<void> >::_data_type[m[Kâ€™ {aka â€˜[01m[Kbool[m[Kâ€™} to â€˜[01m[Kstd_msgs::msg::Bool_<std::allocator<void> >&&[m[Kâ€™
[ 40%] [32m[1mLinking CXX static library libCoordinateCalculations.a[0m
[ 45%] [32m[1mLinking CXX static library libRudderControlHelper.a[0m
[ 45%] Built target CoordinateCalculations
[ 45%] Built target RudderControlHelper
[35m[1mConsolidate compiler generated dependencies of target CoordinateCalculationsNodeLib[0m
[35m[1mConsolidate compiler generated dependencies of target RudderServoControlNodeLib[0m
[ 50%] [32mBuilding CXX object CMakeFiles/CoordinateCalculationsNodeLib.dir/src/CoordinateCalculationsNode.cpp.o[0m
[ 55%] [32mBuilding CXX object CMakeFiles/RudderServoControlNodeLib.dir/src/RudderServoControlNode.cpp.o[0m
gmake[2]: *** [CMakeFiles/SailServoControlNodeLib.dir/build.make:76: CMakeFiles/SailServoControlNodeLib.dir/src/SailServoControlNode.cpp.o] Error 1
gmake[1]: *** [CMakeFiles/Makefile2:369: CMakeFiles/SailServoControlNodeLib.dir/all] Error 2
gmake[1]: *** Waiting for unfinished jobs....
[ 60%] [32m[1mLinking CXX static library libCoordinateCalculationsNodeLib.a[0m
[ 60%] Built target CoordinateCalculationsNodeLib
[ 65%] [32m[1mLinking CXX static library libRudderServoControlNodeLib.a[0m
[ 65%] Built target RudderServoControlNodeLib
gmake: *** [Makefile:146: all] Error 2
