[35m[1mConsolidate compiler generated dependencies of target SailServoControlNodeLib[0m
[ 10%] Built target WaypointQueue
[ 20%] Built target RudderControlHelper
[ 30%] Built target CoordinateCalculations
[35m[1mConsolidate compiler generated dependencies of target RudderServoControlNodeLib[0m
[ 35%] [32mBuilding CXX object CMakeFiles/SailServoControlNodeLib.dir/src/SailServoControlNode.cpp.o[0m
[ 45%] Built target CoordinateCalculationsNodeLib
[ 55%] Built target waypoint_queue_node
[ 60%] [32mBuilding CXX object CMakeFiles/RudderServoControlNodeLib.dir/src/RudderServoControlNode.cpp.o[0m
[ 70%] Built target coordinate_calculations_node
In file included from [01m[K/home/boat/Desktop/src/boat_control_system_final/src/SailServoControlNode.cpp:13[m[K:
[01m[K/home/boat/Desktop/src/boat_control_system_final/include/boat_control_system_final/SailServoControlNode.hpp:11:10:[m[K [01;31m[Kfatal error: [m[Kstd_msgs/msg/Bool.hpp: No such file or directory
   11 | #include [01;31m[K<std_msgs/msg/Bool.hpp>[m[K
      |          [01;31m[K^~~~~~~~~~~~~~~~~~~~~~~[m[K
compilation terminated.
gmake[2]: *** [CMakeFiles/SailServoControlNodeLib.dir/build.make:76: CMakeFiles/SailServoControlNodeLib.dir/src/SailServoControlNode.cpp.o] Error 1
gmake[1]: *** [CMakeFiles/Makefile2:369: CMakeFiles/SailServoControlNodeLib.dir/all] Error 2
gmake[1]: *** Waiting for unfinished jobs....
[01m[K/home/boat/Desktop/src/boat_control_system_final/src/RudderServoControlNode.cpp:[m[K In constructor â€˜[01m[KRudderServoControlNode::RudderServoControlNode()[m[Kâ€™:
[01m[K/home/boat/Desktop/src/boat_control_system_final/src/RudderServoControlNode.cpp:56:5:[m[K [01;31m[Kerror: [m[Kâ€˜[01m[Kinit_subscriber_[m[Kâ€™ was not declared in this scope; did you mean â€˜[01m[Kwind_subscriber_[m[Kâ€™?
   56 |     [01;31m[Kinit_subscriber_[m[K = this->create_subscription<std_msgs::msg::String>(
      |     [01;31m[K^~~~~~~~~~~~~~~~[m[K
      |     [32m[Kwind_subscriber_[m[K
[01m[K/home/boat/Desktop/src/boat_control_system_final/src/RudderServoControlNode.cpp:59:20:[m[K [01;31m[Kerror: [m[Kâ€˜[01m[KWaypointQueueNode[m[Kâ€™ has not been declared
   59 |         std::bind(&[01;31m[KWaypointQueueNode[m[K::initCallback, this, std::placeholders::_1));
      |                    [01;31m[K^~~~~~~~~~~~~~~~~[m[K
[01m[K/home/boat/Desktop/src/boat_control_system_final/src/RudderServoControlNode.cpp:[m[K At global scope:
[01m[K/home/boat/Desktop/src/boat_control_system_final/src/RudderServoControlNode.cpp:114:6:[m[K [01;31m[Kerror: [m[Kno declaration matches â€˜[01m[Kvoid RudderServoControlNode::initCallback(std_msgs::msg::String_<std::allocator<void> >::SharedPtr)[m[Kâ€™
  114 | void [01;31m[KRudderServoControlNode[m[K::initCallback(const std_msgs::msg::String::SharedPtr msg)
      |      [01;31m[K^~~~~~~~~~~~~~~~~~~~~~[m[K
[01m[K/home/boat/Desktop/src/boat_control_system_final/src/RudderServoControlNode.cpp:114:6:[m[K [01;36m[Knote: [m[Kno functions named â€˜[01m[Kvoid RudderServoControlNode::initCallback(std_msgs::msg::String_<std::allocator<void> >::SharedPtr)[m[Kâ€™
In file included from [01m[K/home/boat/Desktop/src/boat_control_system_final/src/RudderServoControlNode.cpp:17[m[K:
[01m[K/home/boat/Desktop/src/boat_control_system_final/include/boat_control_system_final/RudderServoControlNode.hpp:20:7:[m[K [01;36m[Knote: [m[Kâ€˜[01m[Kclass RudderServoControlNode[m[Kâ€™ defined here
   20 | class [01;36m[KRudderServoControlNode[m[K : public rclcpp::Node
      |       [01;36m[K^~~~~~~~~~~~~~~~~~~~~~[m[K
gmake[2]: *** [CMakeFiles/RudderServoControlNodeLib.dir/build.make:76: CMakeFiles/RudderServoControlNodeLib.dir/src/RudderServoControlNode.cpp.o] Error 1
gmake[1]: *** [CMakeFiles/Makefile2:261: CMakeFiles/RudderServoControlNodeLib.dir/all] Error 2
gmake: *** [Makefile:146: all] Error 2
