[0.068s] Invoking command in '/home/boat/Desktop/src/boat_control_system_final/build/boat_control_system_final': CMAKE_PREFIX_PATH=/opt/ros/humble /usr/bin/cmake --build /home/boat/Desktop/src/boat_control_system_final/build/boat_control_system_final -- -j4 -l4
[0.276s] [35m[1mConsolidate compiler generated dependencies of target WaypointQueue[0m
[0.281s] [35m[1mConsolidate compiler generated dependencies of target CoordinateCalculationsNode[0m
[0.389s] [ 33%] Built target WaypointQueue
[0.404s] [ 50%] [32mBuilding CXX object CMakeFiles/CoordinateCalculationsNode.dir/src/CoordinateCalculationsNode.cpp.o[0m
[0.448s] [35m[1mConsolidate compiler generated dependencies of target WaypointQueueNode[0m
[0.555s] [ 66%] [32mBuilding CXX object CMakeFiles/WaypointQueueNode.dir/src/WaypointQueueNode.cpp.o[0m
[13.680s] [01m[K/home/boat/Desktop/src/boat_control_system_final/src/CoordinateCalculationsNode.cpp:[m[K In constructor â€˜[01m[KCoordinateCalculationsNode::CoordinateCalculationsNode()[m[Kâ€™:
[13.681s] [01m[K/home/boat/Desktop/src/boat_control_system_final/src/CoordinateCalculationsNode.cpp:13:5:[m[K [01;31m[Kerror: [m[Kâ€˜[01m[Kfinal_waypoint_publisher[m[Kâ€™ was not declared in this scope; did you mean â€˜[01m[Kwaypoint_publisher_[m[Kâ€™?
[13.681s]    13 |     [01;31m[Kfinal_waypoint_publisher[m[K = this->create_publisher<sensor_msgs::msg::NavSatFix>(
[13.682s]       |     [01;31m[K^~~~~~~~~~~~~~~~~~~~~~~~[m[K
[13.683s]       |     [32m[Kwaypoint_publisher_[m[K
[13.749s] [01m[K/home/boat/Desktop/src/boat_control_system_final/src/CoordinateCalculationsNode.cpp:23:5:[m[K [01;31m[Kerror: [m[Kâ€˜[01m[Kwind_subscriber_[m[Kâ€™ was not declared in this scope; did you mean â€˜[01m[Kinit_subscriber_[m[Kâ€™?
[13.750s]    23 |     [01;31m[Kwind_subscriber_[m[K = this->create_subscription<std_msgs::msg::Float32>(
[13.750s]       |     [01;31m[K^~~~~~~~~~~~~~~~[m[K
[13.751s]       |     [32m[Kinit_subscriber_[m[K
[13.770s] [01m[K/home/boat/Desktop/src/boat_control_system_final/src/WaypointQueueNode.cpp:[m[K In constructor â€˜[01m[KWaypointQueueNode::WaypointQueueNode()[m[Kâ€™:
[13.770s] [01m[K/home/boat/Desktop/src/boat_control_system_final/src/WaypointQueueNode.cpp:25:39:[m[K [01;31m[Kerror: [m[Kâ€˜[01m[Kinit_callback[m[Kâ€™ is not a member of â€˜[01m[KWaypointQueueNode[m[Kâ€™
[13.771s]    25 |         std::bind(&WaypointQueueNode::[01;31m[Kinit_callback[m[K, this, std::placeholders::_1));
[13.772s]       |                                       [01;31m[K^~~~~~~~~~~~~[m[K
[14.032s] [01m[K/home/boat/Desktop/src/boat_control_system_final/src/CoordinateCalculationsNode.cpp:29:5:[m[K [01;31m[Kerror: [m[Kâ€˜[01m[Kmagnetometer_subscriber_[m[Kâ€™ was not declared in this scope
[14.033s]    29 |     [01;31m[Kmagnetometer_subscriber_[m[K = this->create_subscription<std_msgs::msg::Float32>(
[14.033s]       |     [01;31m[K^~~~~~~~~~~~~~~~~~~~~~~~[m[K
[28.606s] gmake[2]: *** [CMakeFiles/WaypointQueueNode.dir/build.make:76: CMakeFiles/WaypointQueueNode.dir/src/WaypointQueueNode.cpp.o] Error 1
[28.609s] gmake[1]: *** [CMakeFiles/Makefile2:141: CMakeFiles/WaypointQueueNode.dir/all] Error 2
[28.610s] gmake[1]: *** Waiting for unfinished jobs....
[31.753s] gmake[2]: *** [CMakeFiles/CoordinateCalculationsNode.dir/build.make:76: CMakeFiles/CoordinateCalculationsNode.dir/src/CoordinateCalculationsNode.cpp.o] Error 1
[31.753s] gmake[1]: *** [CMakeFiles/Makefile2:167: CMakeFiles/CoordinateCalculationsNode.dir/all] Error 2
[31.754s] gmake: *** [Makefile:146: all] Error 2
[31.762s] Invoked command in '/home/boat/Desktop/src/boat_control_system_final/build/boat_control_system_final' returned '2': CMAKE_PREFIX_PATH=/opt/ros/humble /usr/bin/cmake --build /home/boat/Desktop/src/boat_control_system_final/build/boat_control_system_final -- -j4 -l4
