[01m[K/home/boat/Desktop/src/boat_control_system_final/src/CoordinateCalculationsNode.cpp:[m[K In function â€˜[01m[Ksensor_msgs::msg::NavSatFix get_latest_waypoint()[m[Kâ€™:
[01m[K/home/boat/Desktop/src/boat_control_system_final/src/CoordinateCalculationsNode.cpp:106:12:[m[K [01;31m[Kerror: [m[Kâ€˜[01m[Klatest_waypoint_data_[m[Kâ€™ was not declared in this scope
  106 |     return [01;31m[Klatest_waypoint_data_[m[K;
      |            [01;31m[K^~~~~~~~~~~~~~~~~~~~~[m[K
[01m[K/home/boat/Desktop/src/boat_control_system_final/src/CoordinateCalculationsNode.cpp:[m[K In function â€˜[01m[Kstd_msgs::msg::Float32 get_wind_angle()[m[Kâ€™:
[01m[K/home/boat/Desktop/src/boat_control_system_final/src/CoordinateCalculationsNode.cpp:113:12:[m[K [01;31m[Kerror: [m[Kâ€˜[01m[Klatest_wind_data_[m[Kâ€™ was not declared in this scope
  113 |     return [01;31m[Klatest_wind_data_[m[K;
      |            [01;31m[K^~~~~~~~~~~~~~~~~[m[K
[01m[K/home/boat/Desktop/src/boat_control_system_final/src/CoordinateCalculationsNode.cpp:[m[K In function â€˜[01m[Kstd_msgs::msg::Float32 get_magnetometer_heading()[m[Kâ€™:
[01m[K/home/boat/Desktop/src/boat_control_system_final/src/CoordinateCalculationsNode.cpp:118:12:[m[K [01;31m[Kerror: [m[Kâ€˜[01m[Klatest_magnetometer_data_[m[Kâ€™ was not declared in this scope
  118 |     return [01;31m[Klatest_magnetometer_data_[m[K;
      |            [01;31m[K^~~~~~~~~~~~~~~~~~~~~~~~~[m[K
[01m[K/home/boat/Desktop/src/boat_control_system_final/src/CoordinateCalculationsNode.cpp:[m[K In function â€˜[01m[Ksensor_msgs::msg::NavSatFix get_curr_pos()[m[Kâ€™:
[01m[K/home/boat/Desktop/src/boat_control_system_final/src/CoordinateCalculationsNode.cpp:123:12:[m[K [01;31m[Kerror: [m[Kâ€˜[01m[Klatest_gps_data_[m[Kâ€™ was not declared in this scope
  123 |     return [01;31m[Klatest_gps_data_[m[K;
      |            [01;31m[K^~~~~~~~~~~~~~~~[m[K
gmake[2]: *** [CMakeFiles/CoordinateCalculationsNodeLib.dir/build.make:76: CMakeFiles/CoordinateCalculationsNodeLib.dir/src/CoordinateCalculationsNode.cpp.o] Error 1
gmake[1]: *** [CMakeFiles/Makefile2:198: CMakeFiles/CoordinateCalculationsNodeLib.dir/all] Error 2
gmake: *** [Makefile:146: all] Error 2
