[0.067s] Invoking command in '/home/boat/Desktop/src/boat_control_system_final/build/boat_control_system_final': CMAKE_PREFIX_PATH=/opt/ros/humble /usr/bin/cmake --build /home/boat/Desktop/src/boat_control_system_final/build/boat_control_system_final -- -j4 -l4
[0.183s] -- Found ament_cmake: 1.3.10 (/opt/ros/humble/share/ament_cmake/cmake)
[0.854s] -- Found rclcpp: 16.0.10 (/opt/ros/humble/share/rclcpp/cmake)
[1.052s] -- Found rosidl_generator_c: 3.1.5 (/opt/ros/humble/share/rosidl_generator_c/cmake)
[1.065s] -- Found rosidl_adapter: 3.1.5 (/opt/ros/humble/share/rosidl_adapter/cmake)
[1.093s] -- Found rosidl_generator_cpp: 3.1.5 (/opt/ros/humble/share/rosidl_generator_cpp/cmake)
[1.138s] -- Using all available rosidl_typesupport_c: rosidl_typesupport_fastrtps_c;rosidl_typesupport_introspection_c
[1.196s] -- Using all available rosidl_typesupport_cpp: rosidl_typesupport_fastrtps_cpp;rosidl_typesupport_introspection_cpp
[1.353s] -- Found rmw_implementation_cmake: 6.1.2 (/opt/ros/humble/share/rmw_implementation_cmake/cmake)
[1.360s] -- Found rmw_fastrtps_cpp: 6.2.7 (/opt/ros/humble/share/rmw_fastrtps_cpp/cmake)
[2.438s] -- Using RMW implementation 'rmw_fastrtps_cpp' as default
[2.659s] -- Found sensor_msgs: 4.2.4 (/opt/ros/humble/share/sensor_msgs/cmake)
[2.801s] -- Found ament_lint_auto: 0.12.11 (/opt/ros/humble/share/ament_lint_auto/cmake)
[3.986s] -- Added test 'cppcheck' to perform static code analysis on C / C++ code
[3.988s] -- Configured cppcheck include dirs: /home/boat/Desktop/src/boat_control_system_final/include/boat_control_system_final
[3.989s] -- Configured cppcheck exclude dirs and/or files: 
[4.101s] -- Added test 'flake8' to check Python code syntax and style conventions
[4.312s] -- Added test 'lint_cmake' to check CMake code style
[4.417s] -- Added test 'pep257' to check Python code against some of the docstring style conventions in PEP 257
[5.253s] -- Added test 'uncrustify' to check C / C++ code style
[5.253s] -- Configured uncrustify additional arguments: 
[5.359s] -- Added test 'xmllint' to check XML markup files
[5.364s] -- Configuring done
[5.509s] -- Generating done
[5.526s] -- Build files have been written to: /home/boat/Desktop/src/boat_control_system_final/build/boat_control_system_final
[5.650s] [35m[1mConsolidate compiler generated dependencies of target WaypointQueue[0m
[5.651s] [35m[1mConsolidate compiler generated dependencies of target CoordinateCalculations[0m
[5.767s] [ 20%] Built target WaypointQueue
[5.770s] [ 30%] [32mBuilding CXX object CMakeFiles/CoordinateCalculations.dir/src/Coordinate_Calculations.cpp.o[0m
[5.853s] [35m[1mConsolidate compiler generated dependencies of target WaypointQueueNode[0m
[5.979s] [ 50%] Built target WaypointQueueNode
[18.085s] [01m[K/home/boat/Desktop/src/boat_control_system_final/src/Coordinate_Calculations.cpp:139:42:[m[K [01;31m[Kerror: [m[Kno declaration matches â€˜[01m[Kstd::vector<sensor_msgs::msg::NavSatFix_<std::allocator<void> > > CoordinateCalculations::plan_path(const NavSatFix&, const NavSatFix&)[m[Kâ€™
[18.086s]   139 | std::vector<sensor_msgs::msg::NavSatFix> [01;31m[KCoordinateCalculations[m[K::plan_path(const sensor_msgs::msg::NavSatFix& curr_position, const sensor_msgs::msg::NavSatFix& next_waypoint)
[18.086s]       |                                          [01;31m[K^~~~~~~~~~~~~~~~~~~~~~[m[K
[18.087s] In file included from [01m[K/home/boat/Desktop/src/boat_control_system_final/src/Coordinate_Calculations.cpp:12[m[K:
[18.087s] [01m[K/home/boat/Desktop/src/boat_control_system_final/include/boat_control_system_final/Coordinate_Calculations.h:70:10:[m[K [01;36m[Knote: [m[Kcandidate is: â€˜[01m[Kvoid CoordinateCalculations::plan_path(const NavSatFix&, const NavSatFix&)[m[Kâ€™
[18.088s]    70 |     void [01;36m[Kplan_path[m[K(const sensor_msgs::msg::NavSatFix& curr_position, const sensor_msgs::msg::NavSatFix& next_waypoint);
[18.088s]       |          [01;36m[K^~~~~~~~~[m[K
[18.089s] In file included from [01m[K/home/boat/Desktop/src/boat_control_system_final/src/Coordinate_Calculations.cpp:12[m[K:
[18.089s] [01m[K/home/boat/Desktop/src/boat_control_system_final/include/boat_control_system_final/Coordinate_Calculations.h:17:7:[m[K [01;36m[Knote: [m[Kâ€˜[01m[Kclass CoordinateCalculations[m[Kâ€™ defined here
[18.090s]    17 | class [01;36m[KCoordinateCalculations[m[K
[18.090s]       |       [01;36m[K^~~~~~~~~~~~~~~~~~~~~~[m[K
[19.963s] gmake[2]: *** [CMakeFiles/CoordinateCalculations.dir/build.make:76: CMakeFiles/CoordinateCalculations.dir/src/Coordinate_Calculations.cpp.o] Error 1
[19.964s] gmake[1]: *** [CMakeFiles/Makefile2:171: CMakeFiles/CoordinateCalculations.dir/all] Error 2
[19.965s] gmake: *** [Makefile:146: all] Error 2
[19.973s] Invoked command in '/home/boat/Desktop/src/boat_control_system_final/build/boat_control_system_final' returned '2': CMAKE_PREFIX_PATH=/opt/ros/humble /usr/bin/cmake --build /home/boat/Desktop/src/boat_control_system_final/build/boat_control_system_final -- -j4 -l4
