[0.065s] Invoking command in '/home/boat/Desktop/src/boat_control_system_final/build/boat_control_system_final': CMAKE_PREFIX_PATH=/opt/ros/humble /usr/bin/cmake --build /home/boat/Desktop/src/boat_control_system_final/build/boat_control_system_final -- -j4 -l4
[0.379s] [ 10%] Built target WaypointQueue
[0.389s] [ 15%] [32mBuilding CXX object CMakeFiles/CoordinateCalculations.dir/src/Coordinate_Calculations.cpp.o[0m
[0.392s] [ 20%] [32mBuilding CXX object CMakeFiles/RudderControlHelper.dir/src/RudderControlHelper.cpp.o[0m
[0.397s] [ 25%] [32mBuilding CXX object CMakeFiles/SailServoControlNodeLib.dir/src/SailServoControlNode.cpp.o[0m
[0.529s] [ 35%] Built target waypoint_queue_node
[15.819s] [01m[K/home/boat/Desktop/src/boat_control_system_final/src/SailServoControlNode.cpp:[m[K In constructor â€˜[01m[KSailServoControlNode::SailServoControlNode()[m[Kâ€™:
[15.819s] [01m[K/home/boat/Desktop/src/boat_control_system_final/src/SailServoControlNode.cpp:31:5:[m[K [01;31m[Kerror: [m[Kâ€˜[01m[Kreached_subscriber_[m[Kâ€™ was not declared in this scope; did you mean â€˜[01m[Kwind_subscriber_[m[Kâ€™?
[15.820s]    31 |     [01;31m[Kreached_subscriber_[m[K = this->create_subscription<std_msgs::msg::Bool>(
[15.829s]       |     [01;31m[K^~~~~~~~~~~~~~~~~~~[m[K
[15.835s]       |     [32m[Kwind_subscriber_[m[K
[16.098s] [01m[K/home/boat/Desktop/src/boat_control_system_final/src/SailServoControlNode.cpp:[m[K In member function â€˜[01m[Kvoid SailServoControlNode::stateCallback(std_msgs::msg::Bool_<std::allocator<void> >::SharedPtr)[m[Kâ€™:
[16.098s] [01m[K/home/boat/Desktop/src/boat_control_system_final/src/SailServoControlNode.cpp:51:26:[m[K [01;31m[Kerror: [m[Kno match for â€˜[01m[Koperator=[m[Kâ€™ (operand types are â€˜[01m[Kstd_msgs::msg::Bool[m[Kâ€™ {aka â€˜[01m[Kstd_msgs::msg::Bool_<std::allocator<void> >[m[Kâ€™} and â€˜[01m[Kstd_msgs::msg::Bool_<std::allocator<void> >::_data_type[m[Kâ€™ {aka â€˜[01m[Kbool[m[Kâ€™})
[16.099s]    51 |     latest_state_ = msg->[01;31m[Kdata[m[K;  // Update the latest state data
[16.100s]       |                          [01;31m[K^~~~[m[K
[16.110s] In file included from [01m[K/opt/ros/humble/include/std_msgs/std_msgs/msg/bool.hpp:7[m[K,
[16.114s]                  from [01m[K/home/boat/Desktop/src/boat_control_system_final/include/boat_control_system_final/SailServoControlNode.hpp:11[m[K,
[16.118s]                  from [01m[K/home/boat/Desktop/src/boat_control_system_final/src/SailServoControlNode.cpp:13[m[K:
[16.122s] [01m[K/opt/ros/humble/include/std_msgs/std_msgs/msg/detail/bool__struct.hpp:32:8:[m[K [01;36m[Knote: [m[Kcandidate: â€˜[01m[Kconstexpr std_msgs::msg::Bool_<std::allocator<void> >& std_msgs::msg::Bool_<std::allocator<void> >::operator=(const std_msgs::msg::Bool_<std::allocator<void> >&)[m[Kâ€™
[16.126s]    32 | struct [01;36m[KBool_[m[K
[16.131s]       |        [01;36m[K^~~~~[m[K
[16.138s] [01m[K/opt/ros/humble/include/std_msgs/std_msgs/msg/detail/bool__struct.hpp:32:8:[m[K [01;36m[Knote: [m[K  no known conversion for argument 1 from â€˜[01m[Kstd_msgs::msg::Bool_<std::allocator<void> >::_data_type[m[Kâ€™ {aka â€˜[01m[Kbool[m[Kâ€™} to â€˜[01m[Kconst std_msgs::msg::Bool_<std::allocator<void> >&[m[Kâ€™
[16.141s] [01m[K/opt/ros/humble/include/std_msgs/std_msgs/msg/detail/bool__struct.hpp:32:8:[m[K [01;36m[Knote: [m[Kcandidate: â€˜[01m[Kconstexpr std_msgs::msg::Bool_<std::allocator<void> >& std_msgs::msg::Bool_<std::allocator<void> >::operator=(std_msgs::msg::Bool_<std::allocator<void> >&&)[m[Kâ€™
[16.145s] [01m[K/opt/ros/humble/include/std_msgs/std_msgs/msg/detail/bool__struct.hpp:32:8:[m[K [01;36m[Knote: [m[K  no known conversion for argument 1 from â€˜[01m[Kstd_msgs::msg::Bool_<std::allocator<void> >::_data_type[m[Kâ€™ {aka â€˜[01m[Kbool[m[Kâ€™} to â€˜[01m[Kstd_msgs::msg::Bool_<std::allocator<void> >&&[m[Kâ€™
[16.149s] [01m[K/home/boat/Desktop/src/boat_control_system_final/src/SailServoControlNode.cpp:[m[K In member function â€˜[01m[Kint SailServoControlNode::getOptimalSailPosition(int)[m[Kâ€™:
[16.154s] [01m[K/home/boat/Desktop/src/boat_control_system_final/src/SailServoControlNode.cpp:113:18:[m[K [01;31m[Kerror: [m[Kexpected â€˜[01m[K;[m[Kâ€™ before â€˜[01m[K}[m[Kâ€™ token
[16.158s]   113 |         return -1
[16.162s]       |                  [01;31m[K^[m[K
[16.166s]       |                  [32m[K;[m[K
[16.169s]   114 |     [32m[K}[m[Kelse{
[16.176s]       |     [32m[K~[m[K             
[18.484s] [ 40%] [32m[1mLinking CXX static library libRudderControlHelper.a[0m
[18.706s] [ 40%] Built target RudderControlHelper
[18.768s] [35m[1mConsolidate compiler generated dependencies of target RudderServoControlNodeLib[0m
[18.828s] [ 45%] [32m[1mLinking CXX static library libCoordinateCalculations.a[0m
[18.893s] [ 50%] [32mBuilding CXX object CMakeFiles/RudderServoControlNodeLib.dir/src/RudderServoControlNode.cpp.o[0m
[19.001s] [ 50%] Built target CoordinateCalculations
[19.218s] [ 55%] [32mBuilding CXX object CMakeFiles/CoordinateCalculationsNodeLib.dir/src/CoordinateCalculationsNode.cpp.o[0m
[33.141s] gmake[2]: *** [CMakeFiles/SailServoControlNodeLib.dir/build.make:76: CMakeFiles/SailServoControlNodeLib.dir/src/SailServoControlNode.cpp.o] Error 1
[33.144s] gmake[1]: *** [CMakeFiles/Makefile2:369: CMakeFiles/SailServoControlNodeLib.dir/all] Error 2
[33.147s] gmake[1]: *** Waiting for unfinished jobs....
[33.644s] [01m[K/home/boat/Desktop/src/boat_control_system_final/src/RudderServoControlNode.cpp:[m[K In constructor â€˜[01m[KRudderServoControlNode::RudderServoControlNode()[m[Kâ€™:
[33.644s] [01m[K/home/boat/Desktop/src/boat_control_system_final/src/RudderServoControlNode.cpp:56:5:[m[K [01;31m[Kerror: [m[Kâ€˜[01m[Kinit_subscriber_[m[Kâ€™ was not declared in this scope; did you mean â€˜[01m[Kwind_subscriber_[m[Kâ€™?
[33.648s]    56 |     [01;31m[Kinit_subscriber_[m[K = this->create_subscription<std_msgs::msg::String>(
[33.649s]       |     [01;31m[K^~~~~~~~~~~~~~~~[m[K
[33.650s]       |     [32m[Kwind_subscriber_[m[K
[33.650s] [01m[K/home/boat/Desktop/src/boat_control_system_final/src/RudderServoControlNode.cpp:59:20:[m[K [01;31m[Kerror: [m[Kâ€˜[01m[KWaypointQueueNode[m[Kâ€™ has not been declared
[33.651s]    59 |         std::bind(&[01;31m[KWaypointQueueNode[m[K::initCallback, this, std::placeholders::_1));
[33.651s]       |                    [01;31m[K^~~~~~~~~~~~~~~~~[m[K
[48.962s] gmake[2]: *** [CMakeFiles/RudderServoControlNodeLib.dir/build.make:76: CMakeFiles/RudderServoControlNodeLib.dir/src/RudderServoControlNode.cpp.o] Error 1
[48.963s] gmake[1]: *** [CMakeFiles/Makefile2:261: CMakeFiles/RudderServoControlNodeLib.dir/all] Error 2
[72.895s] [ 60%] [32m[1mLinking CXX static library libCoordinateCalculationsNodeLib.a[0m
[74.314s] [ 60%] Built target CoordinateCalculationsNodeLib
[74.319s] gmake: *** [Makefile:146: all] Error 2
[74.327s] Invoked command in '/home/boat/Desktop/src/boat_control_system_final/build/boat_control_system_final' returned '2': CMAKE_PREFIX_PATH=/opt/ros/humble /usr/bin/cmake --build /home/boat/Desktop/src/boat_control_system_final/build/boat_control_system_final -- -j4 -l4
