[ 10%] Built target WaypointQueue
[ 15%] [32mBuilding CXX object CMakeFiles/RudderControlHelper.dir/src/RudderControlHelper.cpp.o[0m
[ 20%] [32mBuilding CXX object CMakeFiles/CoordinateCalculations.dir/src/Coordinate_Calculations.cpp.o[0m
[ 25%] [32mBuilding CXX object CMakeFiles/SailServoControlNodeLib.dir/src/SailServoControlNode.cpp.o[0m
[ 35%] Built target waypoint_queue_node
In file included from [01m[K/home/boat/Desktop/src/boat_control_system_final/include/boat_control_system_final/RudderControlHelper.hpp:12[m[K,
                 from [01m[K/home/boat/Desktop/src/boat_control_system_final/src/RudderControlHelper.cpp:12[m[K:
[01m[K/home/boat/Desktop/src/boat_control_system_final/include/boat_control_system_final/RudderServoControlNode.hpp:14:10:[m[K [01;31m[Kfatal error: [m[Kstd_msgs/msg/String.hpp: No such file or directory
   14 | #include [01;31m[K<std_msgs/msg/String.hpp>[m[K
      |          [01;31m[K^~~~~~~~~~~~~~~~~~~~~~~~~[m[K
compilation terminated.
gmake[2]: *** [CMakeFiles/RudderControlHelper.dir/build.make:76: CMakeFiles/RudderControlHelper.dir/src/RudderControlHelper.cpp.o] Error 1
gmake[1]: *** [CMakeFiles/Makefile2:207: CMakeFiles/RudderControlHelper.dir/all] Error 2
gmake[1]: *** Waiting for unfinished jobs....
In file included from [01m[K/home/boat/Desktop/src/boat_control_system_final/src/SailServoControlNode.cpp:13[m[K:
[01m[K/home/boat/Desktop/src/boat_control_system_final/include/boat_control_system_final/SailServoControlNode.hpp:11:10:[m[K [01;31m[Kfatal error: [m[Kstd_msgs/msg/Bool.hpp: No such file or directory
   11 | #include [01;31m[K<std_msgs/msg/Bool.hpp>[m[K
      |          [01;31m[K^~~~~~~~~~~~~~~~~~~~~~~[m[K
compilation terminated.
In file included from [01m[K/home/boat/Desktop/src/boat_control_system_final/include/boat_control_system_final/CoordinateCalculationsNode.hpp:18[m[K,
                 from [01m[K/home/boat/Desktop/src/boat_control_system_final/include/boat_control_system_final/Coordinate_Calculations.h:12[m[K,
                 from [01m[K/home/boat/Desktop/src/boat_control_system_final/src/Coordinate_Calculations.cpp:12[m[K:
[01m[K/home/boat/Desktop/src/boat_control_system_final/include/boat_control_system_final/RudderServoControlNode.hpp:14:10:[m[K [01;31m[Kfatal error: [m[Kstd_msgs/msg/String.hpp: No such file or directory
   14 | #include [01;31m[K<std_msgs/msg/String.hpp>[m[K
      |          [01;31m[K^~~~~~~~~~~~~~~~~~~~~~~~~[m[K
compilation terminated.
gmake[2]: *** [CMakeFiles/CoordinateCalculations.dir/build.make:76: CMakeFiles/CoordinateCalculations.dir/src/Coordinate_Calculations.cpp.o] Error 1
gmake[2]: *** [CMakeFiles/SailServoControlNodeLib.dir/build.make:76: CMakeFiles/SailServoControlNodeLib.dir/src/SailServoControlNode.cpp.o] Error 1
gmake[1]: *** [CMakeFiles/Makefile2:181: CMakeFiles/CoordinateCalculations.dir/all] Error 2
gmake[1]: *** [CMakeFiles/Makefile2:369: CMakeFiles/SailServoControlNodeLib.dir/all] Error 2
gmake: *** [Makefile:146: all] Error 2
