[0.066s] Invoking command in '/home/boat/Desktop/src/boat_control_system_final/build/boat_control_system_final': CMAKE_PREFIX_PATH=/opt/ros/humble /usr/bin/cmake --build /home/boat/Desktop/src/boat_control_system_final/build/boat_control_system_final -- -j4 -l4
[0.371s] [ 10%] Built target WaypointQueue
[0.380s] [ 15%] [32mBuilding CXX object CMakeFiles/RudderControlHelper.dir/src/RudderControlHelper.cpp.o[0m
[0.387s] [ 20%] [32mBuilding CXX object CMakeFiles/CoordinateCalculations.dir/src/Coordinate_Calculations.cpp.o[0m
[0.388s] [ 25%] [32mBuilding CXX object CMakeFiles/SailServoControlNodeLib.dir/src/SailServoControlNode.cpp.o[0m
[0.520s] [ 35%] Built target waypoint_queue_node
[2.282s] In file included from [01m[K/home/boat/Desktop/src/boat_control_system_final/include/boat_control_system_final/RudderControlHelper.hpp:12[m[K,
[2.283s]                  from [01m[K/home/boat/Desktop/src/boat_control_system_final/src/RudderControlHelper.cpp:12[m[K:
[2.284s] [01m[K/home/boat/Desktop/src/boat_control_system_final/include/boat_control_system_final/RudderServoControlNode.hpp:14:10:[m[K [01;31m[Kfatal error: [m[Kstd_msgs/msg/String.hpp: No such file or directory
[2.284s]    14 | #include [01;31m[K<std_msgs/msg/String.hpp>[m[K
[2.285s]       |          [01;31m[K^~~~~~~~~~~~~~~~~~~~~~~~~[m[K
[2.285s] compilation terminated.
[2.299s] gmake[2]: *** [CMakeFiles/RudderControlHelper.dir/build.make:76: CMakeFiles/RudderControlHelper.dir/src/RudderControlHelper.cpp.o] Error 1
[2.299s] gmake[1]: *** [CMakeFiles/Makefile2:207: CMakeFiles/RudderControlHelper.dir/all] Error 2
[2.300s] gmake[1]: *** Waiting for unfinished jobs....
[2.305s] In file included from [01m[K/home/boat/Desktop/src/boat_control_system_final/src/SailServoControlNode.cpp:13[m[K:
[2.306s] [01m[K/home/boat/Desktop/src/boat_control_system_final/include/boat_control_system_final/SailServoControlNode.hpp:11:10:[m[K [01;31m[Kfatal error: [m[Kstd_msgs/msg/Bool.hpp: No such file or directory
[2.307s]    11 | #include [01;31m[K<std_msgs/msg/Bool.hpp>[m[K
[2.307s]       |          [01;31m[K^~~~~~~~~~~~~~~~~~~~~~~[m[K
[2.308s] compilation terminated.
[2.309s] In file included from [01m[K/home/boat/Desktop/src/boat_control_system_final/include/boat_control_system_final/CoordinateCalculationsNode.hpp:18[m[K,
[2.310s]                  from [01m[K/home/boat/Desktop/src/boat_control_system_final/include/boat_control_system_final/Coordinate_Calculations.h:12[m[K,
[2.311s]                  from [01m[K/home/boat/Desktop/src/boat_control_system_final/src/Coordinate_Calculations.cpp:12[m[K:
[2.313s] [01m[K/home/boat/Desktop/src/boat_control_system_final/include/boat_control_system_final/RudderServoControlNode.hpp:14:10:[m[K [01;31m[Kfatal error: [m[Kstd_msgs/msg/String.hpp: No such file or directory
[2.313s]    14 | #include [01;31m[K<std_msgs/msg/String.hpp>[m[K
[2.314s]       |          [01;31m[K^~~~~~~~~~~~~~~~~~~~~~~~~[m[K
[2.315s] compilation terminated.
[2.320s] gmake[2]: *** [CMakeFiles/CoordinateCalculations.dir/build.make:76: CMakeFiles/CoordinateCalculations.dir/src/Coordinate_Calculations.cpp.o] Error 1
[2.321s] gmake[2]: *** [CMakeFiles/SailServoControlNodeLib.dir/build.make:76: CMakeFiles/SailServoControlNodeLib.dir/src/SailServoControlNode.cpp.o] Error 1
[2.321s] gmake[1]: *** [CMakeFiles/Makefile2:181: CMakeFiles/CoordinateCalculations.dir/all] Error 2
[2.322s] gmake[1]: *** [CMakeFiles/Makefile2:369: CMakeFiles/SailServoControlNodeLib.dir/all] Error 2
[2.323s] gmake: *** [Makefile:146: all] Error 2
[2.330s] Invoked command in '/home/boat/Desktop/src/boat_control_system_final/build/boat_control_system_final' returned '2': CMAKE_PREFIX_PATH=/opt/ros/humble /usr/bin/cmake --build /home/boat/Desktop/src/boat_control_system_final/build/boat_control_system_final -- -j4 -l4
