-- Found ament_cmake: 1.3.10 (/opt/ros/humble/share/ament_cmake/cmake)
-- Found rclcpp: 16.0.10 (/opt/ros/humble/share/rclcpp/cmake)
-- Found rosidl_generator_c: 3.1.5 (/opt/ros/humble/share/rosidl_generator_c/cmake)
-- Found rosidl_adapter: 3.1.5 (/opt/ros/humble/share/rosidl_adapter/cmake)
-- Found rosidl_generator_cpp: 3.1.5 (/opt/ros/humble/share/rosidl_generator_cpp/cmake)
-- Using all available rosidl_typesupport_c: rosidl_typesupport_fastrtps_c;rosidl_typesupport_introspection_c
-- Using all available rosidl_typesupport_cpp: rosidl_typesupport_fastrtps_cpp;rosidl_typesupport_introspection_cpp
-- Found rmw_implementation_cmake: 6.1.2 (/opt/ros/humble/share/rmw_implementation_cmake/cmake)
-- Found rmw_fastrtps_cpp: 6.2.7 (/opt/ros/humble/share/rmw_fastrtps_cpp/cmake)
-- Using RMW implementation 'rmw_fastrtps_cpp' as default
-- Found sensor_msgs: 4.2.4 (/opt/ros/humble/share/sensor_msgs/cmake)
-- Found ament_lint_auto: 0.12.11 (/opt/ros/humble/share/ament_lint_auto/cmake)
-- Added test 'cppcheck' to perform static code analysis on C / C++ code
-- Configured cppcheck include dirs: /home/boat/Desktop/src/boat_control_system_final/include/boat_control_system_final
-- Configured cppcheck exclude dirs and/or files: 
-- Added test 'flake8' to check Python code syntax and style conventions
-- Added test 'lint_cmake' to check CMake code style
-- Added test 'pep257' to check Python code against some of the docstring style conventions in PEP 257
-- Added test 'uncrustify' to check C / C++ code style
-- Configured uncrustify additional arguments: 
-- Added test 'xmllint' to check XML markup files
-- Configuring done
-- Generating done
-- Build files have been written to: /home/boat/Desktop/src/boat_control_system_final/build/boat_control_system_final
[35m[1mConsolidate compiler generated dependencies of target CoordinateCalculations[0m
[35m[1mConsolidate compiler generated dependencies of target WaypointQueue[0m
[  6%] [32mBuilding CXX object CMakeFiles/RudderControlHelper.dir/src/RudderControlHelper.cpp.o[0m
[ 18%] Built target WaypointQueue
[ 31%] Built target CoordinateCalculations
[35m[1mConsolidate compiler generated dependencies of target WaypointQueueNodeExec[0m
[35m[1mConsolidate compiler generated dependencies of target CoordinateCalculationsNodeLib[0m
[ 56%] Built target WaypointQueueNodeExec
[ 43%] Built target CoordinateCalculationsNodeLib
[35m[1mConsolidate compiler generated dependencies of target CoordinateCalculationsNodeExec[0m
[ 62%] [32mBuilding CXX object CMakeFiles/CoordinateCalculationsNodeExec.dir/src/CoordinateCalculationsNode.cpp.o[0m
[ 68%] [32m[1mLinking CXX static library libRudderControlHelper.a[0m
[ 68%] Built target RudderControlHelper
[35m[1mConsolidate compiler generated dependencies of target RudderServoControlNodeLib[0m
[ 75%] [32mBuilding CXX object CMakeFiles/RudderServoControlNodeLib.dir/src/RudderServoControlNode.cpp.o[0m
[ 81%] [32m[1mLinking CXX executable CoordinateCalculationsNodeExec[0m
[ 81%] Built target CoordinateCalculationsNodeExec
[ 87%] [32m[1mLinking CXX static library libRudderServoControlNodeLib.a[0m
[ 87%] Built target RudderServoControlNodeLib
[35m[1mConsolidate compiler generated dependencies of target RudderServoControlNodeExec[0m
[ 93%] [32mBuilding CXX object CMakeFiles/RudderServoControlNodeExec.dir/src/RudderServoControlNode.cpp.o[0m
[100%] [32m[1mLinking CXX executable RudderServoControlNodeExec[0m
/usr/bin/ld: CMakeFiles/RudderServoControlNodeExec.dir/src/RudderServoControlNode.cpp.o: in function `RudderServoControlNode::turnBoat(sensor_msgs::msg::NavSatFix_<std::allocator<void> >)':
RudderServoControlNode.cpp:(.text+0x1690): undefined reference to `CoordinateCalculations::getInstance()'
/usr/bin/ld: RudderServoControlNode.cpp:(.text+0x16b8): undefined reference to `CoordinateCalculations::calculate_directional_bearing[abi:cxx11](sensor_msgs::msg::NavSatFix_<std::allocator<void> >)'
/usr/bin/ld: RudderServoControlNode.cpp:(.text+0x16ec): undefined reference to `CoordinateCalculations::getInstance()'
/usr/bin/ld: RudderServoControlNode.cpp:(.text+0x1724): undefined reference to `CoordinateCalculations::calculate_bearing(sensor_msgs::msg::NavSatFix_<std::allocator<void> >, sensor_msgs::msg::NavSatFix_<std::allocator<void> >)'
/usr/bin/ld: CMakeFiles/RudderServoControlNodeExec.dir/src/RudderServoControlNode.cpp.o: in function `RudderServoControlNode::executeWaypoints()':
RudderServoControlNode.cpp:(.text+0x1b20): undefined reference to `CoordinateCalculations::getInstance()'
/usr/bin/ld: RudderServoControlNode.cpp:(.text+0x1b58): undefined reference to `CoordinateCalculations::calculate_distance(sensor_msgs::msg::NavSatFix_<std::allocator<void> >, sensor_msgs::msg::NavSatFix_<std::allocator<void> >)'
/usr/bin/ld: RudderServoControlNode.cpp:(.text+0x1c30): undefined reference to `CoordinateCalculations::getInstance()'
/usr/bin/ld: RudderServoControlNode.cpp:(.text+0x1c68): undefined reference to `CoordinateCalculations::calculate_distance(sensor_msgs::msg::NavSatFix_<std::allocator<void> >, sensor_msgs::msg::NavSatFix_<std::allocator<void> >)'
collect2: error: ld returned 1 exit status
gmake[2]: *** [CMakeFiles/RudderServoControlNodeExec.dir/build.make:178: RudderServoControlNodeExec] Error 1
gmake[1]: *** [CMakeFiles/Makefile2:313: CMakeFiles/RudderServoControlNodeExec.dir/all] Error 2
gmake: *** [Makefile:146: all] Error 2
