[0.086s] Invoking command in '/home/boat/Desktop/src/boat_control_system_final/build/boat_control_system_final': CMAKE_PREFIX_PATH=/opt/ros/humble /usr/bin/cmake --build /home/boat/Desktop/src/boat_control_system_final/build/boat_control_system_final -- -j4 -l4
[0.235s] -- Found ament_cmake: 1.3.10 (/opt/ros/humble/share/ament_cmake/cmake)
[1.052s] -- Found rclcpp: 16.0.10 (/opt/ros/humble/share/rclcpp/cmake)
[1.319s] -- Found rosidl_generator_c: 3.1.5 (/opt/ros/humble/share/rosidl_generator_c/cmake)
[1.336s] -- Found rosidl_adapter: 3.1.5 (/opt/ros/humble/share/rosidl_adapter/cmake)
[1.378s] -- Found rosidl_generator_cpp: 3.1.5 (/opt/ros/humble/share/rosidl_generator_cpp/cmake)
[1.439s] -- Using all available rosidl_typesupport_c: rosidl_typesupport_fastrtps_c;rosidl_typesupport_introspection_c
[1.513s] -- Using all available rosidl_typesupport_cpp: rosidl_typesupport_fastrtps_cpp;rosidl_typesupport_introspection_cpp
[1.713s] -- Found rmw_implementation_cmake: 6.1.2 (/opt/ros/humble/share/rmw_implementation_cmake/cmake)
[1.726s] -- Found rmw_fastrtps_cpp: 6.2.7 (/opt/ros/humble/share/rmw_fastrtps_cpp/cmake)
[2.885s] -- Using RMW implementation 'rmw_fastrtps_cpp' as default
[3.178s] -- Found sensor_msgs: 4.2.4 (/opt/ros/humble/share/sensor_msgs/cmake)
[3.387s] -- Found ament_lint_auto: 0.12.11 (/opt/ros/humble/share/ament_lint_auto/cmake)
[5.086s] -- Added test 'cppcheck' to perform static code analysis on C / C++ code
[5.088s] -- Configured cppcheck include dirs: /home/boat/Desktop/src/boat_control_system_final/include/boat_control_system_final
[5.089s] -- Configured cppcheck exclude dirs and/or files: 
[5.249s] -- Added test 'flake8' to check Python code syntax and style conventions
[5.574s] -- Added test 'lint_cmake' to check CMake code style
[5.733s] -- Added test 'pep257' to check Python code against some of the docstring style conventions in PEP 257
[7.000s] -- Added test 'uncrustify' to check C / C++ code style
[7.001s] -- Configured uncrustify additional arguments: 
[7.163s] -- Added test 'xmllint' to check XML markup files
[7.169s] -- Configuring done
[7.473s] -- Generating done
[7.491s] -- Build files have been written to: /home/boat/Desktop/src/boat_control_system_final/build/boat_control_system_final
[7.629s] [35m[1mConsolidate compiler generated dependencies of target CoordinateCalculations[0m
[7.630s] [35m[1mConsolidate compiler generated dependencies of target WaypointQueue[0m
[7.788s] [  6%] [32mBuilding CXX object CMakeFiles/RudderControlHelper.dir/src/RudderControlHelper.cpp.o[0m
[7.881s] [ 18%] Built target WaypointQueue
[7.908s] [ 31%] Built target CoordinateCalculations
[7.980s] [35m[1mConsolidate compiler generated dependencies of target WaypointQueueNodeExec[0m
[8.041s] [35m[1mConsolidate compiler generated dependencies of target CoordinateCalculationsNodeLib[0m
[8.216s] [ 56%] Built target WaypointQueueNodeExec
[8.217s] [ 43%] Built target CoordinateCalculationsNodeLib
[8.278s] [35m[1mConsolidate compiler generated dependencies of target CoordinateCalculationsNodeExec[0m
[8.422s] [ 62%] [32mBuilding CXX object CMakeFiles/CoordinateCalculationsNodeExec.dir/src/CoordinateCalculationsNode.cpp.o[0m
[26.470s] [ 68%] [32m[1mLinking CXX static library libRudderControlHelper.a[0m
[26.656s] [ 68%] Built target RudderControlHelper
[26.712s] [35m[1mConsolidate compiler generated dependencies of target RudderServoControlNodeLib[0m
[26.857s] [ 75%] [32mBuilding CXX object CMakeFiles/RudderServoControlNodeLib.dir/src/RudderServoControlNode.cpp.o[0m
[83.624s] [ 81%] [32m[1mLinking CXX executable CoordinateCalculationsNodeExec[0m
[88.187s] [ 81%] Built target CoordinateCalculationsNodeExec
[101.592s] [ 87%] [32m[1mLinking CXX static library libRudderServoControlNodeLib.a[0m
[103.821s] [ 87%] Built target RudderServoControlNodeLib
[104.251s] [35m[1mConsolidate compiler generated dependencies of target RudderServoControlNodeExec[0m
[104.507s] [ 93%] [32mBuilding CXX object CMakeFiles/RudderServoControlNodeExec.dir/src/RudderServoControlNode.cpp.o[0m
[168.170s] [100%] [32m[1mLinking CXX executable RudderServoControlNodeExec[0m
[171.320s] /usr/bin/ld: CMakeFiles/RudderServoControlNodeExec.dir/src/RudderServoControlNode.cpp.o: in function `RudderServoControlNode::turnBoat(sensor_msgs::msg::NavSatFix_<std::allocator<void> >)':
[171.326s] RudderServoControlNode.cpp:(.text+0x1690): undefined reference to `CoordinateCalculations::getInstance()'
[171.327s] /usr/bin/ld: RudderServoControlNode.cpp:(.text+0x16b8): undefined reference to `CoordinateCalculations::calculate_directional_bearing[abi:cxx11](sensor_msgs::msg::NavSatFix_<std::allocator<void> >)'
[171.328s] /usr/bin/ld: RudderServoControlNode.cpp:(.text+0x16ec): undefined reference to `CoordinateCalculations::getInstance()'
[171.331s] /usr/bin/ld: RudderServoControlNode.cpp:(.text+0x1724): undefined reference to `CoordinateCalculations::calculate_bearing(sensor_msgs::msg::NavSatFix_<std::allocator<void> >, sensor_msgs::msg::NavSatFix_<std::allocator<void> >)'
[171.336s] /usr/bin/ld: CMakeFiles/RudderServoControlNodeExec.dir/src/RudderServoControlNode.cpp.o: in function `RudderServoControlNode::executeWaypoints()':
[171.338s] RudderServoControlNode.cpp:(.text+0x1b20): undefined reference to `CoordinateCalculations::getInstance()'
[171.339s] /usr/bin/ld: RudderServoControlNode.cpp:(.text+0x1b58): undefined reference to `CoordinateCalculations::calculate_distance(sensor_msgs::msg::NavSatFix_<std::allocator<void> >, sensor_msgs::msg::NavSatFix_<std::allocator<void> >)'
[171.341s] /usr/bin/ld: RudderServoControlNode.cpp:(.text+0x1c30): undefined reference to `CoordinateCalculations::getInstance()'
[171.343s] /usr/bin/ld: RudderServoControlNode.cpp:(.text+0x1c68): undefined reference to `CoordinateCalculations::calculate_distance(sensor_msgs::msg::NavSatFix_<std::allocator<void> >, sensor_msgs::msg::NavSatFix_<std::allocator<void> >)'
[171.785s] collect2: error: ld returned 1 exit status
[171.790s] gmake[2]: *** [CMakeFiles/RudderServoControlNodeExec.dir/build.make:178: RudderServoControlNodeExec] Error 1
[171.792s] gmake[1]: *** [CMakeFiles/Makefile2:313: CMakeFiles/RudderServoControlNodeExec.dir/all] Error 2
[171.793s] gmake: *** [Makefile:146: all] Error 2
[171.829s] Invoked command in '/home/boat/Desktop/src/boat_control_system_final/build/boat_control_system_final' returned '2': CMAKE_PREFIX_PATH=/opt/ros/humble /usr/bin/cmake --build /home/boat/Desktop/src/boat_control_system_final/build/boat_control_system_final -- -j4 -l4
