[0.069s] Invoking command in '/home/boat/Desktop/src/boat_control_system_final/build/boat_control_system_final': CMAKE_PREFIX_PATH=/opt/ros/humble /usr/bin/cmake --build /home/boat/Desktop/src/boat_control_system_final/build/boat_control_system_final -- -j4 -l4
[0.270s] [35m[1mConsolidate compiler generated dependencies of target CoordinateCalculationsNode[0m
[0.340s] [ 33%] Built target WaypointQueue
[0.402s] [35m[1mConsolidate compiler generated dependencies of target WaypointQueueNode[0m
[0.410s] [ 50%] [32mBuilding CXX object CMakeFiles/CoordinateCalculationsNode.dir/src/CoordinateCalculationsNode.cpp.o[0m
[0.517s] [ 66%] [32mBuilding CXX object CMakeFiles/WaypointQueueNode.dir/src/WaypointQueueNode.cpp.o[0m
[13.871s] [01m[K/home/boat/Desktop/src/boat_control_system_final/src/CoordinateCalculationsNode.cpp:[m[K In constructor â€˜[01m[KCoordinateCalculationsNode::CoordinateCalculationsNode()[m[Kâ€™:
[13.872s] [01m[K/home/boat/Desktop/src/boat_control_system_final/src/CoordinateCalculationsNode.cpp:13:5:[m[K [01;31m[Kerror: [m[Kâ€˜[01m[Kfinal_waypoint_publisher[m[Kâ€™ was not declared in this scope; did you mean â€˜[01m[Kfinal_waypoint_publisher_[m[Kâ€™?
[13.873s]    13 |     [01;31m[Kfinal_waypoint_publisher[m[K = this->create_publisher<sensor_msgs::msg::NavSatFix>(
[13.874s]       |     [01;31m[K^~~~~~~~~~~~~~~~~~~~~~~~[m[K
[13.874s]       |     [32m[Kfinal_waypoint_publisher_[m[K
[32.366s] gmake[2]: *** [CMakeFiles/CoordinateCalculationsNode.dir/build.make:76: CMakeFiles/CoordinateCalculationsNode.dir/src/CoordinateCalculationsNode.cpp.o] Error 1
[32.367s] gmake[1]: *** [CMakeFiles/Makefile2:167: CMakeFiles/CoordinateCalculationsNode.dir/all] Error 2
[32.367s] gmake[1]: *** Waiting for unfinished jobs....
[63.437s] [ 83%] [32m[1mLinking CXX executable WaypointQueueNode[0m
[67.096s] [ 83%] Built target WaypointQueueNode
[67.101s] gmake: *** [Makefile:146: all] Error 2
[67.109s] Invoked command in '/home/boat/Desktop/src/boat_control_system_final/build/boat_control_system_final' returned '2': CMAKE_PREFIX_PATH=/opt/ros/humble /usr/bin/cmake --build /home/boat/Desktop/src/boat_control_system_final/build/boat_control_system_final -- -j4 -l4
