-- Found ament_cmake: 1.3.10 (/opt/ros/humble/share/ament_cmake/cmake)
-- Found rclcpp: 16.0.10 (/opt/ros/humble/share/rclcpp/cmake)
-- Found rosidl_generator_c: 3.1.5 (/opt/ros/humble/share/rosidl_generator_c/cmake)
-- Found rosidl_adapter: 3.1.5 (/opt/ros/humble/share/rosidl_adapter/cmake)
-- Found rosidl_generator_cpp: 3.1.5 (/opt/ros/humble/share/rosidl_generator_cpp/cmake)
-- Using all available rosidl_typesupport_c: rosidl_typesupport_fastrtps_c;rosidl_typesupport_introspection_c
-- Using all available rosidl_typesupport_cpp: rosidl_typesupport_fastrtps_cpp;rosidl_typesupport_introspection_cpp
-- Found rmw_implementation_cmake: 6.1.2 (/opt/ros/humble/share/rmw_implementation_cmake/cmake)
-- Found rmw_fastrtps_cpp: 6.2.7 (/opt/ros/humble/share/rmw_fastrtps_cpp/cmake)
-- Using RMW implementation 'rmw_fastrtps_cpp' as default
-- Found sensor_msgs: 4.2.4 (/opt/ros/humble/share/sensor_msgs/cmake)
-- Found ament_lint_auto: 0.12.11 (/opt/ros/humble/share/ament_lint_auto/cmake)
-- Added test 'cppcheck' to perform static code analysis on C / C++ code
-- Configured cppcheck include dirs: /home/boat/Desktop/src/boat_control_system_final/include/boat_control_system_final
-- Configured cppcheck exclude dirs and/or files: 
-- Added test 'flake8' to check Python code syntax and style conventions
-- Added test 'lint_cmake' to check CMake code style
-- Added test 'pep257' to check Python code against some of the docstring style conventions in PEP 257
-- Added test 'uncrustify' to check C / C++ code style
-- Configured uncrustify additional arguments: 
-- Added test 'xmllint' to check XML markup files
-- Configuring done
-- Generating done
-- Build files have been written to: /home/boat/Desktop/src/boat_control_system_final/build/boat_control_system_final
[35m[1mConsolidate compiler generated dependencies of target WaypointQueue[0m
[35m[1mConsolidate compiler generated dependencies of target CoordinateCalculations[0m
[35m[1mConsolidate compiler generated dependencies of target RudderControlHelper[0m
[  5%] [32mBuilding CXX object CMakeFiles/SailServoControlNodeLib.dir/src/SailServoControlNode.cpp.o[0m
[ 15%] Built target WaypointQueue
[ 25%] Built target CoordinateCalculations
[ 30%] [32mBuilding CXX object CMakeFiles/waypoint_queue_node_exec.dir/src/WaypointQueueNode.cpp.o[0m
[ 40%] Built target RudderControlHelper
[35m[1mConsolidate compiler generated dependencies of target CoordinateCalculationsNodeLib[0m
[35m[1mConsolidate compiler generated dependencies of target RudderServoControlNodeLib[0m
[ 50%] Built target CoordinateCalculationsNodeLib
[ 60%] Built target RudderServoControlNodeLib
[ 65%] [32mBuilding CXX object CMakeFiles/coordinate_calculations_node_exec.dir/src/CoordinateCalculationsNode.cpp.o[0m
[ 70%] [32mBuilding CXX object CMakeFiles/rudder_servo_control_exec.dir/src/RudderServoControlNode.cpp.o[0m
[01m[K/home/boat/Desktop/src/boat_control_system_final/src/SailServoControlNode.cpp:10:1:[m[K [01;31m[Kerror: [m[Kâ€˜[01m[KSailServoControlNode[m[Kâ€™ does not name a type
   10 | [01;31m[KSailServoControlNode[m[K::SailServoControlNode() : Node("sail_servo_control_node"), autonomous_mode_(true)
      | [01;31m[K^~~~~~~~~~~~~~~~~~~~[m[K
[01m[K/home/boat/Desktop/src/boat_control_system_final/src/SailServoControlNode.cpp:25:6:[m[K [01;31m[Kerror: [m[Kâ€˜[01m[KSailServoControlNode[m[Kâ€™ has not been declared
   25 | void [01;31m[KSailServoControlNode[m[K::windCallback(const std_msgs::msg::Float32::SharedPtr msg)
      |      [01;31m[K^~~~~~~~~~~~~~~~~~~~[m[K
[01m[K/home/boat/Desktop/src/boat_control_system_final/src/SailServoControlNode.cpp:[m[K In function â€˜[01m[Kvoid windCallback(std_msgs::msg::Float32_<std::allocator<void> >::SharedPtr)[m[Kâ€™:
[01m[K/home/boat/Desktop/src/boat_control_system_final/src/SailServoControlNode.cpp:27:5:[m[K [01;31m[Kerror: [m[Kâ€˜[01m[Klatest_wind_data_[m[Kâ€™ was not declared in this scope
   27 |     [01;31m[Klatest_wind_data_[m[K = *msg;  // Update the latest wind angle data
      |     [01;31m[K^~~~~~~~~~~~~~~~~[m[K
[01m[K/home/boat/Desktop/src/boat_control_system_final/src/SailServoControlNode.cpp:28:18:[m[K [01;31m[Kerror: [m[Kâ€˜[01m[Klatest_wind_data[m[Kâ€™ was not declared in this scope
   28 |     setSailServo([01;31m[Klatest_wind_data[m[K);
      |                  [01;31m[K^~~~~~~~~~~~~~~~[m[K
[01m[K/home/boat/Desktop/src/boat_control_system_final/src/SailServoControlNode.cpp:28:5:[m[K [01;31m[Kerror: [m[Kâ€˜[01m[KsetSailServo[m[Kâ€™ was not declared in this scope
   28 |     [01;31m[KsetSailServo[m[K(latest_wind_data);
      |     [01;31m[K^~~~~~~~~~~~[m[K
In file included from [01m[K/opt/ros/humble/include/rclcpp/rclcpp/client.hpp:40[m[K,
                 from [01m[K/opt/ros/humble/include/rclcpp/rclcpp/callback_group.hpp:24[m[K,
                 from [01m[K/opt/ros/humble/include/rclcpp/rclcpp/any_executable.hpp:20[m[K,
                 from [01m[K/opt/ros/humble/include/rclcpp/rclcpp/memory_strategy.hpp:25[m[K,
                 from [01m[K/opt/ros/humble/include/rclcpp/rclcpp/memory_strategies.hpp:18[m[K,
                 from [01m[K/opt/ros/humble/include/rclcpp/rclcpp/executor_options.hpp:20[m[K,
                 from [01m[K/opt/ros/humble/include/rclcpp/rclcpp/executor.hpp:37[m[K,
                 from [01m[K/opt/ros/humble/include/rclcpp/rclcpp/executors/multi_threaded_executor.hpp:25[m[K,
                 from [01m[K/opt/ros/humble/include/rclcpp/rclcpp/executors.hpp:21[m[K,
                 from [01m[K/opt/ros/humble/include/rclcpp/rclcpp/rclcpp.hpp:155[m[K,
                 from [01m[K/home/boat/Desktop/src/boat_control_system_final/src/SailServoControlNode.cpp:8[m[K:
[01m[K/home/boat/Desktop/src/boat_control_system_final/src/SailServoControlNode.cpp:29:17:[m[K [01;31m[Kerror: [m[Kinvalid use of â€˜[01m[Kthis[m[Kâ€™ in non-member function
   29 |     RCLCPP_INFO([01;31m[Kthis[m[K->get_logger(), "Wind Data recieved, Setting sail servo to: [angle: %.6f]",
      |                 [01;31m[K^~~~[m[K
[01m[K/home/boat/Desktop/src/boat_control_system_final/src/SailServoControlNode.cpp:29:17:[m[K [01;31m[Kerror: [m[Kinvalid use of â€˜[01m[Kthis[m[Kâ€™ in non-member function
[01m[K/home/boat/Desktop/src/boat_control_system_final/src/SailServoControlNode.cpp:29:5:[m[K [01;31m[Kerror: [m[Ktemplate argument 1 is invalid
   29 |     [01;31m[KRCLCPP_INFO[m[K(this->get_logger(), "Wind Data recieved, Setting sail servo to: [angle: %.6f]",
      |     [01;31m[K^~~~~~~~~~~[m[K
[01m[K/home/boat/Desktop/src/boat_control_system_final/src/SailServoControlNode.cpp:29:5:[m[K [01;31m[Kerror: [m[Ktemplate argument 1 is invalid
   29 |     [01;31m[KRCLCPP_INFO[m[K(this->get_logger(), "Wind Data recieved, Setting sail servo to: [angle: %.6f]",
      |     [01;31m[K^~~~~~~~~~~[m[K
[01m[K/home/boat/Desktop/src/boat_control_system_final/src/SailServoControlNode.cpp:29:5:[m[K [01;31m[Kerror: [m[Ktemplate argument 1 is invalid
   29 |     [01;31m[KRCLCPP_INFO[m[K(this->get_logger(), "Wind Data recieved, Setting sail servo to: [angle: %.6f]",
      |     [01;31m[K^~~~~~~~~~~[m[K
In file included from [01m[K/opt/ros/humble/include/rclcpp/rclcpp/logging.hpp:24[m[K,
                 from [01m[K/opt/ros/humble/include/rclcpp/rclcpp/client.hpp:40[m[K,
                 from [01m[K/opt/ros/humble/include/rclcpp/rclcpp/callback_group.hpp:24[m[K,
                 from [01m[K/opt/ros/humble/include/rclcpp/rclcpp/any_executable.hpp:20[m[K,
                 from [01m[K/opt/ros/humble/include/rclcpp/rclcpp/memory_strategy.hpp:25[m[K,
                 from [01m[K/opt/ros/humble/include/rclcpp/rclcpp/memory_strategies.hpp:18[m[K,
                 from [01m[K/opt/ros/humble/include/rclcpp/rclcpp/executor_options.hpp:20[m[K,
                 from [01m[K/opt/ros/humble/include/rclcpp/rclcpp/executor.hpp:37[m[K,
                 from [01m[K/opt/ros/humble/include/rclcpp/rclcpp/executors/multi_threaded_executor.hpp:25[m[K,
                 from [01m[K/opt/ros/humble/include/rclcpp/rclcpp/executors.hpp:21[m[K,
                 from [01m[K/opt/ros/humble/include/rclcpp/rclcpp/rclcpp.hpp:155[m[K,
                 from [01m[K/home/boat/Desktop/src/boat_control_system_final/src/SailServoControlNode.cpp:8[m[K:
[01m[K/home/boat/Desktop/src/boat_control_system_final/src/SailServoControlNode.cpp:29:17:[m[K [01;31m[Kerror: [m[Kinvalid use of â€˜[01m[Kthis[m[Kâ€™ in non-member function
   29 |     RCLCPP_INFO([01;31m[Kthis[m[K->get_logger(), "Wind Data recieved, Setting sail servo to: [angle: %.6f]",
      |                 [01;31m[K^~~~[m[K
[01m[K/home/boat/Desktop/src/boat_control_system_final/src/SailServoControlNode.cpp:29:17:[m[K [01;31m[Kerror: [m[Kinvalid use of â€˜[01m[Kthis[m[Kâ€™ in non-member function
   29 |     RCLCPP_INFO([01;31m[Kthis[m[K->get_logger(), "Wind Data recieved, Setting sail servo to: [angle: %.6f]",
      |                 [01;31m[K^~~~[m[K
[01m[K/home/boat/Desktop/src/boat_control_system_final/src/SailServoControlNode.cpp:[m[K At global scope:
[01m[K/home/boat/Desktop/src/boat_control_system_final/src/SailServoControlNode.cpp:35:6:[m[K [01;31m[Kerror: [m[Kâ€˜[01m[KSailServoControlNode[m[Kâ€™ has not been declared
   35 | void [01;31m[KSailServoControlNode[m[K::setSailServo(float angle)
      |      [01;31m[K^~~~~~~~~~~~~~~~~~~~[m[K
[01m[K/home/boat/Desktop/src/boat_control_system_final/src/SailServoControlNode.cpp:[m[K In function â€˜[01m[Kvoid setSailServo(float)[m[Kâ€™:
[01m[K/home/boat/Desktop/src/boat_control_system_final/src/SailServoControlNode.cpp:39:5:[m[K [01;31m[Kerror: [m[Kâ€˜[01m[Ksail_angle_publisher_[m[Kâ€™ was not declared in this scope
   39 |     [01;31m[Ksail_angle_publisher_[m[K->publish(msg);
      |     [01;31m[K^~~~~~~~~~~~~~~~~~~~~[m[K
In file included from [01m[K/opt/ros/humble/include/rclcpp/rclcpp/client.hpp:40[m[K,
                 from [01m[K/opt/ros/humble/include/rclcpp/rclcpp/callback_group.hpp:24[m[K,
                 from [01m[K/opt/ros/humble/include/rclcpp/rclcpp/any_executable.hpp:20[m[K,
                 from [01m[K/opt/ros/humble/include/rclcpp/rclcpp/memory_strategy.hpp:25[m[K,
                 from [01m[K/opt/ros/humble/include/rclcpp/rclcpp/memory_strategies.hpp:18[m[K,
                 from [01m[K/opt/ros/humble/include/rclcpp/rclcpp/executor_options.hpp:20[m[K,
                 from [01m[K/opt/ros/humble/include/rclcpp/rclcpp/executor.hpp:37[m[K,
                 from [01m[K/opt/ros/humble/include/rclcpp/rclcpp/executors/multi_threaded_executor.hpp:25[m[K,
                 from [01m[K/opt/ros/humble/include/rclcpp/rclcpp/executors.hpp:21[m[K,
                 from [01m[K/opt/ros/humble/include/rclcpp/rclcpp/rclcpp.hpp:155[m[K,
                 from [01m[K/home/boat/Desktop/src/boat_control_system_final/src/SailServoControlNode.cpp:8[m[K:
[01m[K/home/boat/Desktop/src/boat_control_system_final/src/SailServoControlNode.cpp:40:17:[m[K [01;31m[Kerror: [m[Kinvalid use of â€˜[01m[Kthis[m[Kâ€™ in non-member function
   40 |     RCLCPP_INFO([01;31m[Kthis[m[K->get_logger(), "Setting sail servo to angle: %.2f", angle);
      |                 [01;31m[K^~~~[m[K
[01m[K/home/boat/Desktop/src/boat_control_system_final/src/SailServoControlNode.cpp:40:17:[m[K [01;31m[Kerror: [m[Kinvalid use of â€˜[01m[Kthis[m[Kâ€™ in non-member function
[01m[K/home/boat/Desktop/src/boat_control_system_final/src/SailServoControlNode.cpp:40:5:[m[K [01;31m[Kerror: [m[Ktemplate argument 1 is invalid
   40 |     [01;31m[KRCLCPP_INFO[m[K(this->get_logger(), "Setting sail servo to angle: %.2f", angle);
      |     [01;31m[K^~~~~~~~~~~[m[K
[01m[K/home/boat/Desktop/src/boat_control_system_final/src/SailServoControlNode.cpp:40:5:[m[K [01;31m[Kerror: [m[Ktemplate argument 1 is invalid
   40 |     [01;31m[KRCLCPP_INFO[m[K(this->get_logger(), "Setting sail servo to angle: %.2f", angle);
      |     [01;31m[K^~~~~~~~~~~[m[K
[01m[K/home/boat/Desktop/src/boat_control_system_final/src/SailServoControlNode.cpp:40:5:[m[K [01;31m[Kerror: [m[Ktemplate argument 1 is invalid
   40 |     [01;31m[KRCLCPP_INFO[m[K(this->get_logger(), "Setting sail servo to angle: %.2f", angle);
      |     [01;31m[K^~~~~~~~~~~[m[K
In file included from [01m[K/opt/ros/humble/include/rclcpp/rclcpp/logging.hpp:24[m[K,
                 from [01m[K/opt/ros/humble/include/rclcpp/rclcpp/client.hpp:40[m[K,
                 from [01m[K/opt/ros/humble/include/rclcpp/rclcpp/callback_group.hpp:24[m[K,
                 from [01m[K/opt/ros/humble/include/rclcpp/rclcpp/any_executable.hpp:20[m[K,
                 from [01m[K/opt/ros/humble/include/rclcpp/rclcpp/memory_strategy.hpp:25[m[K,
                 from [01m[K/opt/ros/humble/include/rclcpp/rclcpp/memory_strategies.hpp:18[m[K,
                 from [01m[K/opt/ros/humble/include/rclcpp/rclcpp/executor_options.hpp:20[m[K,
                 from [01m[K/opt/ros/humble/include/rclcpp/rclcpp/executor.hpp:37[m[K,
                 from [01m[K/opt/ros/humble/include/rclcpp/rclcpp/executors/multi_threaded_executor.hpp:25[m[K,
                 from [01m[K/opt/ros/humble/include/rclcpp/rclcpp/executors.hpp:21[m[K,
                 from [01m[K/opt/ros/humble/include/rclcpp/rclcpp/rclcpp.hpp:155[m[K,
                 from [01m[K/home/boat/Desktop/src/boat_control_system_final/src/SailServoControlNode.cpp:8[m[K:
[01m[K/home/boat/Desktop/src/boat_control_system_final/src/SailServoControlNode.cpp:40:17:[m[K [01;31m[Kerror: [m[Kinvalid use of â€˜[01m[Kthis[m[Kâ€™ in non-member function
   40 |     RCLCPP_INFO([01;31m[Kthis[m[K->get_logger(), "Setting sail servo to angle: %.2f", angle);
      |                 [01;31m[K^~~~[m[K
[01m[K/home/boat/Desktop/src/boat_control_system_final/src/SailServoControlNode.cpp:40:17:[m[K [01;31m[Kerror: [m[Kinvalid use of â€˜[01m[Kthis[m[Kâ€™ in non-member function
   40 |     RCLCPP_INFO([01;31m[Kthis[m[K->get_logger(), "Setting sail servo to angle: %.2f", angle);
      |                 [01;31m[K^~~~[m[K
[01m[K/home/boat/Desktop/src/boat_control_system_final/src/SailServoControlNode.cpp:[m[K In function â€˜[01m[Kint main(int, char**)[m[Kâ€™:
[01m[K/home/boat/Desktop/src/boat_control_system_final/src/SailServoControlNode.cpp:46:35:[m[K [01;31m[Kerror: [m[Kâ€˜[01m[KSailServoControlNode[m[Kâ€™ was not declared in this scope
   46 |     rclcpp::spin(std::make_shared<[01;31m[KSailServoControlNode[m[K>());
      |                                   [01;31m[K^~~~~~~~~~~~~~~~~~~~[m[K
[01m[K/home/boat/Desktop/src/boat_control_system_final/src/SailServoControlNode.cpp:46:56:[m[K [01;31m[Kerror: [m[Kno matching function for call to â€˜[01m[Kmake_shared<<expression error> >()[m[Kâ€™
   46 |     rclcpp::spin([01;31m[Kstd::make_shared<SailServoControlNode>()[m[K);
      |                  [01;31m[K~~~~~~~~~~~~~~~~~~~~~~~~~~~~~~~~~~~~~~^~[m[K
In file included from [01m[K/usr/include/c++/11/memory:77[m[K,
                 from [01m[K/opt/ros/humble/include/std_msgs/std_msgs/msg/detail/string__struct.hpp:10[m[K,
                 from [01m[K/opt/ros/humble/include/std_msgs/std_msgs/msg/string.hpp:7[m[K,
                 from [01m[K/home/boat/Desktop/src/boat_control_system_final/src/SailServoControlNode.cpp:6[m[K:
[01m[K/usr/include/c++/11/bits/shared_ptr.h:875:5:[m[K [01;36m[Knote: [m[Kcandidate: â€˜[01m[Ktemplate<class _Tp, class ... _Args> std::shared_ptr<_Tp> std::make_shared(_Args&& ...)[m[Kâ€™
  875 |     [01;36m[Kmake_shared[m[K(_Args&&... __args)
      |     [01;36m[K^~~~~~~~~~~[m[K
[01m[K/usr/include/c++/11/bits/shared_ptr.h:875:5:[m[K [01;36m[Knote: [m[K  template argument deduction/substitution failed:
[01m[K/home/boat/Desktop/src/boat_control_system_final/src/SailServoControlNode.cpp:46:56:[m[K [01;31m[Kerror: [m[Ktemplate argument 1 is invalid
   46 |     rclcpp::spin([01;31m[Kstd::make_shared<SailServoControlNode>()[m[K);
      |                  [01;31m[K~~~~~~~~~~~~~~~~~~~~~~~~~~~~~~~~~~~~~~^~[m[K
gmake[2]: *** [CMakeFiles/SailServoControlNodeLib.dir/build.make:76: CMakeFiles/SailServoControlNodeLib.dir/src/SailServoControlNode.cpp.o] Error 1
gmake[1]: *** [CMakeFiles/Makefile2:369: CMakeFiles/SailServoControlNodeLib.dir/all] Error 2
gmake[1]: *** Waiting for unfinished jobs....
[ 80%] [32m[1mLinking CXX executable waypoint_queue_node_exec[0m
[ 80%] [32m[1mLinking CXX executable rudder_servo_control_exec[0m
[ 85%] [32m[1mLinking CXX executable coordinate_calculations_node_exec[0m
[ 85%] Built target rudder_servo_control_exec
[ 85%] Built target waypoint_queue_node_exec
[ 85%] Built target coordinate_calculations_node_exec
gmake: *** [Makefile:146: all] Error 2
