[ 14%] Built target WaypointQueue
[ 28%] Built target CoordinateCalculations
[35m[1mConsolidate compiler generated dependencies of target RudderServoControlNodeLib[0m
[ 42%] Built target WaypointQueueNode
[ 57%] Built target RudderServoControlNodeLib
[ 64%] [32mBuilding CXX object CMakeFiles/CoordinateCalculationsNodeLib.dir/src/CoordinateCalculationsNode.cpp.o[0m
[ 71%] [32m[1mLinking CXX static library libCoordinateCalculationsNodeLib.a[0m
[ 71%] Built target CoordinateCalculationsNodeLib
[35m[1mConsolidate compiler generated dependencies of target RudderServoControlNodeExec[0m
[ 78%] [32mBuilding CXX object CMakeFiles/CoordinateCalculationsNodeExec.dir/src/CoordinateCalculationsNode.cpp.o[0m
[ 85%] [32mBuilding CXX object CMakeFiles/RudderServoControlNodeExec.dir/src/RudderServoControlNode.cpp.o[0m
[ 92%] [32m[1mLinking CXX executable RudderServoControlNodeExec[0m
[100%] [32m[1mLinking CXX executable CoordinateCalculationsNodeExec[0m
/usr/bin/ld: libCoordinateCalculationsNodeLib.a(CoordinateCalculationsNode.cpp.o): in function `main':
CoordinateCalculationsNode.cpp:(.text+0x1630): multiple definition of `main'; CMakeFiles/RudderServoControlNodeExec.dir/src/RudderServoControlNode.cpp.o:RudderServoControlNode.cpp:(.text+0x218c): first defined here
/usr/bin/ld: libCoordinateCalculations.a(Coordinate_Calculations.cpp.o): in function `CoordinateCalculations::calculate_directional_bearing[abi:cxx11](sensor_msgs::msg::NavSatFix_<std::allocator<void> >)':
Coordinate_Calculations.cpp:(.text+0x528): undefined reference to `RudderServoControlNode::RudderServoControlNode()'
/usr/bin/ld: Coordinate_Calculations.cpp:(.text+0x530): undefined reference to `RudderServoControlNode::get_magnetometer_heading()'
/usr/bin/ld: Coordinate_Calculations.cpp:(.text+0x544): undefined reference to `RudderServoControlNode::get_curr_pos()'
/usr/bin/ld: Coordinate_Calculations.cpp:(.text+0x668): undefined reference to `RudderServoControlNode::~RudderServoControlNode()'
/usr/bin/ld: Coordinate_Calculations.cpp:(.text+0x6c8): undefined reference to `RudderServoControlNode::~RudderServoControlNode()'
collect2: error: ld returned 1 exit status
gmake[2]: *** [CMakeFiles/CoordinateCalculationsNodeExec.dir/build.make:182: CoordinateCalculationsNodeExec] Error 1
gmake[1]: *** [CMakeFiles/Makefile2:229: CMakeFiles/CoordinateCalculationsNodeExec.dir/all] Error 2
gmake[1]: *** Waiting for unfinished jobs....
collect2: error: ld returned 1 exit status
gmake[2]: *** [CMakeFiles/RudderServoControlNodeExec.dir/build.make:183: RudderServoControlNodeExec] Error 1
gmake[1]: *** [CMakeFiles/Makefile2:310: CMakeFiles/RudderServoControlNodeExec.dir/all] Error 2
gmake: *** [Makefile:146: all] Error 2
