[01m[K/home/boat/Desktop/src/boat_control_system_final/src/RudderServoControlNode.cpp:[m[K In member function â€˜[01m[Kvoid RudderServoControlNode::turnBoat(float)[m[Kâ€™:
[01m[K/home/boat/Desktop/src/boat_control_system_final/src/RudderServoControlNode.cpp:95:116:[m[K [01;31m[Kerror: [m[Kcannot convert â€˜[01m[Kfloat[m[Kâ€™ to â€˜[01m[Ksensor_msgs::msg::NavSatFix[m[Kâ€™ {aka â€˜[01m[Ksensor_msgs::msg::NavSatFix_<std::allocator<void> >[m[Kâ€™}
   95 |         std::tie(turn_direction, turn_angle) = CoordinateCalculations::getInstance().calculate_directional_bearing([01;31m[Kdesired_angle_heading[m[K);
      |                                                                                                                    [01;31m[K^~~~~~~~~~~~~~~~~~~~~[m[K
      |                                                                                                                    [01;31m[K|[m[K
      |                                                                                                                    [01;31m[Kfloat[m[K
In file included from [01m[K/home/boat/Desktop/src/boat_control_system_final/src/RudderServoControlNode.cpp:17[m[K:
[01m[K/home/boat/Desktop/src/boat_control_system_final/include/boat_control_system_final/Coordinate_Calculations.h:59:93:[m[K [01;36m[Knote: [m[K  initializing argument 1 of â€˜[01m[Kstd::pair<std::__cxx11::basic_string<char>, float> CoordinateCalculations::calculate_directional_bearing(sensor_msgs::msg::NavSatFix)[m[Kâ€™
   59 |     std::pair<std::string, float> calculate_directional_bearing([01;36m[Ksensor_msgs::msg::NavSatFix target_waypoint[m[K);
      |                                                                 [01;36m[K~~~~~~~~~~~~~~~~~~~~~~~~~~~~^~~~~~~~~~~~~~~[m[K
gmake[2]: *** [CMakeFiles/RudderServoControlNode.dir/build.make:76: CMakeFiles/RudderServoControlNode.dir/src/RudderServoControlNode.cpp.o] Error 1
gmake[1]: *** [CMakeFiles/Makefile2:281: CMakeFiles/RudderServoControlNode.dir/all] Error 2
gmake: *** [Makefile:146: all] Error 2
