[0.060s] Invoking command in '/home/boat/Desktop/src/boat_control_system_final/build/boat_control_system_final': CMAKE_PREFIX_PATH=/opt/ros/humble /usr/bin/cmake --build /home/boat/Desktop/src/boat_control_system_final/build/boat_control_system_final -- -j4 -l4
[0.261s] [35m[1mConsolidate compiler generated dependencies of target CoordinateCalculations[0m
[0.333s] [ 12%] [32mBuilding CXX object CMakeFiles/CoordinateCalculations.dir/src/Coordinate_Calculations.cpp.o[0m
[0.340s] [ 37%] Built target WaypointQueue
[0.469s] [ 62%] Built target WaypointQueueNode
[3.443s] [01m[K/home/boat/Desktop/src/boat_control_system_final/src/Coordinate_Calculations.cpp:23:7:[m[K [01;31m[Kerror: [m[Kâ€˜[01m[Kfloat CoordinateCalculations::calculate_distance[m[Kâ€™ is not a static data member of â€˜[01m[Kclass CoordinateCalculations[m[Kâ€™
[3.444s]    23 | float [01;31m[KCoordinateCalculations[m[K::calculate_distance(Sensor_msgs::msg::NavSatFix coord1, Sensor_msgs::msg::NavSatFix coord2)
[3.445s]       |       [01;31m[K^~~~~~~~~~~~~~~~~~~~~~[m[K
[3.446s] [01m[K/home/boat/Desktop/src/boat_control_system_final/src/Coordinate_Calculations.cpp:23:50:[m[K [01;31m[Kerror: [m[Kâ€˜[01m[KSensor_msgs[m[Kâ€™ has not been declared
[3.447s]    23 | float CoordinateCalculations::calculate_distance([01;31m[KSensor_msgs[m[K::msg::NavSatFix coord1, Sensor_msgs::msg::NavSatFix coord2)
[3.448s]       |                                                  [01;31m[K^~~~~~~~~~~[m[K
[3.448s] [01m[K/home/boat/Desktop/src/boat_control_system_final/src/Coordinate_Calculations.cpp:23:86:[m[K [01;31m[Kerror: [m[Kâ€˜[01m[KSensor_msgs[m[Kâ€™ has not been declared
[3.449s]    23 | float CoordinateCalculations::calculate_distance(Sensor_msgs::msg::NavSatFix coord1, [01;31m[KSensor_msgs[m[K::msg::NavSatFix coord2)
[3.450s]       |                                                                                      [01;31m[K^~~~~~~~~~~[m[K
[3.450s] [01m[K/home/boat/Desktop/src/boat_control_system_final/src/Coordinate_Calculations.cpp:23:120:[m[K [01;31m[Kerror: [m[Kexpression list treated as compound expression in initializer [[01;31m[K]8;;https://gcc.gnu.org/onlinedocs/gcc/Warning-Options.html#index-fpermissive-fpermissive]8;;[m[K]
[3.451s]    23 | float CoordinateCalculations::calculate_distance(Sensor_msgs::msg::NavSatFix coord1, Sensor_msgs::msg::NavSatFix coord2[01;31m[K)[m[K
[3.452s]       |                                                                                                                        [01;31m[K^[m[K
[3.452s] [01m[K/home/boat/Desktop/src/boat_control_system_final/src/Coordinate_Calculations.cpp:36:7:[m[K [01;31m[Kerror: [m[Kâ€˜[01m[Kfloat CoordinateCalculations::calculate_bearing[m[Kâ€™ is not a static data member of â€˜[01m[Kclass CoordinateCalculations[m[Kâ€™
[3.453s]    36 | float [01;31m[KCoordinateCalculations[m[K::calculate_bearing(Sensor_msgs::msg::NavSatFix curr_coord, Sensor_msgs::msg::NavSatFix tar_coord)
[3.454s]       |       [01;31m[K^~~~~~~~~~~~~~~~~~~~~~[m[K
[3.454s] [01m[K/home/boat/Desktop/src/boat_control_system_final/src/Coordinate_Calculations.cpp:36:49:[m[K [01;31m[Kerror: [m[Kâ€˜[01m[KSensor_msgs[m[Kâ€™ has not been declared
[3.455s]    36 | float CoordinateCalculations::calculate_bearing([01;31m[KSensor_msgs[m[K::msg::NavSatFix curr_coord, Sensor_msgs::msg::NavSatFix tar_coord)
[3.456s]       |                                                 [01;31m[K^~~~~~~~~~~[m[K
[3.456s] [01m[K/home/boat/Desktop/src/boat_control_system_final/src/Coordinate_Calculations.cpp:36:89:[m[K [01;31m[Kerror: [m[Kâ€˜[01m[KSensor_msgs[m[Kâ€™ has not been declared
[3.457s]    36 | float CoordinateCalculations::calculate_bearing(Sensor_msgs::msg::NavSatFix curr_coord, [01;31m[KSensor_msgs[m[K::msg::NavSatFix tar_coord)
[3.458s]       |                                                                                         [01;31m[K^~~~~~~~~~~[m[K
[3.460s] [01m[K/home/boat/Desktop/src/boat_control_system_final/src/Coordinate_Calculations.cpp:36:126:[m[K [01;31m[Kerror: [m[Kexpression list treated as compound expression in initializer [[01;31m[K]8;;https://gcc.gnu.org/onlinedocs/gcc/Warning-Options.html#index-fpermissive-fpermissive]8;;[m[K]
[3.461s]    36 | float CoordinateCalculations::calculate_bearing(Sensor_msgs::msg::NavSatFix curr_coord, Sensor_msgs::msg::NavSatFix tar_coord[01;31m[K)[m[K
[3.462s]       |                                                                                                                              [01;31m[K^[m[K
[3.462s] [01m[K/home/boat/Desktop/src/boat_control_system_final/src/Coordinate_Calculations.cpp:58:1:[m[K [01;31m[Kerror: [m[Kâ€˜[01m[KSensor_msgs[m[Kâ€™ does not name a type
[3.463s]    58 | [01;31m[KSensor_msgs[m[K::msg::NavSatFix CoordinateCalculations::convert_to_position(Sensor_msgs::msg::NavSatFix position, float angle, float distance)
[3.464s]       | [01;31m[K^~~~~~~~~~~[m[K
[3.465s] [01m[K/home/boat/Desktop/src/boat_control_system_final/src/Coordinate_Calculations.cpp:81:31:[m[K [01;31m[Kerror: [m[Kâ€˜[01m[Kstd::pair<std::__cxx11::basic_string<char>, float> CoordinateCalculations::calculate_directional_bearing[m[Kâ€™ is not a static data member of â€˜[01m[Kclass CoordinateCalculations[m[Kâ€™
[3.465s]    81 | std::pair<std::string, float> [01;31m[KCoordinateCalculations[m[K::calculate_directional_bearing(Sensor_msgs::msg::NavSatFix target_waypoint)
[3.466s]       |                               [01;31m[K^~~~~~~~~~~~~~~~~~~~~~[m[K
[3.467s] [01m[K/home/boat/Desktop/src/boat_control_system_final/src/Coordinate_Calculations.cpp:81:85:[m[K [01;31m[Kerror: [m[Kâ€˜[01m[KSensor_msgs[m[Kâ€™ has not been declared
[3.468s]    81 | std::pair<std::string, float> CoordinateCalculations::calculate_directional_bearing([01;31m[KSensor_msgs[m[K::msg::NavSatFix target_waypoint)
[3.468s]       |                                                                                     [01;31m[K^~~~~~~~~~~[m[K
[3.469s] [01m[K/home/boat/Desktop/src/boat_control_system_final/src/Coordinate_Calculations.cpp:82:1:[m[K [01;31m[Kerror: [m[Kexpected â€˜[01m[K,[m[Kâ€™ or â€˜[01m[K;[m[Kâ€™ before â€˜[01m[K{[m[Kâ€™ token
[3.469s]    82 | [01;31m[K{[m[K
[3.470s]       | [01;31m[K^[m[K
[3.483s] [01m[K/home/boat/Desktop/src/boat_control_system_final/src/Coordinate_Calculations.cpp:[m[K In member function â€˜[01m[Kfloat CoordinateCalculations::calculate_angle_to_wind()[m[Kâ€™:
[3.486s] [01m[K/home/boat/Desktop/src/boat_control_system_final/src/Coordinate_Calculations.cpp:118:28:[m[K [01;31m[Kerror: [m[Kâ€˜[01m[Kget_avg_angle[m[Kâ€™ was not declared in this scope
[3.486s]   118 |     float wind_direction = [01;31m[Kget_avg_angle[m[K();
[3.487s]       |                            [01;31m[K^~~~~~~~~~~~~[m[K
[3.508s] [01m[K/home/boat/Desktop/src/boat_control_system_final/src/Coordinate_Calculations.cpp:119:29:[m[K [01;31m[Kerror: [m[Kâ€˜[01m[Kget_heading_lis3mdl[m[Kâ€™ was not declared in this scope
[3.508s]   119 |     float current_heading = [01;31m[Kget_heading_lis3mdl[m[K();
[3.509s]       |                             [01;31m[K^~~~~~~~~~~~~~~~~~~[m[K
[3.514s] [01m[K/home/boat/Desktop/src/boat_control_system_final/src/Coordinate_Calculations.cpp:[m[K At global scope:
[3.514s] [01m[K/home/boat/Desktop/src/boat_control_system_final/src/Coordinate_Calculations.cpp:133:46:[m[K [01;31m[Kerror: [m[Kâ€˜[01m[KSensor_msgs[m[Kâ€™ does not name a type
[3.515s]   133 | void CoordinateCalculations::plan_path(const [01;31m[KSensor_msgs[m[K::msg::NavSatFix& curr_position, const Sensor_msgs::msg::NavSatFix& next_waypoint)
[3.516s]       |                                              [01;31m[K^~~~~~~~~~~[m[K
[3.520s] [01m[K/home/boat/Desktop/src/boat_control_system_final/src/Coordinate_Calculations.cpp:133:62:[m[K [01;31m[Kerror: [m[Kexpected unqualified-id before â€˜[01m[K::[m[Kâ€™ token
[3.520s]   133 | void CoordinateCalculations::plan_path(const Sensor_msgs::msg[01;31m[K::[m[KNavSatFix& curr_position, const Sensor_msgs::msg::NavSatFix& next_waypoint)
[3.521s]       |                                                              [01;31m[K^~[m[K
[3.522s] [01m[K/home/boat/Desktop/src/boat_control_system_final/src/Coordinate_Calculations.cpp:133:62:[m[K [01;31m[Kerror: [m[Kexpected â€˜[01m[K)[m[Kâ€™ before â€˜[01m[K::[m[Kâ€™ token
[3.523s]   133 | void CoordinateCalculations::plan_path[34m[K([m[Kconst Sensor_msgs::msg[01;31m[K:[m[K[32m[K:[m[KNavSatFix& curr_position, const Sensor_msgs::msg::NavSatFix& next_waypoint)
[3.523s]       |                                       [34m[K~[m[K                      [01;31m[K^[m[K[32m[K~[m[K
[3.524s]       |                                                              [32m[K)[m[K
[3.526s] [01m[K/home/boat/Desktop/src/boat_control_system_final/src/Coordinate_Calculations.cpp:133:62:[m[K [01;31m[Kerror: [m[Kexpected initializer before â€˜[01m[K::[m[Kâ€™ token
[3.527s]   133 | void CoordinateCalculations::plan_path(const Sensor_msgs::msg[01;31m[K::[m[KNavSatFix& curr_position, const Sensor_msgs::msg::NavSatFix& next_waypoint)
[3.528s]       |                                                              [01;31m[K^~[m[K
[3.916s] gmake[2]: *** [CMakeFiles/CoordinateCalculations.dir/build.make:76: CMakeFiles/CoordinateCalculations.dir/src/Coordinate_Calculations.cpp.o] Error 1
[3.917s] gmake[1]: *** [CMakeFiles/Makefile2:221: CMakeFiles/CoordinateCalculations.dir/all] Error 2
[3.919s] gmake: *** [Makefile:146: all] Error 2
[3.927s] Invoked command in '/home/boat/Desktop/src/boat_control_system_final/build/boat_control_system_final' returned '2': CMAKE_PREFIX_PATH=/opt/ros/humble /usr/bin/cmake --build /home/boat/Desktop/src/boat_control_system_final/build/boat_control_system_final -- -j4 -l4
