[0.067s] Invoking command in '/home/boat/Desktop/src/boat_control_system_final/build/boat_control_system_final': CMAKE_PREFIX_PATH=/opt/ros/humble /usr/bin/cmake --build /home/boat/Desktop/src/boat_control_system_final/build/boat_control_system_final -- -j4 -l4
[0.288s] [35m[1mConsolidate compiler generated dependencies of target WaypointQueue[0m
[0.404s] [ 25%] [32mBuilding CXX object CMakeFiles/WaypointQueue.dir/src/WaypointQueue.cpp.o[0m
[13.000s] In file included from [01m[K/home/boat/Desktop/src/boat_control_system_final/src/WaypointQueue.cpp:15[m[K:
[13.001s] [01m[K/home/boat/Desktop/src/boat_control_system_final/include/boat_control_system_final/WaypointQueue.hpp:24:10:[m[K [01;31m[Kerror: [m[Kextra qualification â€˜[01m[KWaypointQueue::[m[Kâ€™ on member â€˜[01m[Kinitialize_autonomous_mode[m[Kâ€™ [[01;31m[K]8;;https://gcc.gnu.org/onlinedocs/gcc/Warning-Options.html#index-fpermissive-fpermissive]8;;[m[K]
[13.001s]    24 |     void [01;31m[KWaypointQueue[m[K::initialize_autonomous_mode(std::shared_ptr<rclcpp::Node> node);
[13.002s]       |          [01;31m[K^~~~~~~~~~~~~[m[K
[13.026s] [01m[K/home/boat/Desktop/src/boat_control_system_final/src/WaypointQueue.cpp:[m[K In member function â€˜[01m[Ksensor_msgs::msg::NavSatFix WaypointQueue::get_next_waypoint()[m[Kâ€™:
[13.027s] [01m[K/home/boat/Desktop/src/boat_control_system_final/src/WaypointQueue.cpp:20:12:[m[K [01;31m[Kerror: [m[Kâ€˜[01m[Kwaypoints[m[Kâ€™ was not declared in this scope
[13.028s]    20 |     while ([01;31m[Kwaypoints[m[K.empty() && autonomous_mode)
[13.028s]       |            [01;31m[K^~~~~~~~~[m[K
[13.051s] [01m[K/home/boat/Desktop/src/boat_control_system_final/src/WaypointQueue.cpp:24:10:[m[K [01;31m[Kerror: [m[Kâ€˜[01m[Kwaypoints[m[Kâ€™ was not declared in this scope
[13.051s]    24 |     if (![01;31m[Kwaypoints[m[K.empty())
[13.052s]       |          [01;31m[K^~~~~~~~~[m[K
[13.077s] [01m[K/home/boat/Desktop/src/boat_control_system_final/src/WaypointQueue.cpp:[m[K In member function â€˜[01m[Kstd::size_t WaypointQueue::get_len_queue()[m[Kâ€™:
[13.078s] [01m[K/home/boat/Desktop/src/boat_control_system_final/src/WaypointQueue.cpp:36:12:[m[K [01;31m[Kerror: [m[Kâ€˜[01m[Kwaypoints[m[Kâ€™ was not declared in this scope
[13.078s]    36 |     return [01;31m[Kwaypoints[m[K.size();
[13.079s]       |            [01;31m[K^~~~~~~~~[m[K
[13.099s] [01m[K/home/boat/Desktop/src/boat_control_system_final/src/WaypointQueue.cpp:[m[K In member function â€˜[01m[Kvoid WaypointQueue::add_waypoint(sensor_msgs::msg::NavSatFix)[m[Kâ€™:
[13.104s] [01m[K/home/boat/Desktop/src/boat_control_system_final/src/WaypointQueue.cpp:42:5:[m[K [01;31m[Kerror: [m[Kâ€˜[01m[Kwaypoints[m[Kâ€™ was not declared in this scope; did you mean â€˜[01m[Kwaypoint[m[Kâ€™?
[13.104s]    42 |     [01;31m[Kwaypoints[m[K.push_back(waypoint);
[13.105s]       |     [01;31m[K^~~~~~~~~[m[K
[13.106s]       |     [32m[Kwaypoint[m[K
[13.125s] [01m[K/home/boat/Desktop/src/boat_control_system_final/src/WaypointQueue.cpp:[m[K In member function â€˜[01m[Kvoid WaypointQueue::add_front_waypoint(sensor_msgs::msg::NavSatFix)[m[Kâ€™:
[13.125s] [01m[K/home/boat/Desktop/src/boat_control_system_final/src/WaypointQueue.cpp:49:5:[m[K [01;31m[Kerror: [m[Kâ€˜[01m[Kwaypoints[m[Kâ€™ was not declared in this scope; did you mean â€˜[01m[Kwaypoint[m[Kâ€™?
[13.126s]    49 |     [01;31m[Kwaypoints[m[K.push_front(waypoint);
[13.127s]       |     [01;31m[K^~~~~~~~~[m[K
[13.128s]       |     [32m[Kwaypoint[m[K
[13.150s] [01m[K/home/boat/Desktop/src/boat_control_system_final/src/WaypointQueue.cpp:[m[K In member function â€˜[01m[Kvoid WaypointQueue::clear_queue()[m[Kâ€™:
[13.150s] [01m[K/home/boat/Desktop/src/boat_control_system_final/src/WaypointQueue.cpp:56:13:[m[K [01;31m[Kerror: [m[Kâ€˜[01m[Kwaypoints[m[Kâ€™ was not declared in this scope
[13.151s]    56 |     while (![01;31m[Kwaypoints[m[K.empty())
[13.152s]       |             [01;31m[K^~~~~~~~~[m[K
[13.174s] [01m[K/home/boat/Desktop/src/boat_control_system_final/src/WaypointQueue.cpp:[m[K In member function â€˜[01m[Kbool WaypointQueue::is_empty() const[m[Kâ€™:
[13.174s] [01m[K/home/boat/Desktop/src/boat_control_system_final/src/WaypointQueue.cpp:64:12:[m[K [01;31m[Kerror: [m[Kâ€˜[01m[Kwaypoints[m[Kâ€™ was not declared in this scope
[13.175s]    64 |     return [01;31m[Kwaypoints[m[K.empty();
[13.175s]       |            [01;31m[K^~~~~~~~~[m[K
[14.981s] gmake[2]: *** [CMakeFiles/WaypointQueue.dir/build.make:76: CMakeFiles/WaypointQueue.dir/src/WaypointQueue.cpp.o] Error 1
[14.982s] gmake[1]: *** [CMakeFiles/Makefile2:165: CMakeFiles/WaypointQueue.dir/all] Error 2
[14.985s] gmake: *** [Makefile:146: all] Error 2
[14.990s] Invoked command in '/home/boat/Desktop/src/boat_control_system_final/build/boat_control_system_final' returned '2': CMAKE_PREFIX_PATH=/opt/ros/humble /usr/bin/cmake --build /home/boat/Desktop/src/boat_control_system_final/build/boat_control_system_final -- -j4 -l4
