[0.071s] Invoking command in '/home/boat/Desktop/src/boat_control_system_final/build/boat_control_system_final': CMAKE_PREFIX_PATH=/opt/ros/humble /usr/bin/cmake --build /home/boat/Desktop/src/boat_control_system_final/build/boat_control_system_final -- -j4 -l4
[0.364s] [ 16%] Built target WaypointQueue
[0.373s] [ 33%] Built target CoordinateCalculations
[0.449s] [35m[1mConsolidate compiler generated dependencies of target RudderServoControlNode[0m
[0.546s] [ 50%] Built target CoordinateCalculationsNodeLib
[0.552s] [ 66%] Built target WaypointQueueNode
[0.592s] [ 75%] [32mBuilding CXX object CMakeFiles/RudderServoControlNode.dir/src/RudderServoControlNode.cpp.o[0m
[0.715s] [ 91%] Built target CoordinateCalculationsNodeExec
[12.077s] In file included from [01m[K/home/boat/Desktop/src/boat_control_system_final/src/RudderServoControlNode.cpp:15[m[K:
[12.078s] [01m[K/home/boat/Desktop/src/boat_control_system_final/include/boat_control_system_final/RudderServoControlNode.hpp:41:5:[m[K [01;31m[Kerror: [m[Kâ€˜[01m[KDatatypes[m[Kâ€™ does not name a type
[12.078s]    41 |     [01;31m[KDatatypes[m[K::Coordinate get_next_waypoint(); // If Datatypes is defined elsewhere, include necessary files
[12.079s]       |     [01;31m[K^~~~~~~~~[m[K
[12.811s] [01m[K/home/boat/Desktop/src/boat_control_system_final/src/RudderServoControlNode.cpp:[m[K In member function â€˜[01m[Kvoid RudderServoControlNode::executeWaypoints()[m[Kâ€™:
[12.811s] [01m[K/home/boat/Desktop/src/boat_control_system_final/src/RudderServoControlNode.cpp:130:22:[m[K [01;31m[Kerror: [m[Kâ€˜[01m[KcalculateBearing[m[Kâ€™ was not declared in this scope
[12.812s]   130 |             turnBoat([01;31m[KcalculateBearing[m[K(getCurrCoordinate(), next_waypoint.latitude)); // Assuming `calculateBearing` returns a heading in degrees
[12.812s]       |                      [01;31m[K^~~~~~~~~~~~~~~~[m[K
[26.162s] gmake[2]: *** [CMakeFiles/RudderServoControlNode.dir/build.make:76: CMakeFiles/RudderServoControlNode.dir/src/RudderServoControlNode.cpp.o] Error 1
[26.163s] gmake[1]: *** [CMakeFiles/Makefile2:281: CMakeFiles/RudderServoControlNode.dir/all] Error 2
[26.164s] gmake: *** [Makefile:146: all] Error 2
[26.173s] Invoked command in '/home/boat/Desktop/src/boat_control_system_final/build/boat_control_system_final' returned '2': CMAKE_PREFIX_PATH=/opt/ros/humble /usr/bin/cmake --build /home/boat/Desktop/src/boat_control_system_final/build/boat_control_system_final -- -j4 -l4
