[ 20%] Built target WaypointQueue
[ 40%] Built target CoordinateCalculations
[35m[1mConsolidate compiler generated dependencies of target CoordinateCalculationsNodeLib[0m
[ 60%] Built target WaypointQueueNode
[ 70%] [32mBuilding CXX object CMakeFiles/CoordinateCalculationsNodeLib.dir/src/CoordinateCalculationsNode.cpp.o[0m
[ 80%] [32m[1mLinking CXX static library libCoordinateCalculationsNodeLib.a[0m
[ 80%] Built target CoordinateCalculationsNodeLib
[35m[1mConsolidate compiler generated dependencies of target CoordinateCalculationsNodeExec[0m
[ 90%] [32mBuilding CXX object CMakeFiles/CoordinateCalculationsNodeExec.dir/src/CoordinateCalculationsNode.cpp.o[0m
[100%] [32m[1mLinking CXX executable CoordinateCalculationsNodeExec[0m
/usr/bin/ld: CMakeFiles/CoordinateCalculationsNodeExec.dir/src/CoordinateCalculationsNode.cpp.o: in function `CoordinateCalculationsNode::waypointCallback(std::shared_ptr<sensor_msgs::msg::NavSatFix_<std::allocator<void> > >)':
CoordinateCalculationsNode.cpp:(.text+0xb0c): undefined reference to `CoordinateCalculations::getInstance()'
/usr/bin/ld: libCoordinateCalculations.a(Coordinate_Calculations.cpp.o): in function `CoordinateCalculations::plan_path(sensor_msgs::msg::NavSatFix_<std::allocator<void> > const&, sensor_msgs::msg::NavSatFix_<std::allocator<void> > const&)':
Coordinate_Calculations.cpp:(.text+0x7a4): undefined reference to `CoordinateCalculations::getInstance()'
/usr/bin/ld: Coordinate_Calculations.cpp:(.text+0x854): undefined reference to `CoordinateCalculations::getInstance()'
/usr/bin/ld: Coordinate_Calculations.cpp:(.text+0x954): undefined reference to `CoordinateCalculations::getInstance()'
/usr/bin/ld: Coordinate_Calculations.cpp:(.text+0x99c): undefined reference to `CoordinateCalculations::getInstance()'
collect2: error: ld returned 1 exit status
gmake[2]: *** [CMakeFiles/CoordinateCalculationsNodeExec.dir/build.make:178: CoordinateCalculationsNodeExec] Error 1
gmake[1]: *** [CMakeFiles/Makefile2:226: CMakeFiles/CoordinateCalculationsNodeExec.dir/all] Error 2
gmake: *** [Makefile:146: all] Error 2
