[0.069s] Invoking command in '/home/boat/Desktop/src/boat_control_system_final/build/boat_control_system_final': CMAKE_PREFIX_PATH=/opt/ros/humble /usr/bin/cmake --build /home/boat/Desktop/src/boat_control_system_final/build/boat_control_system_final -- -j4 -l4
[0.184s] -- Found ament_cmake: 1.3.10 (/opt/ros/humble/share/ament_cmake/cmake)
[0.845s] -- Found rclcpp: 16.0.10 (/opt/ros/humble/share/rclcpp/cmake)
[1.046s] -- Found rosidl_generator_c: 3.1.5 (/opt/ros/humble/share/rosidl_generator_c/cmake)
[1.058s] -- Found rosidl_adapter: 3.1.5 (/opt/ros/humble/share/rosidl_adapter/cmake)
[1.086s] -- Found rosidl_generator_cpp: 3.1.5 (/opt/ros/humble/share/rosidl_generator_cpp/cmake)
[1.132s] -- Using all available rosidl_typesupport_c: rosidl_typesupport_fastrtps_c;rosidl_typesupport_introspection_c
[1.190s] -- Using all available rosidl_typesupport_cpp: rosidl_typesupport_fastrtps_cpp;rosidl_typesupport_introspection_cpp
[1.340s] -- Found rmw_implementation_cmake: 6.1.2 (/opt/ros/humble/share/rmw_implementation_cmake/cmake)
[1.346s] -- Found rmw_fastrtps_cpp: 6.2.7 (/opt/ros/humble/share/rmw_fastrtps_cpp/cmake)
[2.437s] -- Using RMW implementation 'rmw_fastrtps_cpp' as default
[2.658s] -- Found sensor_msgs: 4.2.4 (/opt/ros/humble/share/sensor_msgs/cmake)
[2.808s] -- Found ament_lint_auto: 0.12.11 (/opt/ros/humble/share/ament_lint_auto/cmake)
[4.271s] -- Added test 'cppcheck' to perform static code analysis on C / C++ code
[4.273s] -- Configured cppcheck include dirs: /home/boat/Desktop/src/boat_control_system_final/include/boat_control_system_final
[4.274s] -- Configured cppcheck exclude dirs and/or files: 
[4.411s] -- Added test 'flake8' to check Python code syntax and style conventions
[4.688s] -- Added test 'lint_cmake' to check CMake code style
[4.827s] -- Added test 'pep257' to check Python code against some of the docstring style conventions in PEP 257
[5.936s] -- Added test 'uncrustify' to check C / C++ code style
[5.937s] -- Configured uncrustify additional arguments: 
[6.074s] -- Added test 'xmllint' to check XML markup files
[6.079s] -- Configuring done
[6.248s] -- Generating done
[6.264s] -- Build files have been written to: /home/boat/Desktop/src/boat_control_system_final/build/boat_control_system_final
[6.382s] [35m[1mConsolidate compiler generated dependencies of target WaypointQueue[0m
[6.385s] [35m[1mConsolidate compiler generated dependencies of target CoordinateCalculations[0m
[6.435s] [  7%] [32mBuilding CXX object CMakeFiles/RudderServoControlNodeLib.dir/src/RudderServoControlNode.cpp.o[0m
[6.512s] [ 21%] Built target CoordinateCalculations
[6.593s] [ 35%] Built target WaypointQueue
[6.674s] [35m[1mConsolidate compiler generated dependencies of target CoordinateCalculationsNodeLib[0m
[6.713s] [35m[1mConsolidate compiler generated dependencies of target RudderServoControlNodeExec[0m
[6.719s] [35m[1mConsolidate compiler generated dependencies of target WaypointQueueNode[0m
[6.827s] [ 50%] Built target CoordinateCalculationsNodeLib
[6.832s] [01m[K/home/boat/Desktop/src/boat_control_system_final/src/RudderServoControlNode.cpp:11:10:[m[K [01;31m[Kfatal error: [m[Kstd_msgs/msg/string.hpp: No such file or directory
[6.833s]    11 | #include [01;31m[K<std_msgs/msg/string.hpp>[m[K
[6.834s]       |          [01;31m[K^~~~~~~~~~~~~~~~~~~~~~~~~[m[K
[6.835s] compilation terminated.
[6.847s] gmake[2]: *** [CMakeFiles/RudderServoControlNodeLib.dir/build.make:76: CMakeFiles/RudderServoControlNodeLib.dir/src/RudderServoControlNode.cpp.o] Error 1
[6.849s] gmake[1]: *** [CMakeFiles/Makefile2:282: CMakeFiles/RudderServoControlNodeLib.dir/all] Error 2
[6.851s] gmake[1]: *** Waiting for unfinished jobs....
[6.888s] [ 57%] [32m[1mLinking CXX executable RudderServoControlNodeExec[0m
[6.903s] [35m[1mConsolidate compiler generated dependencies of target CoordinateCalculationsNodeExec[0m
[6.920s] [ 71%] Built target WaypointQueueNode
[7.033s] [ 78%] [32m[1mLinking CXX executable CoordinateCalculationsNodeExec[0m
[7.384s] /usr/bin/ld: cannot find -lCoordinateCalculationsNode: No such file or directory
[9.134s] collect2: error: ld returned 1 exit status
[9.141s] gmake[2]: *** [CMakeFiles/RudderServoControlNodeExec.dir/build.make:177: RudderServoControlNodeExec] Error 1
[9.142s] /usr/bin/ld: cannot find -lRudderServoControlNode: No such file or directory
[9.142s] gmake[1]: *** [CMakeFiles/Makefile2:309: CMakeFiles/RudderServoControlNodeExec.dir/all] Error 2
[9.261s] collect2: error: ld returned 1 exit status
[9.268s] gmake[2]: *** [CMakeFiles/CoordinateCalculationsNodeExec.dir/build.make:178: CoordinateCalculationsNodeExec] Error 1
[9.268s] gmake[1]: *** [CMakeFiles/Makefile2:230: CMakeFiles/CoordinateCalculationsNodeExec.dir/all] Error 2
[9.270s] gmake: *** [Makefile:146: all] Error 2
[9.277s] Invoked command in '/home/boat/Desktop/src/boat_control_system_final/build/boat_control_system_final' returned '2': CMAKE_PREFIX_PATH=/opt/ros/humble /usr/bin/cmake --build /home/boat/Desktop/src/boat_control_system_final/build/boat_control_system_final -- -j4 -l4
