[0.068s] Invoking command in '/home/boat/Desktop/src/boat_control_system_final/build/boat_control_system_final': CMAKE_PREFIX_PATH=/opt/ros/humble /usr/bin/cmake --build /home/boat/Desktop/src/boat_control_system_final/build/boat_control_system_final -- -j4 -l4
[0.347s] [ 16%] Built target WaypointQueue
[0.356s] [ 33%] Built target CoordinateCalculations
[0.431s] [35m[1mConsolidate compiler generated dependencies of target RudderServoControlNode[0m
[0.509s] [ 50%] Built target CoordinateCalculationsNodeLib
[0.523s] [ 66%] Built target WaypointQueueNode
[0.547s] [ 75%] [32mBuilding CXX object CMakeFiles/RudderServoControlNode.dir/src/RudderServoControlNode.cpp.o[0m
[0.644s] [ 91%] Built target CoordinateCalculationsNodeExec
[12.611s] [01m[K/home/boat/Desktop/src/boat_control_system_final/src/RudderServoControlNode.cpp:[m[K In member function â€˜[01m[Kvoid RudderServoControlNode::turnBoat(sensor_msgs::msg::NavSatFix)[m[Kâ€™:
[12.612s] [01m[K/home/boat/Desktop/src/boat_control_system_final/src/RudderServoControlNode.cpp:97:95:[m[K [01;31m[Kerror: [m[Kâ€˜[01m[Kget_curr_pos[m[Kâ€™ was not declared in this scope
[12.612s]    97 |         float desired_angle_heading = CoordinateCalculations::getInstance().calculate_bearing([01;31m[Kget_curr_pos[m[K(),target_position)
[12.613s]       |                                                                                               [01;31m[K^~~~~~~~~~~~[m[K
[12.613s] [01m[K/home/boat/Desktop/src/boat_control_system_final/src/RudderServoControlNode.cpp:107:11:[m[K [01;31m[Kerror: [m[Kâ€˜[01m[Kelse[m[Kâ€™ without a previous â€˜[01m[Kif[m[Kâ€™
[12.614s]   107 |         } [01;31m[Kelse[m[K if (turn_angle > 5.0f) {
[12.614s]       |           [01;31m[K^~~~[m[K
[29.084s] gmake[2]: *** [CMakeFiles/RudderServoControlNode.dir/build.make:76: CMakeFiles/RudderServoControlNode.dir/src/RudderServoControlNode.cpp.o] Error 1
[29.085s] gmake[1]: *** [CMakeFiles/Makefile2:281: CMakeFiles/RudderServoControlNode.dir/all] Error 2
[29.086s] gmake: *** [Makefile:146: all] Error 2
[29.093s] Invoked command in '/home/boat/Desktop/src/boat_control_system_final/build/boat_control_system_final' returned '2': CMAKE_PREFIX_PATH=/opt/ros/humble /usr/bin/cmake --build /home/boat/Desktop/src/boat_control_system_final/build/boat_control_system_final -- -j4 -l4
