[0.065s] Invoking command in '/home/boat/Desktop/src/boat_control_system_final/build/boat_control_system_final': CMAKE_PREFIX_PATH=/opt/ros/humble /usr/bin/cmake --build /home/boat/Desktop/src/boat_control_system_final/build/boat_control_system_final -- -j4 -l4
[0.186s] -- Found ament_cmake: 1.3.10 (/opt/ros/humble/share/ament_cmake/cmake)
[0.830s] -- Found rclcpp: 16.0.10 (/opt/ros/humble/share/rclcpp/cmake)
[1.030s] -- Found rosidl_generator_c: 3.1.5 (/opt/ros/humble/share/rosidl_generator_c/cmake)
[1.042s] -- Found rosidl_adapter: 3.1.5 (/opt/ros/humble/share/rosidl_adapter/cmake)
[1.069s] -- Found rosidl_generator_cpp: 3.1.5 (/opt/ros/humble/share/rosidl_generator_cpp/cmake)
[1.116s] -- Using all available rosidl_typesupport_c: rosidl_typesupport_fastrtps_c;rosidl_typesupport_introspection_c
[1.180s] -- Using all available rosidl_typesupport_cpp: rosidl_typesupport_fastrtps_cpp;rosidl_typesupport_introspection_cpp
[1.339s] -- Found rmw_implementation_cmake: 6.1.2 (/opt/ros/humble/share/rmw_implementation_cmake/cmake)
[1.346s] -- Found rmw_fastrtps_cpp: 6.2.7 (/opt/ros/humble/share/rmw_fastrtps_cpp/cmake)
[2.428s] -- Using RMW implementation 'rmw_fastrtps_cpp' as default
[2.662s] -- Found sensor_msgs: 4.2.4 (/opt/ros/humble/share/sensor_msgs/cmake)
[2.803s] -- Found ament_lint_auto: 0.12.11 (/opt/ros/humble/share/ament_lint_auto/cmake)
[3.166s] -- Added test 'copyright' to check source files copyright and LICENSE
[3.749s] -- Added test 'cppcheck' to perform static code analysis on C / C++ code
[3.750s] -- Configured cppcheck include dirs: /home/boat/Desktop/src/boat_control_system_final/include
[3.751s] -- Configured cppcheck exclude dirs and/or files: 
[3.824s] -- Added test 'flake8' to check Python code syntax and style conventions
[3.966s] -- Added test 'lint_cmake' to check CMake code style
[4.038s] -- Added test 'pep257' to check Python code against some of the docstring style conventions in PEP 257
[4.604s] -- Added test 'uncrustify' to check C / C++ code style
[4.605s] -- Configured uncrustify additional arguments: 
[4.676s] -- Added test 'xmllint' to check XML markup files
[4.681s] -- Configuring done
[4.792s] -- Generating done
[4.805s] -- Build files have been written to: /home/boat/Desktop/src/boat_control_system_final/build/boat_control_system_final
[4.924s] [35m[1mConsolidate compiler generated dependencies of target WaypointQueue[0m
[4.928s] [35m[1mConsolidate compiler generated dependencies of target CoordinateCalculationsNode[0m
[5.038s] [ 16%] [32mBuilding CXX object CMakeFiles/WaypointQueue.dir/src/WaypointQueue.cpp.o[0m
[5.056s] [ 33%] [32mBuilding CXX object CMakeFiles/CoordinateCalculationsNode.dir/src/CoordinateCalculationsNode.cpp.o[0m
[5.131s] [01m[K/home/boat/Desktop/src/boat_control_system_final/src/CoordinateCalculationsNode.cpp:2:10:[m[K [01;31m[Kfatal error: [m[KCoordinateCalculationsNode.hpp: No such file or directory
[5.132s]     2 | #include [01;31m[K"CoordinateCalculationsNode.hpp"[m[K
[5.133s]       |          [01;31m[K^~~~~~~~~~~~~~~~~~~~~~~~~~~~~~~~[m[K
[5.133s] compilation terminated.
[5.141s] gmake[2]: *** [CMakeFiles/CoordinateCalculationsNode.dir/build.make:76: CMakeFiles/CoordinateCalculationsNode.dir/src/CoordinateCalculationsNode.cpp.o] Error 1
[5.142s] gmake[1]: *** [CMakeFiles/Makefile2:193: CMakeFiles/CoordinateCalculationsNode.dir/all] Error 2
[5.142s] gmake[1]: *** Waiting for unfinished jobs....
[6.935s] [01m[K/home/boat/Desktop/src/boat_control_system_final/src/WaypointQueue.cpp:15:10:[m[K [01;31m[Kfatal error: [m[KWaypointQueue.hpp: No such file or directory
[6.936s]    15 | #include [01;31m[K"WaypointQueue.hpp"[m[K
[6.936s]       |          [01;31m[K^~~~~~~~~~~~~~~~~~~[m[K
[6.937s] compilation terminated.
[6.950s] gmake[2]: *** [CMakeFiles/WaypointQueue.dir/build.make:76: CMakeFiles/WaypointQueue.dir/src/WaypointQueue.cpp.o] Error 1
[6.950s] gmake[1]: *** [CMakeFiles/Makefile2:141: CMakeFiles/WaypointQueue.dir/all] Error 2
[6.951s] gmake: *** [Makefile:146: all] Error 2
[6.960s] Invoked command in '/home/boat/Desktop/src/boat_control_system_final/build/boat_control_system_final' returned '2': CMAKE_PREFIX_PATH=/opt/ros/humble /usr/bin/cmake --build /home/boat/Desktop/src/boat_control_system_final/build/boat_control_system_final -- -j4 -l4
