[0.069s] Invoking command in '/home/boat/Desktop/src/boat_control_system_final/build/boat_control_system_final': CMAKE_PREFIX_PATH=/opt/ros/humble /usr/bin/cmake --build /home/boat/Desktop/src/boat_control_system_final/build/boat_control_system_final -- -j4 -l4
[0.197s] -- Found ament_cmake: 1.3.10 (/opt/ros/humble/share/ament_cmake/cmake)
[0.937s] -- Found rclcpp: 16.0.10 (/opt/ros/humble/share/rclcpp/cmake)
[1.180s] -- Found rosidl_generator_c: 3.1.5 (/opt/ros/humble/share/rosidl_generator_c/cmake)
[1.198s] -- Found rosidl_adapter: 3.1.5 (/opt/ros/humble/share/rosidl_adapter/cmake)
[1.240s] -- Found rosidl_generator_cpp: 3.1.5 (/opt/ros/humble/share/rosidl_generator_cpp/cmake)
[1.297s] -- Using all available rosidl_typesupport_c: rosidl_typesupport_fastrtps_c;rosidl_typesupport_introspection_c
[1.368s] -- Using all available rosidl_typesupport_cpp: rosidl_typesupport_fastrtps_cpp;rosidl_typesupport_introspection_cpp
[1.569s] -- Found rmw_implementation_cmake: 6.1.2 (/opt/ros/humble/share/rmw_implementation_cmake/cmake)
[1.580s] -- Found rmw_fastrtps_cpp: 6.2.7 (/opt/ros/humble/share/rmw_fastrtps_cpp/cmake)
[2.704s] -- Using RMW implementation 'rmw_fastrtps_cpp' as default
[2.984s] -- Found sensor_msgs: 4.2.4 (/opt/ros/humble/share/sensor_msgs/cmake)
[3.169s] -- Found ament_lint_auto: 0.12.11 (/opt/ros/humble/share/ament_lint_auto/cmake)
[4.752s] -- Added test 'cppcheck' to perform static code analysis on C / C++ code
[4.754s] -- Configured cppcheck include dirs: /home/boat/Desktop/src/boat_control_system_final/include/boat_control_system_final
[4.755s] -- Configured cppcheck exclude dirs and/or files: 
[4.909s] -- Added test 'flake8' to check Python code syntax and style conventions
[5.213s] -- Added test 'lint_cmake' to check CMake code style
[5.367s] -- Added test 'pep257' to check Python code against some of the docstring style conventions in PEP 257
[6.584s] -- Added test 'uncrustify' to check C / C++ code style
[6.585s] -- Configured uncrustify additional arguments: 
[6.740s] -- Added test 'xmllint' to check XML markup files
[6.745s] -- Configuring done
[7.019s] -- Generating done
[7.037s] -- Build files have been written to: /home/boat/Desktop/src/boat_control_system_final/build/boat_control_system_final
[7.165s] [35m[1mConsolidate compiler generated dependencies of target WaypointQueue[0m
[7.171s] [35m[1mConsolidate compiler generated dependencies of target CoordinateCalculations[0m
[7.179s] [35m[1mConsolidate compiler generated dependencies of target RudderControlHelper[0m
[7.224s] [  5%] [32mBuilding CXX object CMakeFiles/SailServoControlNodeLib.dir/src/SailServoControlNode.cpp.o[0m
[7.276s] [ 15%] Built target WaypointQueue
[7.430s] [ 25%] Built target CoordinateCalculations
[7.432s] [ 30%] [32mBuilding CXX object CMakeFiles/waypoint_queue_node_exec.dir/src/WaypointQueueNode.cpp.o[0m
[7.479s] [ 40%] Built target RudderControlHelper
[7.523s] [35m[1mConsolidate compiler generated dependencies of target CoordinateCalculationsNodeLib[0m
[7.625s] [35m[1mConsolidate compiler generated dependencies of target RudderServoControlNodeLib[0m
[7.780s] [ 50%] Built target CoordinateCalculationsNodeLib
[7.861s] [ 60%] Built target RudderServoControlNodeLib
[7.933s] [ 65%] [32mBuilding CXX object CMakeFiles/coordinate_calculations_node_exec.dir/src/CoordinateCalculationsNode.cpp.o[0m
[8.000s] [ 70%] [32mBuilding CXX object CMakeFiles/rudder_servo_control_exec.dir/src/RudderServoControlNode.cpp.o[0m
[25.133s] [01m[K/home/boat/Desktop/src/boat_control_system_final/src/SailServoControlNode.cpp:10:1:[m[K [01;31m[Kerror: [m[Kâ€˜[01m[KSailServoControlNode[m[Kâ€™ does not name a type
[25.136s]    10 | [01;31m[KSailServoControlNode[m[K::SailServoControlNode() : Node("sail_servo_control_node"), autonomous_mode_(true)
[25.141s]       | [01;31m[K^~~~~~~~~~~~~~~~~~~~[m[K
[25.145s] [01m[K/home/boat/Desktop/src/boat_control_system_final/src/SailServoControlNode.cpp:25:6:[m[K [01;31m[Kerror: [m[Kâ€˜[01m[KSailServoControlNode[m[Kâ€™ has not been declared
[25.149s]    25 | void [01;31m[KSailServoControlNode[m[K::windCallback(const std_msgs::msg::Float32::SharedPtr msg)
[25.163s]       |      [01;31m[K^~~~~~~~~~~~~~~~~~~~[m[K
[25.185s] [01m[K/home/boat/Desktop/src/boat_control_system_final/src/SailServoControlNode.cpp:[m[K In function â€˜[01m[Kvoid windCallback(std_msgs::msg::Float32_<std::allocator<void> >::SharedPtr)[m[Kâ€™:
[25.189s] [01m[K/home/boat/Desktop/src/boat_control_system_final/src/SailServoControlNode.cpp:27:5:[m[K [01;31m[Kerror: [m[Kâ€˜[01m[Klatest_wind_data_[m[Kâ€™ was not declared in this scope
[25.193s]    27 |     [01;31m[Klatest_wind_data_[m[K = *msg;  // Update the latest wind angle data
[25.197s]       |     [01;31m[K^~~~~~~~~~~~~~~~~[m[K
[25.218s] [01m[K/home/boat/Desktop/src/boat_control_system_final/src/SailServoControlNode.cpp:28:18:[m[K [01;31m[Kerror: [m[Kâ€˜[01m[Klatest_wind_data[m[Kâ€™ was not declared in this scope
[25.222s]    28 |     setSailServo([01;31m[Klatest_wind_data[m[K);
[25.226s]       |                  [01;31m[K^~~~~~~~~~~~~~~~[m[K
[25.241s] [01m[K/home/boat/Desktop/src/boat_control_system_final/src/SailServoControlNode.cpp:28:5:[m[K [01;31m[Kerror: [m[Kâ€˜[01m[KsetSailServo[m[Kâ€™ was not declared in this scope
[25.245s]    28 |     [01;31m[KsetSailServo[m[K(latest_wind_data);
[25.249s]       |     [01;31m[K^~~~~~~~~~~~[m[K
[25.254s] In file included from [01m[K/opt/ros/humble/include/rclcpp/rclcpp/client.hpp:40[m[K,
[25.258s]                  from [01m[K/opt/ros/humble/include/rclcpp/rclcpp/callback_group.hpp:24[m[K,
[25.272s]                  from [01m[K/opt/ros/humble/include/rclcpp/rclcpp/any_executable.hpp:20[m[K,
[25.276s]                  from [01m[K/opt/ros/humble/include/rclcpp/rclcpp/memory_strategy.hpp:25[m[K,
[25.280s]                  from [01m[K/opt/ros/humble/include/rclcpp/rclcpp/memory_strategies.hpp:18[m[K,
[25.284s]                  from [01m[K/opt/ros/humble/include/rclcpp/rclcpp/executor_options.hpp:20[m[K,
[25.289s]                  from [01m[K/opt/ros/humble/include/rclcpp/rclcpp/executor.hpp:37[m[K,
[25.293s]                  from [01m[K/opt/ros/humble/include/rclcpp/rclcpp/executors/multi_threaded_executor.hpp:25[m[K,
[25.309s]                  from [01m[K/opt/ros/humble/include/rclcpp/rclcpp/executors.hpp:21[m[K,
[25.313s]                  from [01m[K/opt/ros/humble/include/rclcpp/rclcpp/rclcpp.hpp:155[m[K,
[25.319s]                  from [01m[K/home/boat/Desktop/src/boat_control_system_final/src/SailServoControlNode.cpp:8[m[K:
[25.323s] [01m[K/home/boat/Desktop/src/boat_control_system_final/src/SailServoControlNode.cpp:29:17:[m[K [01;31m[Kerror: [m[Kinvalid use of â€˜[01m[Kthis[m[Kâ€™ in non-member function
[25.327s]    29 |     RCLCPP_INFO([01;31m[Kthis[m[K->get_logger(), "Wind Data recieved, Setting sail servo to: [angle: %.6f]",
[25.331s]       |                 [01;31m[K^~~~[m[K
[25.335s] [01m[K/home/boat/Desktop/src/boat_control_system_final/src/SailServoControlNode.cpp:29:17:[m[K [01;31m[Kerror: [m[Kinvalid use of â€˜[01m[Kthis[m[Kâ€™ in non-member function
[25.339s] [01m[K/home/boat/Desktop/src/boat_control_system_final/src/SailServoControlNode.cpp:29:5:[m[K [01;31m[Kerror: [m[Ktemplate argument 1 is invalid
[25.343s]    29 |     [01;31m[KRCLCPP_INFO[m[K(this->get_logger(), "Wind Data recieved, Setting sail servo to: [angle: %.6f]",
[25.348s]       |     [01;31m[K^~~~~~~~~~~[m[K
[25.353s] [01m[K/home/boat/Desktop/src/boat_control_system_final/src/SailServoControlNode.cpp:29:5:[m[K [01;31m[Kerror: [m[Ktemplate argument 1 is invalid
[25.357s]    29 |     [01;31m[KRCLCPP_INFO[m[K(this->get_logger(), "Wind Data recieved, Setting sail servo to: [angle: %.6f]",
[25.361s]       |     [01;31m[K^~~~~~~~~~~[m[K
[25.375s] [01m[K/home/boat/Desktop/src/boat_control_system_final/src/SailServoControlNode.cpp:29:5:[m[K [01;31m[Kerror: [m[Ktemplate argument 1 is invalid
[25.378s]    29 |     [01;31m[KRCLCPP_INFO[m[K(this->get_logger(), "Wind Data recieved, Setting sail servo to: [angle: %.6f]",
[25.382s]       |     [01;31m[K^~~~~~~~~~~[m[K
[25.387s] In file included from [01m[K/opt/ros/humble/include/rclcpp/rclcpp/logging.hpp:24[m[K,
[25.391s]                  from [01m[K/opt/ros/humble/include/rclcpp/rclcpp/client.hpp:40[m[K,
[25.395s]                  from [01m[K/opt/ros/humble/include/rclcpp/rclcpp/callback_group.hpp:24[m[K,
[25.398s]                  from [01m[K/opt/ros/humble/include/rclcpp/rclcpp/any_executable.hpp:20[m[K,
[25.399s]                  from [01m[K/opt/ros/humble/include/rclcpp/rclcpp/memory_strategy.hpp:25[m[K,
[25.399s]                  from [01m[K/opt/ros/humble/include/rclcpp/rclcpp/memory_strategies.hpp:18[m[K,
[25.400s]                  from [01m[K/opt/ros/humble/include/rclcpp/rclcpp/executor_options.hpp:20[m[K,
[25.401s]                  from [01m[K/opt/ros/humble/include/rclcpp/rclcpp/executor.hpp:37[m[K,
[25.402s]                  from [01m[K/opt/ros/humble/include/rclcpp/rclcpp/executors/multi_threaded_executor.hpp:25[m[K,
[25.402s]                  from [01m[K/opt/ros/humble/include/rclcpp/rclcpp/executors.hpp:21[m[K,
[25.424s]                  from [01m[K/opt/ros/humble/include/rclcpp/rclcpp/rclcpp.hpp:155[m[K,
[25.428s]                  from [01m[K/home/boat/Desktop/src/boat_control_system_final/src/SailServoControlNode.cpp:8[m[K:
[25.443s] [01m[K/home/boat/Desktop/src/boat_control_system_final/src/SailServoControlNode.cpp:29:17:[m[K [01;31m[Kerror: [m[Kinvalid use of â€˜[01m[Kthis[m[Kâ€™ in non-member function
[25.446s]    29 |     RCLCPP_INFO([01;31m[Kthis[m[K->get_logger(), "Wind Data recieved, Setting sail servo to: [angle: %.6f]",
[25.450s]       |                 [01;31m[K^~~~[m[K
[25.451s] [01m[K/home/boat/Desktop/src/boat_control_system_final/src/SailServoControlNode.cpp:29:17:[m[K [01;31m[Kerror: [m[Kinvalid use of â€˜[01m[Kthis[m[Kâ€™ in non-member function
[25.452s]    29 |     RCLCPP_INFO([01;31m[Kthis[m[K->get_logger(), "Wind Data recieved, Setting sail servo to: [angle: %.6f]",
[25.453s]       |                 [01;31m[K^~~~[m[K
[25.454s] [01m[K/home/boat/Desktop/src/boat_control_system_final/src/SailServoControlNode.cpp:[m[K At global scope:
[25.460s] [01m[K/home/boat/Desktop/src/boat_control_system_final/src/SailServoControlNode.cpp:35:6:[m[K [01;31m[Kerror: [m[Kâ€˜[01m[KSailServoControlNode[m[Kâ€™ has not been declared
[25.461s]    35 | void [01;31m[KSailServoControlNode[m[K::setSailServo(float angle)
[25.462s]       |      [01;31m[K^~~~~~~~~~~~~~~~~~~~[m[K
[25.480s] [01m[K/home/boat/Desktop/src/boat_control_system_final/src/SailServoControlNode.cpp:[m[K In function â€˜[01m[Kvoid setSailServo(float)[m[Kâ€™:
[25.484s] [01m[K/home/boat/Desktop/src/boat_control_system_final/src/SailServoControlNode.cpp:39:5:[m[K [01;31m[Kerror: [m[Kâ€˜[01m[Ksail_angle_publisher_[m[Kâ€™ was not declared in this scope
[25.488s]    39 |     [01;31m[Ksail_angle_publisher_[m[K->publish(msg);
[25.489s]       |     [01;31m[K^~~~~~~~~~~~~~~~~~~~~[m[K
[25.490s] In file included from [01m[K/opt/ros/humble/include/rclcpp/rclcpp/client.hpp:40[m[K,
[25.494s]                  from [01m[K/opt/ros/humble/include/rclcpp/rclcpp/callback_group.hpp:24[m[K,
[25.495s]                  from [01m[K/opt/ros/humble/include/rclcpp/rclcpp/any_executable.hpp:20[m[K,
[25.496s]                  from [01m[K/opt/ros/humble/include/rclcpp/rclcpp/memory_strategy.hpp:25[m[K,
[25.496s]                  from [01m[K/opt/ros/humble/include/rclcpp/rclcpp/memory_strategies.hpp:18[m[K,
[25.497s]                  from [01m[K/opt/ros/humble/include/rclcpp/rclcpp/executor_options.hpp:20[m[K,
[25.498s]                  from [01m[K/opt/ros/humble/include/rclcpp/rclcpp/executor.hpp:37[m[K,
[25.505s]                  from [01m[K/opt/ros/humble/include/rclcpp/rclcpp/executors/multi_threaded_executor.hpp:25[m[K,
[25.506s]                  from [01m[K/opt/ros/humble/include/rclcpp/rclcpp/executors.hpp:21[m[K,
[25.507s]                  from [01m[K/opt/ros/humble/include/rclcpp/rclcpp/rclcpp.hpp:155[m[K,
[25.508s]                  from [01m[K/home/boat/Desktop/src/boat_control_system_final/src/SailServoControlNode.cpp:8[m[K:
[25.509s] [01m[K/home/boat/Desktop/src/boat_control_system_final/src/SailServoControlNode.cpp:40:17:[m[K [01;31m[Kerror: [m[Kinvalid use of â€˜[01m[Kthis[m[Kâ€™ in non-member function
[25.510s]    40 |     RCLCPP_INFO([01;31m[Kthis[m[K->get_logger(), "Setting sail servo to angle: %.2f", angle);
[25.527s]       |                 [01;31m[K^~~~[m[K
[25.529s] [01m[K/home/boat/Desktop/src/boat_control_system_final/src/SailServoControlNode.cpp:40:17:[m[K [01;31m[Kerror: [m[Kinvalid use of â€˜[01m[Kthis[m[Kâ€™ in non-member function
[25.529s] [01m[K/home/boat/Desktop/src/boat_control_system_final/src/SailServoControlNode.cpp:40:5:[m[K [01;31m[Kerror: [m[Ktemplate argument 1 is invalid
[25.530s]    40 |     [01;31m[KRCLCPP_INFO[m[K(this->get_logger(), "Setting sail servo to angle: %.2f", angle);
[25.543s]       |     [01;31m[K^~~~~~~~~~~[m[K
[25.544s] [01m[K/home/boat/Desktop/src/boat_control_system_final/src/SailServoControlNode.cpp:40:5:[m[K [01;31m[Kerror: [m[Ktemplate argument 1 is invalid
[25.544s]    40 |     [01;31m[KRCLCPP_INFO[m[K(this->get_logger(), "Setting sail servo to angle: %.2f", angle);
[25.545s]       |     [01;31m[K^~~~~~~~~~~[m[K
[25.546s] [01m[K/home/boat/Desktop/src/boat_control_system_final/src/SailServoControlNode.cpp:40:5:[m[K [01;31m[Kerror: [m[Ktemplate argument 1 is invalid
[25.547s]    40 |     [01;31m[KRCLCPP_INFO[m[K(this->get_logger(), "Setting sail servo to angle: %.2f", angle);
[25.547s]       |     [01;31m[K^~~~~~~~~~~[m[K
[25.548s] In file included from [01m[K/opt/ros/humble/include/rclcpp/rclcpp/logging.hpp:24[m[K,
[25.549s]                  from [01m[K/opt/ros/humble/include/rclcpp/rclcpp/client.hpp:40[m[K,
[25.549s]                  from [01m[K/opt/ros/humble/include/rclcpp/rclcpp/callback_group.hpp:24[m[K,
[25.550s]                  from [01m[K/opt/ros/humble/include/rclcpp/rclcpp/any_executable.hpp:20[m[K,
[25.551s]                  from [01m[K/opt/ros/humble/include/rclcpp/rclcpp/memory_strategy.hpp:25[m[K,
[25.551s]                  from [01m[K/opt/ros/humble/include/rclcpp/rclcpp/memory_strategies.hpp:18[m[K,
[25.552s]                  from [01m[K/opt/ros/humble/include/rclcpp/rclcpp/executor_options.hpp:20[m[K,
[25.553s]                  from [01m[K/opt/ros/humble/include/rclcpp/rclcpp/executor.hpp:37[m[K,
[25.553s]                  from [01m[K/opt/ros/humble/include/rclcpp/rclcpp/executors/multi_threaded_executor.hpp:25[m[K,
[25.554s]                  from [01m[K/opt/ros/humble/include/rclcpp/rclcpp/executors.hpp:21[m[K,
[25.559s]                  from [01m[K/opt/ros/humble/include/rclcpp/rclcpp/rclcpp.hpp:155[m[K,
[25.560s]                  from [01m[K/home/boat/Desktop/src/boat_control_system_final/src/SailServoControlNode.cpp:8[m[K:
[25.561s] [01m[K/home/boat/Desktop/src/boat_control_system_final/src/SailServoControlNode.cpp:40:17:[m[K [01;31m[Kerror: [m[Kinvalid use of â€˜[01m[Kthis[m[Kâ€™ in non-member function
[25.562s]    40 |     RCLCPP_INFO([01;31m[Kthis[m[K->get_logger(), "Setting sail servo to angle: %.2f", angle);
[25.571s]       |                 [01;31m[K^~~~[m[K
[25.572s] [01m[K/home/boat/Desktop/src/boat_control_system_final/src/SailServoControlNode.cpp:40:17:[m[K [01;31m[Kerror: [m[Kinvalid use of â€˜[01m[Kthis[m[Kâ€™ in non-member function
[25.572s]    40 |     RCLCPP_INFO([01;31m[Kthis[m[K->get_logger(), "Setting sail servo to angle: %.2f", angle);
[25.573s]       |                 [01;31m[K^~~~[m[K
[25.574s] [01m[K/home/boat/Desktop/src/boat_control_system_final/src/SailServoControlNode.cpp:[m[K In function â€˜[01m[Kint main(int, char**)[m[Kâ€™:
[25.574s] [01m[K/home/boat/Desktop/src/boat_control_system_final/src/SailServoControlNode.cpp:46:35:[m[K [01;31m[Kerror: [m[Kâ€˜[01m[KSailServoControlNode[m[Kâ€™ was not declared in this scope
[25.575s]    46 |     rclcpp::spin(std::make_shared<[01;31m[KSailServoControlNode[m[K>());
[25.576s]       |                                   [01;31m[K^~~~~~~~~~~~~~~~~~~~[m[K
[25.577s] [01m[K/home/boat/Desktop/src/boat_control_system_final/src/SailServoControlNode.cpp:46:56:[m[K [01;31m[Kerror: [m[Kno matching function for call to â€˜[01m[Kmake_shared<<expression error> >()[m[Kâ€™
[25.577s]    46 |     rclcpp::spin([01;31m[Kstd::make_shared<SailServoControlNode>()[m[K);
[25.586s]       |                  [01;31m[K~~~~~~~~~~~~~~~~~~~~~~~~~~~~~~~~~~~~~~^~[m[K
[25.587s] In file included from [01m[K/usr/include/c++/11/memory:77[m[K,
[25.588s]                  from [01m[K/opt/ros/humble/include/std_msgs/std_msgs/msg/detail/string__struct.hpp:10[m[K,
[25.588s]                  from [01m[K/opt/ros/humble/include/std_msgs/std_msgs/msg/string.hpp:7[m[K,
[25.589s]                  from [01m[K/home/boat/Desktop/src/boat_control_system_final/src/SailServoControlNode.cpp:6[m[K:
[25.590s] [01m[K/usr/include/c++/11/bits/shared_ptr.h:875:5:[m[K [01;36m[Knote: [m[Kcandidate: â€˜[01m[Ktemplate<class _Tp, class ... _Args> std::shared_ptr<_Tp> std::make_shared(_Args&& ...)[m[Kâ€™
[25.600s]   875 |     [01;36m[Kmake_shared[m[K(_Args&&... __args)
[25.604s]       |     [01;36m[K^~~~~~~~~~~[m[K
[25.608s] [01m[K/usr/include/c++/11/bits/shared_ptr.h:875:5:[m[K [01;36m[Knote: [m[K  template argument deduction/substitution failed:
[25.612s] [01m[K/home/boat/Desktop/src/boat_control_system_final/src/SailServoControlNode.cpp:46:56:[m[K [01;31m[Kerror: [m[Ktemplate argument 1 is invalid
[25.615s]    46 |     rclcpp::spin([01;31m[Kstd::make_shared<SailServoControlNode>()[m[K);
[25.620s]       |                  [01;31m[K~~~~~~~~~~~~~~~~~~~~~~~~~~~~~~~~~~~~~~^~[m[K
[28.231s] gmake[2]: *** [CMakeFiles/SailServoControlNodeLib.dir/build.make:76: CMakeFiles/SailServoControlNodeLib.dir/src/SailServoControlNode.cpp.o] Error 1
[28.233s] gmake[1]: *** [CMakeFiles/Makefile2:369: CMakeFiles/SailServoControlNodeLib.dir/all] Error 2
[28.233s] gmake[1]: *** Waiting for unfinished jobs....
[91.352s] [ 80%] [32m[1mLinking CXX executable waypoint_queue_node_exec[0m
[91.367s] [ 80%] [32m[1mLinking CXX executable rudder_servo_control_exec[0m
[92.905s] [ 85%] [32m[1mLinking CXX executable coordinate_calculations_node_exec[0m
[96.884s] [ 85%] Built target rudder_servo_control_exec
[96.892s] [ 85%] Built target waypoint_queue_node_exec
[97.385s] [ 85%] Built target coordinate_calculations_node_exec
[97.394s] gmake: *** [Makefile:146: all] Error 2
[97.453s] Invoked command in '/home/boat/Desktop/src/boat_control_system_final/build/boat_control_system_final' returned '2': CMAKE_PREFIX_PATH=/opt/ros/humble /usr/bin/cmake --build /home/boat/Desktop/src/boat_control_system_final/build/boat_control_system_final -- -j4 -l4
