[35m[1mConsolidate compiler generated dependencies of target CoordinateCalculations[0m
[  6%] [32mBuilding CXX object CMakeFiles/RudderControlHelper.dir/src/RudderControlHelper.cpp.o[0m
[ 18%] Built target WaypointQueue
[ 31%] Built target CoordinateCalculations
[35m[1mConsolidate compiler generated dependencies of target CoordinateCalculationsNodeLib[0m
[ 43%] Built target WaypointQueueNodeExec
[ 50%] [32mBuilding CXX object CMakeFiles/CoordinateCalculationsNodeLib.dir/src/CoordinateCalculationsNode.cpp.o[0m
[01m[K/home/boat/Desktop/src/boat_control_system_final/src/RudderControlHelper.cpp:12:10:[m[K [01;31m[Kfatal error: [m[KRudderControlHelper.hpp: No such file or directory
   12 | #include [01;31m[K"RudderControlHelper.hpp"[m[K
      |          [01;31m[K^~~~~~~~~~~~~~~~~~~~~~~~~[m[K
compilation terminated.
gmake[2]: *** [CMakeFiles/RudderControlHelper.dir/build.make:76: CMakeFiles/RudderControlHelper.dir/src/RudderControlHelper.cpp.o] Error 1
gmake[1]: *** [CMakeFiles/Makefile2:203: CMakeFiles/RudderControlHelper.dir/all] Error 2
gmake[1]: *** Waiting for unfinished jobs....
[ 56%] [32m[1mLinking CXX static library libCoordinateCalculationsNodeLib.a[0m
[ 56%] Built target CoordinateCalculationsNodeLib
gmake: *** [Makefile:146: all] Error 2
