[0.069s] Invoking command in '/home/boat/Desktop/src/boat_control_system_final/build/boat_control_system_final': CMAKE_PREFIX_PATH=/opt/ros/humble /usr/bin/cmake --build /home/boat/Desktop/src/boat_control_system_final/build/boat_control_system_final -- -j4 -l4
[0.426s] [35m[1mConsolidate compiler generated dependencies of target WaypointQueueNode[0m
[0.581s] [ 50%] [32mBuilding CXX object CMakeFiles/WaypointQueueNode.dir/src/WaypointQueueNode.cpp.o[0m
[12.773s] [01m[K/home/boat/Desktop/src/boat_control_system_final/src/WaypointQueueNode.cpp:[m[K In constructor â€˜[01m[KWaypointQueueNode::WaypointQueueNode()[m[Kâ€™:
[12.774s] [01m[K/home/boat/Desktop/src/boat_control_system_final/src/WaypointQueueNode.cpp:8:5:[m[K [01;31m[Kerror: [m[Kâ€˜[01m[Kground_station_subscription_[m[Kâ€™ was not declared in this scope; did you mean â€˜[01m[Krmw_destroy_subscription[m[Kâ€™?
[12.775s]     8 |     [01;31m[Kground_station_subscription_[m[K = this->create_subscription<geometry_msgs::msg::Point>(
[12.775s]       |     [01;31m[K^~~~~~~~~~~~~~~~~~~~~~~~~~~~[m[K
[12.776s]       |     [32m[Krmw_destroy_subscription[m[K
[12.803s] [01m[K/home/boat/Desktop/src/boat_control_system_final/src/WaypointQueueNode.cpp:8:62:[m[K [01;31m[Kerror: [m[Kâ€˜[01m[Kgeometry_msgs[m[Kâ€™ was not declared in this scope
[12.804s]     8 |     ground_station_subscription_ = this->create_subscription<[01;31m[Kgeometry_msgs[m[K::msg::Point>(
[12.805s]       |                                                              [01;31m[K^~~~~~~~~~~~~[m[K
[12.806s] [01m[K/home/boat/Desktop/src/boat_control_system_final/src/WaypointQueueNode.cpp:8:42:[m[K [01;31m[Kerror: [m[Kparse error in template argument list
[12.807s]     8 |     ground_station_subscription_ = this->[01;31m[Kcreate_subscription<geometry_msgs::msg::Point>[m[K(
[12.807s]       |                                          [01;31m[K^~~~~~~~~~~~~~~~~~~~~~~~~~~~~~~~~~~~~~~~~~~~~~[m[K
[12.818s] [01m[K/home/boat/Desktop/src/boat_control_system_final/src/WaypointQueueNode.cpp:11:39:[m[K [01;31m[Kerror: [m[Kâ€˜[01m[Kground_station_callback[m[Kâ€™ is not a member of â€˜[01m[KWaypointQueueNode[m[Kâ€™
[12.820s]    11 |         std::bind(&WaypointQueueNode::[01;31m[Kground_station_callback[m[K, this, std::placeholders::_1));
[12.821s]       |                                       [01;31m[K^~~~~~~~~~~~~~~~~~~~~~~[m[K
[12.869s] [01m[K/home/boat/Desktop/src/boat_control_system_final/src/WaypointQueueNode.cpp:14:5:[m[K [01;31m[Kerror: [m[Kâ€˜[01m[Kcalculated_waypoints_subscription_[m[Kâ€™ was not declared in this scope
[12.870s]    14 |     [01;31m[Kcalculated_waypoints_subscription_[m[K = this->create_subscription<geometry_msgs::msg::PointStamped>(
[12.870s]       |     [01;31m[K^~~~~~~~~~~~~~~~~~~~~~~~~~~~~~~~~~[m[K
[12.871s] [01m[K/home/boat/Desktop/src/boat_control_system_final/src/WaypointQueueNode.cpp:14:48:[m[K [01;31m[Kerror: [m[Kparse error in template argument list
[12.872s]    14 |     calculated_waypoints_subscription_ = this->[01;31m[Kcreate_subscription<geometry_msgs::msg::PointStamped>[m[K(
[12.872s]       |                                                [01;31m[K^~~~~~~~~~~~~~~~~~~~~~~~~~~~~~~~~~~~~~~~~~~~~~~~~~~~~[m[K
[12.873s] [01m[K/home/boat/Desktop/src/boat_control_system_final/src/WaypointQueueNode.cpp:17:39:[m[K [01;31m[Kerror: [m[Kâ€˜[01m[Kcalculated_waypoints_callback[m[Kâ€™ is not a member of â€˜[01m[KWaypointQueueNode[m[Kâ€™
[12.874s]    17 |         std::bind(&WaypointQueueNode::[01;31m[Kcalculated_waypoints_callback[m[K, this, std::placeholders::_1));
[12.883s]       |                                       [01;31m[K^~~~~~~~~~~~~~~~~~~~~~~~~~~~~[m[K
[12.900s] [01m[K/home/boat/Desktop/src/boat_control_system_final/src/WaypointQueueNode.cpp:20:5:[m[K [01;31m[Kerror: [m[Kâ€˜[01m[Kgps_subscription_[m[Kâ€™ was not declared in this scope; did you mean â€˜[01m[Krmw_subscription_t[m[Kâ€™?
[12.900s]    20 |     [01;31m[Kgps_subscription_[m[K = this->create_subscription<sensor_msgs::msg::NavSatFix>(
[12.901s]       |     [01;31m[K^~~~~~~~~~~~~~~~~[m[K
[12.902s]       |     [32m[Krmw_subscription_t[m[K
[12.929s] [01m[K/home/boat/Desktop/src/boat_control_system_final/src/WaypointQueueNode.cpp:20:51:[m[K [01;31m[Kerror: [m[Kâ€˜[01m[Ksensor_msgs[m[Kâ€™ was not declared in this scope
[12.929s]    20 |     gps_subscription_ = this->create_subscription<[01;31m[Ksensor_msgs[m[K::msg::NavSatFix>(
[12.930s]       |                                                   [01;31m[K^~~~~~~~~~~[m[K
[12.931s] [01m[K/home/boat/Desktop/src/boat_control_system_final/src/WaypointQueueNode.cpp:20:31:[m[K [01;31m[Kerror: [m[Kparse error in template argument list
[12.931s]    20 |     gps_subscription_ = this->[01;31m[Kcreate_subscription<sensor_msgs::msg::NavSatFix>[m[K(
[12.932s]       |                               [01;31m[K^~~~~~~~~~~~~~~~~~~~~~~~~~~~~~~~~~~~~~~~~~~~~~~~[m[K
[12.933s] [01m[K/home/boat/Desktop/src/boat_control_system_final/src/WaypointQueueNode.cpp:23:39:[m[K [01;31m[Kerror: [m[Kâ€˜[01m[Kgps_callback[m[Kâ€™ is not a member of â€˜[01m[KWaypointQueueNode[m[Kâ€™
[12.934s]    23 |         std::bind(&WaypointQueueNode::[01;31m[Kgps_callback[m[K, this, std::placeholders::_1));
[12.935s]       |                                       [01;31m[K^~~~~~~~~~~~[m[K
[12.983s] [01m[K/home/boat/Desktop/src/boat_control_system_final/src/WaypointQueueNode.cpp:26:5:[m[K [01;31m[Kerror: [m[Kâ€˜[01m[Kautonomous_mode_init_subscription[m[Kâ€™ was not declared in this scope
[12.984s]    26 |     [01;31m[Kautonomous_mode_init_subscription[m[K = this->create_subscription<std_msg::msg::Bool>(
[12.985s]       |     [01;31m[K^~~~~~~~~~~~~~~~~~~~~~~~~~~~~~~~~[m[K
[13.004s] [01m[K/home/boat/Desktop/src/boat_control_system_final/src/WaypointQueueNode.cpp:26:67:[m[K [01;31m[Kerror: [m[Kâ€˜[01m[Kstd_msg[m[Kâ€™ was not declared in this scope; did you mean â€˜[01m[Kstd_msgs[m[Kâ€™?
[13.005s]    26 |     autonomous_mode_init_subscription = this->create_subscription<[01;31m[Kstd_msg[m[K::msg::Bool>(
[13.005s]       |                                                                   [01;31m[K^~~~~~~[m[K
[13.006s]       |                                                                   [32m[Kstd_msgs[m[K
[13.007s] [01m[K/home/boat/Desktop/src/boat_control_system_final/src/WaypointQueueNode.cpp:26:47:[m[K [01;31m[Kerror: [m[Kparse error in template argument list
[13.007s]    26 |     autonomous_mode_init_subscription = this->[01;31m[Kcreate_subscription<std_msg::msg::Bool>[m[K(
[13.008s]       |                                               [01;31m[K^~~~~~~~~~~~~~~~~~~~~~~~~~~~~~~~~~~~~~~[m[K
[13.009s] [01m[K/home/boat/Desktop/src/boat_control_system_final/src/WaypointQueueNode.cpp:29:39:[m[K [01;31m[Kerror: [m[Kâ€˜[01m[Kgps_callback[m[Kâ€™ is not a member of â€˜[01m[KWaypointQueueNode[m[Kâ€™
[13.010s]    29 |         std::bind(&WaypointQueueNode::[01;31m[Kgps_callback[m[K, this, std::placeholders::_1));
[13.011s]       |                                       [01;31m[K^~~~~~~~~~~~[m[K
[23.157s] gmake[2]: *** [CMakeFiles/WaypointQueueNode.dir/build.make:76: CMakeFiles/WaypointQueueNode.dir/src/WaypointQueueNode.cpp.o] Error 1
[23.160s] gmake[1]: *** [CMakeFiles/Makefile2:137: CMakeFiles/WaypointQueueNode.dir/all] Error 2
[23.163s] gmake: *** [Makefile:146: all] Error 2
[23.171s] Invoked command in '/home/boat/Desktop/src/boat_control_system_final/build/boat_control_system_final' returned '2': CMAKE_PREFIX_PATH=/opt/ros/humble /usr/bin/cmake --build /home/boat/Desktop/src/boat_control_system_final/build/boat_control_system_final -- -j4 -l4
