-- Found ament_cmake: 1.3.10 (/opt/ros/humble/share/ament_cmake/cmake)
-- Found rclcpp: 16.0.10 (/opt/ros/humble/share/rclcpp/cmake)
-- Found rosidl_generator_c: 3.1.5 (/opt/ros/humble/share/rosidl_generator_c/cmake)
-- Found rosidl_adapter: 3.1.5 (/opt/ros/humble/share/rosidl_adapter/cmake)
-- Found rosidl_generator_cpp: 3.1.5 (/opt/ros/humble/share/rosidl_generator_cpp/cmake)
-- Using all available rosidl_typesupport_c: rosidl_typesupport_fastrtps_c;rosidl_typesupport_introspection_c
-- Using all available rosidl_typesupport_cpp: rosidl_typesupport_fastrtps_cpp;rosidl_typesupport_introspection_cpp
-- Found rmw_implementation_cmake: 6.1.2 (/opt/ros/humble/share/rmw_implementation_cmake/cmake)
-- Found rmw_fastrtps_cpp: 6.2.7 (/opt/ros/humble/share/rmw_fastrtps_cpp/cmake)
-- Using RMW implementation 'rmw_fastrtps_cpp' as default
-- Found sensor_msgs: 4.2.4 (/opt/ros/humble/share/sensor_msgs/cmake)
-- Found ament_lint_auto: 0.12.11 (/opt/ros/humble/share/ament_lint_auto/cmake)
-- Added test 'cppcheck' to perform static code analysis on C / C++ code
-- Configured cppcheck include dirs: /home/boat/Desktop/src/boat_control_system_final/include/boat_control_system_final
-- Configured cppcheck exclude dirs and/or files: 
-- Added test 'flake8' to check Python code syntax and style conventions
-- Added test 'lint_cmake' to check CMake code style
-- Added test 'pep257' to check Python code against some of the docstring style conventions in PEP 257
-- Added test 'uncrustify' to check C / C++ code style
-- Configured uncrustify additional arguments: 
-- Added test 'xmllint' to check XML markup files
-- Configuring done
-- Generating done
-- Build files have been written to: /home/boat/Desktop/src/boat_control_system_final/build/boat_control_system_final
[35m[1mConsolidate compiler generated dependencies of target WaypointQueue[0m
[ 12%] [32mBuilding CXX object CMakeFiles/CoordinateCalculations.dir/src/Coordinate_Calculations.cpp.o[0m
[ 37%] Built target WaypointQueue
[35m[1mConsolidate compiler generated dependencies of target WaypointQueueNode[0m
[ 62%] Built target WaypointQueueNode
[01m[K/home/boat/Desktop/src/boat_control_system_final/src/Coordinate_Calculations.cpp:[m[K In member function â€˜[01m[Kfloat CoordinateCalculations::calculate_optimal_sail_angle(float)[m[Kâ€™:
[01m[K/home/boat/Desktop/src/boat_control_system_final/src/Coordinate_Calculations.cpp:26:9:[m[K [01;31m[Kerror: [m[Kâ€˜[01m[Kset_rudder_servo[m[Kâ€™ was not declared in this scope
   26 |         [01;31m[Kset_rudder_servo[m[K(70);
      |         [01;31m[K^~~~~~~~~~~~~~~~[m[K
[01m[K/home/boat/Desktop/src/boat_control_system_final/src/Coordinate_Calculations.cpp:27:9:[m[K [01;31m[Kerror: [m[Kâ€˜[01m[Kset_sail_servo[m[Kâ€™ was not declared in this scope
   27 |         [01;31m[Kset_sail_servo[m[K(70);
      |         [01;31m[K^~~~~~~~~~~~~~[m[K
[01m[K/home/boat/Desktop/src/boat_control_system_final/src/Coordinate_Calculations.cpp:28:14:[m[K [01;31m[Kerror: [m[Kâ€˜[01m[Kstd::this_thread[m[Kâ€™ has not been declared
   28 |         std::[01;31m[Kthis_thread[m[K::sleep_for(std::chrono::milliseconds(100));
      |              [01;31m[K^~~~~~~~~~~[m[K
[01m[K/home/boat/Desktop/src/boat_control_system_final/src/Coordinate_Calculations.cpp:28:42:[m[K [01;31m[Kerror: [m[Kâ€˜[01m[Kstd::chrono[m[Kâ€™ has not been declared
   28 |         std::this_thread::sleep_for(std::[01;31m[Kchrono[m[K::milliseconds(100));
      |                                          [01;31m[K^~~~~~[m[K
[01m[K/home/boat/Desktop/src/boat_control_system_final/src/Coordinate_Calculations.cpp:[m[K At global scope:
[01m[K/home/boat/Desktop/src/boat_control_system_final/src/Coordinate_Calculations.cpp:47:7:[m[K [01;31m[Kerror: [m[Kâ€˜[01m[Kfloat CoordinateCalculations::calculate_distance[m[Kâ€™ is not a static data member of â€˜[01m[Kclass CoordinateCalculations[m[Kâ€™
   47 | float [01;31m[KCoordinateCalculations[m[K::calculate_distance(Sensor_msgs::msg::NavSatFix coord1, Sensor_msgs::msg::NavSatFix coord2)
      |       [01;31m[K^~~~~~~~~~~~~~~~~~~~~~[m[K
[01m[K/home/boat/Desktop/src/boat_control_system_final/src/Coordinate_Calculations.cpp:47:50:[m[K [01;31m[Kerror: [m[Kâ€˜[01m[KSensor_msgs[m[Kâ€™ has not been declared
   47 | float CoordinateCalculations::calculate_distance([01;31m[KSensor_msgs[m[K::msg::NavSatFix coord1, Sensor_msgs::msg::NavSatFix coord2)
      |                                                  [01;31m[K^~~~~~~~~~~[m[K
[01m[K/home/boat/Desktop/src/boat_control_system_final/src/Coordinate_Calculations.cpp:47:86:[m[K [01;31m[Kerror: [m[Kâ€˜[01m[KSensor_msgs[m[Kâ€™ has not been declared
   47 | float CoordinateCalculations::calculate_distance(Sensor_msgs::msg::NavSatFix coord1, [01;31m[KSensor_msgs[m[K::msg::NavSatFix coord2)
      |                                                                                      [01;31m[K^~~~~~~~~~~[m[K
[01m[K/home/boat/Desktop/src/boat_control_system_final/src/Coordinate_Calculations.cpp:47:120:[m[K [01;31m[Kerror: [m[Kexpression list treated as compound expression in initializer [[01;31m[K]8;;https://gcc.gnu.org/onlinedocs/gcc/Warning-Options.html#index-fpermissive-fpermissive]8;;[m[K]
   47 | float CoordinateCalculations::calculate_distance(Sensor_msgs::msg::NavSatFix coord1, Sensor_msgs::msg::NavSatFix coord2[01;31m[K)[m[K
      |                                                                                                                        [01;31m[K^[m[K
[01m[K/home/boat/Desktop/src/boat_control_system_final/src/Coordinate_Calculations.cpp:60:7:[m[K [01;31m[Kerror: [m[Kâ€˜[01m[Kfloat CoordinateCalculations::calculate_bearing[m[Kâ€™ is not a static data member of â€˜[01m[Kclass CoordinateCalculations[m[Kâ€™
   60 | float [01;31m[KCoordinateCalculations[m[K::calculate_bearing(Sensor_msgs::msg::NavSatFix curr_coord, Sensor_msgs::msg::NavSatFix tar_coord)
      |       [01;31m[K^~~~~~~~~~~~~~~~~~~~~~[m[K
[01m[K/home/boat/Desktop/src/boat_control_system_final/src/Coordinate_Calculations.cpp:60:49:[m[K [01;31m[Kerror: [m[Kâ€˜[01m[KSensor_msgs[m[Kâ€™ has not been declared
   60 | float CoordinateCalculations::calculate_bearing([01;31m[KSensor_msgs[m[K::msg::NavSatFix curr_coord, Sensor_msgs::msg::NavSatFix tar_coord)
      |                                                 [01;31m[K^~~~~~~~~~~[m[K
[01m[K/home/boat/Desktop/src/boat_control_system_final/src/Coordinate_Calculations.cpp:60:89:[m[K [01;31m[Kerror: [m[Kâ€˜[01m[KSensor_msgs[m[Kâ€™ has not been declared
   60 | float CoordinateCalculations::calculate_bearing(Sensor_msgs::msg::NavSatFix curr_coord, [01;31m[KSensor_msgs[m[K::msg::NavSatFix tar_coord)
      |                                                                                         [01;31m[K^~~~~~~~~~~[m[K
[01m[K/home/boat/Desktop/src/boat_control_system_final/src/Coordinate_Calculations.cpp:60:126:[m[K [01;31m[Kerror: [m[Kexpression list treated as compound expression in initializer [[01;31m[K]8;;https://gcc.gnu.org/onlinedocs/gcc/Warning-Options.html#index-fpermissive-fpermissive]8;;[m[K]
   60 | float CoordinateCalculations::calculate_bearing(Sensor_msgs::msg::NavSatFix curr_coord, Sensor_msgs::msg::NavSatFix tar_coord[01;31m[K)[m[K
      |                                                                                                                              [01;31m[K^[m[K
[01m[K/home/boat/Desktop/src/boat_control_system_final/src/Coordinate_Calculations.cpp:82:1:[m[K [01;31m[Kerror: [m[Kâ€˜[01m[KSensor_msgs[m[Kâ€™ does not name a type
   82 | [01;31m[KSensor_msgs[m[K::msg::NavSatFix CoordinateCalculations::convert_to_position(Sensor_msgs::msg::NavSatFix position, float angle, float distance)
      | [01;31m[K^~~~~~~~~~~[m[K
[01m[K/home/boat/Desktop/src/boat_control_system_final/src/Coordinate_Calculations.cpp:105:31:[m[K [01;31m[Kerror: [m[Kâ€˜[01m[Kstd::pair<std::__cxx11::basic_string<char>, float> CoordinateCalculations::calculate_directional_bearing[m[Kâ€™ is not a static data member of â€˜[01m[Kclass CoordinateCalculations[m[Kâ€™
  105 | std::pair<std::string, float> [01;31m[KCoordinateCalculations[m[K::calculate_directional_bearing(Sensor_msgs::msg::NavSatFix target_waypoint)
      |                               [01;31m[K^~~~~~~~~~~~~~~~~~~~~~[m[K
[01m[K/home/boat/Desktop/src/boat_control_system_final/src/Coordinate_Calculations.cpp:105:85:[m[K [01;31m[Kerror: [m[Kâ€˜[01m[KSensor_msgs[m[Kâ€™ has not been declared
  105 | std::pair<std::string, float> CoordinateCalculations::calculate_directional_bearing([01;31m[KSensor_msgs[m[K::msg::NavSatFix target_waypoint)
      |                                                                                     [01;31m[K^~~~~~~~~~~[m[K
[01m[K/home/boat/Desktop/src/boat_control_system_final/src/Coordinate_Calculations.cpp:106:1:[m[K [01;31m[Kerror: [m[Kexpected â€˜[01m[K,[m[Kâ€™ or â€˜[01m[K;[m[Kâ€™ before â€˜[01m[K{[m[Kâ€™ token
  106 | [01;31m[K{[m[K
      | [01;31m[K^[m[K
[01m[K/home/boat/Desktop/src/boat_control_system_final/src/Coordinate_Calculations.cpp:[m[K In member function â€˜[01m[Kfloat CoordinateCalculations::calculate_angle_to_wind()[m[Kâ€™:
[01m[K/home/boat/Desktop/src/boat_control_system_final/src/Coordinate_Calculations.cpp:142:28:[m[K [01;31m[Kerror: [m[Kâ€˜[01m[Kget_avg_angle[m[Kâ€™ was not declared in this scope
  142 |     float wind_direction = [01;31m[Kget_avg_angle[m[K();
      |                            [01;31m[K^~~~~~~~~~~~~[m[K
[01m[K/home/boat/Desktop/src/boat_control_system_final/src/Coordinate_Calculations.cpp:143:29:[m[K [01;31m[Kerror: [m[Kâ€˜[01m[Kget_heading_lis3mdl[m[Kâ€™ was not declared in this scope
  143 |     float current_heading = [01;31m[Kget_heading_lis3mdl[m[K();
      |                             [01;31m[K^~~~~~~~~~~~~~~~~~~[m[K
[01m[K/home/boat/Desktop/src/boat_control_system_final/src/Coordinate_Calculations.cpp:[m[K At global scope:
[01m[K/home/boat/Desktop/src/boat_control_system_final/src/Coordinate_Calculations.cpp:157:46:[m[K [01;31m[Kerror: [m[Kâ€˜[01m[KSensor_msgs[m[Kâ€™ does not name a type
  157 | void CoordinateCalculations::plan_path(const [01;31m[KSensor_msgs[m[K::msg::NavSatFix& curr_position, const Sensor_msgs::msg::NavSatFix& next_waypoint)
      |                                              [01;31m[K^~~~~~~~~~~[m[K
[01m[K/home/boat/Desktop/src/boat_control_system_final/src/Coordinate_Calculations.cpp:157:62:[m[K [01;31m[Kerror: [m[Kexpected unqualified-id before â€˜[01m[K::[m[Kâ€™ token
  157 | void CoordinateCalculations::plan_path(const Sensor_msgs::msg[01;31m[K::[m[KNavSatFix& curr_position, const Sensor_msgs::msg::NavSatFix& next_waypoint)
      |                                                              [01;31m[K^~[m[K
[01m[K/home/boat/Desktop/src/boat_control_system_final/src/Coordinate_Calculations.cpp:157:62:[m[K [01;31m[Kerror: [m[Kexpected â€˜[01m[K)[m[Kâ€™ before â€˜[01m[K::[m[Kâ€™ token
  157 | void CoordinateCalculations::plan_path[34m[K([m[Kconst Sensor_msgs::msg[01;31m[K:[m[K[32m[K:[m[KNavSatFix& curr_position, const Sensor_msgs::msg::NavSatFix& next_waypoint)
      |                                       [34m[K~[m[K                      [01;31m[K^[m[K[32m[K~[m[K
      |                                                              [32m[K)[m[K
[01m[K/home/boat/Desktop/src/boat_control_system_final/src/Coordinate_Calculations.cpp:157:62:[m[K [01;31m[Kerror: [m[Kexpected initializer before â€˜[01m[K::[m[Kâ€™ token
  157 | void CoordinateCalculations::plan_path(const Sensor_msgs::msg[01;31m[K::[m[KNavSatFix& curr_position, const Sensor_msgs::msg::NavSatFix& next_waypoint)
      |                                                              [01;31m[K^~[m[K
gmake[2]: *** [CMakeFiles/CoordinateCalculations.dir/build.make:76: CMakeFiles/CoordinateCalculations.dir/src/Coordinate_Calculations.cpp.o] Error 1
gmake[1]: *** [CMakeFiles/Makefile2:221: CMakeFiles/CoordinateCalculations.dir/all] Error 2
gmake: *** [Makefile:146: all] Error 2
