[0.080s] Invoking command in '/home/boat/Desktop/src/boat_control_system_final/build/boat_control_system_final': CMAKE_PREFIX_PATH=/opt/ros/humble /usr/bin/cmake --build /home/boat/Desktop/src/boat_control_system_final/build/boat_control_system_final -- -j4 -l4
[0.291s] [35m[1mConsolidate compiler generated dependencies of target WaypointQueue[0m
[0.420s] [ 25%] [32mBuilding CXX object CMakeFiles/WaypointQueue.dir/src/WaypointQueue.cpp.o[0m
[13.319s] In file included from [01m[K/home/boat/Desktop/src/boat_control_system_final/src/WaypointQueue.cpp:15[m[K:
[13.319s] [01m[K/home/boat/Desktop/src/boat_control_system_final/include/boat_control_system_final/WaypointQueue.hpp:24:10:[m[K [01;31m[Kerror: [m[Kextra qualification â€˜[01m[KWaypointQueue::[m[Kâ€™ on member â€˜[01m[Kinitialize_autonomous_mode[m[Kâ€™ [[01;31m[K]8;;https://gcc.gnu.org/onlinedocs/gcc/Warning-Options.html#index-fpermissive-fpermissive]8;;[m[K]
[13.320s]    24 |     void [01;31m[KWaypointQueue[m[K::initialize_autonomous_mode(std::shared_ptr<rclcpp::Node> node);
[13.321s]       |          [01;31m[K^~~~~~~~~~~~~[m[K
[15.218s] gmake[2]: *** [CMakeFiles/WaypointQueue.dir/build.make:76: CMakeFiles/WaypointQueue.dir/src/WaypointQueue.cpp.o] Error 1
[15.220s] gmake[1]: *** [CMakeFiles/Makefile2:165: CMakeFiles/WaypointQueue.dir/all] Error 2
[15.220s] gmake: *** [Makefile:146: all] Error 2
[15.227s] Invoked command in '/home/boat/Desktop/src/boat_control_system_final/build/boat_control_system_final' returned '2': CMAKE_PREFIX_PATH=/opt/ros/humble /usr/bin/cmake --build /home/boat/Desktop/src/boat_control_system_final/build/boat_control_system_final -- -j4 -l4
