-- Found ament_cmake: 1.3.10 (/opt/ros/humble/share/ament_cmake/cmake)
-- Found rclcpp: 16.0.10 (/opt/ros/humble/share/rclcpp/cmake)
-- Found rosidl_generator_c: 3.1.5 (/opt/ros/humble/share/rosidl_generator_c/cmake)
-- Found rosidl_adapter: 3.1.5 (/opt/ros/humble/share/rosidl_adapter/cmake)
-- Found rosidl_generator_cpp: 3.1.5 (/opt/ros/humble/share/rosidl_generator_cpp/cmake)
-- Using all available rosidl_typesupport_c: rosidl_typesupport_fastrtps_c;rosidl_typesupport_introspection_c
-- Using all available rosidl_typesupport_cpp: rosidl_typesupport_fastrtps_cpp;rosidl_typesupport_introspection_cpp
-- Found rmw_implementation_cmake: 6.1.2 (/opt/ros/humble/share/rmw_implementation_cmake/cmake)
-- Found rmw_fastrtps_cpp: 6.2.7 (/opt/ros/humble/share/rmw_fastrtps_cpp/cmake)
-- Using RMW implementation 'rmw_fastrtps_cpp' as default
-- Found sensor_msgs: 4.2.4 (/opt/ros/humble/share/sensor_msgs/cmake)
-- Found ament_lint_auto: 0.12.11 (/opt/ros/humble/share/ament_lint_auto/cmake)
-- Added test 'cppcheck' to perform static code analysis on C / C++ code
-- Configured cppcheck include dirs: /home/boat/Desktop/src/boat_control_system_final/include/boat_control_system_final
-- Configured cppcheck exclude dirs and/or files: 
-- Added test 'flake8' to check Python code syntax and style conventions
-- Added test 'lint_cmake' to check CMake code style
-- Added test 'pep257' to check Python code against some of the docstring style conventions in PEP 257
-- Added test 'uncrustify' to check C / C++ code style
-- Configured uncrustify additional arguments: 
-- Added test 'xmllint' to check XML markup files
-- Configuring done
-- Generating done
-- Build files have been written to: /home/boat/Desktop/src/boat_control_system_final/build/boat_control_system_final
[35m[1mConsolidate compiler generated dependencies of target WaypointQueue[0m
[35m[1mConsolidate compiler generated dependencies of target CoordinateCalculations[0m
[ 16%] Built target WaypointQueue
[ 33%] Built target CoordinateCalculations
[35m[1mConsolidate compiler generated dependencies of target CoordinateCalculationsNodeLib[0m
[35m[1mConsolidate compiler generated dependencies of target WaypointQueueNode[0m
[ 41%] [32mBuilding CXX object CMakeFiles/RudderServoControlNode.dir/src/RudderServoControlNode.cpp.o[0m
[ 58%] Built target CoordinateCalculationsNodeLib
[ 75%] Built target WaypointQueueNode
[35m[1mConsolidate compiler generated dependencies of target CoordinateCalculationsNodeExec[0m
[ 91%] Built target CoordinateCalculationsNodeExec
[01m[K/home/boat/Desktop/src/boat_control_system_final/src/RudderServoControlNode.cpp:[m[K In constructor â€˜[01m[KRudderServoControlNode::RudderServoControlNode()[m[Kâ€™:
[01m[K/home/boat/Desktop/src/boat_control_system_final/src/RudderServoControlNode.cpp:28:5:[m[K [01;31m[Kerror: [m[Kâ€˜[01m[Kfinal_waypoint_subscriber_[m[Kâ€™ was not declared in this scope
   28 |     [01;31m[Kfinal_waypoint_subscriber_[m[K = this->create_subscription<sensor_msgs::msg::NavSatFix>(
      |     [01;31m[K^~~~~~~~~~~~~~~~~~~~~~~~~~[m[K
[01m[K/home/boat/Desktop/src/boat_control_system_final/src/RudderServoControlNode.cpp:31:44:[m[K [01;31m[Kerror: [m[Kâ€˜[01m[KfinalWaypointCallback[m[Kâ€™ is not a member of â€˜[01m[KRudderServoControlNode[m[Kâ€™
   31 |         std::bind(&RudderServoControlNode::[01;31m[KfinalWaypointCallback[m[K, this, std::placeholders::_1));
      |                                            [01;31m[K^~~~~~~~~~~~~~~~~~~~~[m[K
[01m[K/home/boat/Desktop/src/boat_control_system_final/src/RudderServoControlNode.cpp:[m[K At global scope:
[01m[K/home/boat/Desktop/src/boat_control_system_final/src/RudderServoControlNode.cpp:53:6:[m[K [01;31m[Kerror: [m[Kno declaration matches â€˜[01m[Kvoid RudderServoControlNode::finalWaypointCallback(sensor_msgs::msg::NavSatFix_<std::allocator<void> >::SharedPtr)[m[Kâ€™
   53 | void [01;31m[KRudderServoControlNode[m[K::finalWaypointCallback(const sensor_msgs::msg::NavSatFix::SharedPtr msg)
      |      [01;31m[K^~~~~~~~~~~~~~~~~~~~~~[m[K
[01m[K/home/boat/Desktop/src/boat_control_system_final/src/RudderServoControlNode.cpp:53:6:[m[K [01;36m[Knote: [m[Kno functions named â€˜[01m[Kvoid RudderServoControlNode::finalWaypointCallback(sensor_msgs::msg::NavSatFix_<std::allocator<void> >::SharedPtr)[m[Kâ€™
In file included from [01m[K/home/boat/Desktop/src/boat_control_system_final/src/RudderServoControlNode.cpp:14[m[K:
[01m[K/home/boat/Desktop/src/boat_control_system_final/include/boat_control_system_final/RudderServoControlNode.hpp:18:7:[m[K [01;36m[Knote: [m[Kâ€˜[01m[Kclass RudderServoControlNode[m[Kâ€™ defined here
   18 | class [01;36m[KRudderServoControlNode[m[K : public rclcpp::Node
      |       [01;36m[K^~~~~~~~~~~~~~~~~~~~~~[m[K
[01m[K/home/boat/Desktop/src/boat_control_system_final/src/RudderServoControlNode.cpp:[m[K In member function â€˜[01m[Kvoid RudderServoControlNode::turnBoat(float, bool)[m[Kâ€™:
[01m[K/home/boat/Desktop/src/boat_control_system_final/src/RudderServoControlNode.cpp:77:73:[m[K [01;35m[Kwarning: [m[Kunused parameter â€˜[01m[Kspeed_needed[m[Kâ€™ [[01;35m[K]8;;https://gcc.gnu.org/onlinedocs/gcc/Warning-Options.html#index-Wunused-parameter-Wunused-parameter]8;;[m[K]
   77 | void RudderServoControlNode::turnBoat(float desired_angle_heading, [01;35m[Kbool speed_needed[m[K)
      |                                                                    [01;35m[K~~~~~^~~~~~~~~~~~[m[K
[01m[K/home/boat/Desktop/src/boat_control_system_final/src/RudderServoControlNode.cpp:[m[K At global scope:
[01m[K/home/boat/Desktop/src/boat_control_system_final/src/RudderServoControlNode.cpp:103:6:[m[K [01;31m[Kerror: [m[Kâ€˜[01m[KWaypointQueue[m[Kâ€™ has not been declared
  103 | void [01;31m[KWaypointQueue[m[K::execute_waypoints()
      |      [01;31m[K^~~~~~~~~~~~~[m[K
[01m[K/home/boat/Desktop/src/boat_control_system_final/src/RudderServoControlNode.cpp:[m[K In function â€˜[01m[Kvoid execute_waypoints()[m[Kâ€™:
[01m[K/home/boat/Desktop/src/boat_control_system_final/src/RudderServoControlNode.cpp:106:12:[m[K [01;31m[Kerror: [m[Kâ€˜[01m[Kautonomous_mode[m[Kâ€™ was not declared in this scope
  106 |     while ([01;31m[Kautonomous_mode[m[K)
      |            [01;31m[K^~~~~~~~~~~~~~~[m[K
[01m[K/home/boat/Desktop/src/boat_control_system_final/src/RudderServoControlNode.cpp:109:13:[m[K [01;31m[Kerror: [m[Kâ€˜[01m[Kservo_queue_[m[Kâ€™ was not declared in this scope
  109 |         if ([01;31m[Kservo_queue_[m[K.empty())
      |             [01;31m[K^~~~~~~~~~~~[m[K
[01m[K/home/boat/Desktop/src/boat_control_system_final/src/RudderServoControlNode.cpp:112:13:[m[K [01;31m[Kerror: [m[Kâ€˜[01m[KDatatypes[m[Kâ€™ has not been declared
  112 |             [01;31m[KDatatypes[m[K::Coordinate curr_position = get_curr_coordinate();
      |             [01;31m[K^~~~~~~~~[m[K
[01m[K/home/boat/Desktop/src/boat_control_system_final/src/RudderServoControlNode.cpp:115:74:[m[K [01;31m[Kerror: [m[Kâ€˜[01m[Kcurr_position[m[Kâ€™ was not declared in this scope
  115 |             if (CoordinateCalculations::getInstance().calculate_distance([01;31m[Kcurr_position[m[K, previous_waypoint) <= 0.05)
      |                                                                          [01;31m[K^~~~~~~~~~~~~[m[K
[01m[K/home/boat/Desktop/src/boat_control_system_final/src/RudderServoControlNode.cpp:115:89:[m[K [01;31m[Kerror: [m[Kâ€˜[01m[Kprevious_waypoint[m[Kâ€™ was not declared in this scope
  115 |             if (CoordinateCalculations::getInstance().calculate_distance(curr_position, [01;31m[Kprevious_waypoint[m[K) <= 0.05)
      |                                                                                         [01;31m[K^~~~~~~~~~~~~~~~~[m[K
[01m[K/home/boat/Desktop/src/boat_control_system_final/src/RudderServoControlNode.cpp:118:34:[m[K [01;31m[Kerror: [m[Kâ€˜[01m[Kget_avg_angle[m[Kâ€™ was not declared in this scope
  118 |                 set_rudder_servo([01;31m[Kget_avg_angle[m[K());
      |                                  [01;31m[K^~~~~~~~~~~~~[m[K
[01m[K/home/boat/Desktop/src/boat_control_system_final/src/RudderServoControlNode.cpp:118:17:[m[K [01;31m[Kerror: [m[Kâ€˜[01m[Kset_rudder_servo[m[Kâ€™ was not declared in this scope
  118 |                 [01;31m[Kset_rudder_servo[m[K(get_avg_angle());
      |                 [01;31m[K^~~~~~~~~~~~~~~~[m[K
[01m[K/home/boat/Desktop/src/boat_control_system_final/src/RudderServoControlNode.cpp:119:17:[m[K [01;31m[Kerror: [m[Kâ€˜[01m[Kset_sail_servo[m[Kâ€™ was not declared in this scope
  119 |                 [01;31m[Kset_sail_servo[m[K(get_avg_angle());
      |                 [01;31m[K^~~~~~~~~~~~~~[m[K
[01m[K/home/boat/Desktop/src/boat_control_system_final/src/RudderServoControlNode.cpp:126:9:[m[K [01;31m[Kerror: [m[Kâ€˜[01m[KDatatypes[m[Kâ€™ has not been declared
  126 |         [01;31m[KDatatypes[m[K::Coordinate next_waypoint = get_next_waypoint();
      |         [01;31m[K^~~~~~~~~[m[K
[01m[K/home/boat/Desktop/src/boat_control_system_final/src/RudderServoControlNode.cpp:127:9:[m[K [01;31m[Kerror: [m[Kâ€˜[01m[KDatatypes[m[Kâ€™ has not been declared
  127 |         [01;31m[KDatatypes[m[K::Coordinate curr_position = get_curr_coordinate();
      |         [01;31m[K^~~~~~~~~[m[K
[01m[K/home/boat/Desktop/src/boat_control_system_final/src/RudderServoControlNode.cpp:128:32:[m[K [01;31m[Kerror: [m[Kâ€˜[01m[Kget_avg_angle[m[Kâ€™ was not declared in this scope
  128 |         float wind_direction = [01;31m[Kget_avg_angle[m[K();  // Get current wind direction
      |                                [01;31m[K^~~~~~~~~~~~~[m[K
[01m[K/home/boat/Desktop/src/boat_control_system_final/src/RudderServoControlNode.cpp:131:21:[m[K [01;31m[Kerror: [m[Kâ€˜[01m[KDatatypes[m[Kâ€™ was not declared in this scope
  131 |         std::vector<[01;31m[KDatatypes[m[K::Coordinate> tack_waypoints =
      |                     [01;31m[K^~~~~~~~~[m[K
[01m[K/home/boat/Desktop/src/boat_control_system_final/src/RudderServoControlNode.cpp:131:42:[m[K [01;31m[Kerror: [m[Ktemplate argument 1 is invalid
  131 |         std::vector<Datatypes::Coordinate[01;31m[K>[m[K tack_waypoints =
      |                                          [01;31m[K^[m[K
[01m[K/home/boat/Desktop/src/boat_control_system_final/src/RudderServoControlNode.cpp:131:42:[m[K [01;31m[Kerror: [m[Ktemplate argument 2 is invalid
[01m[K/home/boat/Desktop/src/boat_control_system_final/src/RudderServoControlNode.cpp:132:51:[m[K [01;31m[Kerror: [m[Kâ€˜[01m[Kclass CoordinateCalculations[m[Kâ€™ has no member named â€˜[01m[Kcalculate_tacking_waypoints[m[Kâ€™
  132 |             CoordinateCalculations::getInstance().[01;31m[Kcalculate_tacking_waypoints[m[K(curr_position, next_waypoint, wind_direction, max_upwind_angle);
      |                                                   [01;31m[K^~~~~~~~~~~~~~~~~~~~~~~~~~~[m[K
[01m[K/home/boat/Desktop/src/boat_control_system_final/src/RudderServoControlNode.cpp:132:79:[m[K [01;31m[Kerror: [m[Kâ€˜[01m[Kcurr_position[m[Kâ€™ was not declared in this scope
  132 |             CoordinateCalculations::getInstance().calculate_tacking_waypoints([01;31m[Kcurr_position[m[K, next_waypoint, wind_direction, max_upwind_angle);
      |                                                                               [01;31m[K^~~~~~~~~~~~~[m[K
[01m[K/home/boat/Desktop/src/boat_control_system_final/src/RudderServoControlNode.cpp:132:94:[m[K [01;31m[Kerror: [m[Kâ€˜[01m[Knext_waypoint[m[Kâ€™ was not declared in this scope
  132 |             CoordinateCalculations::getInstance().calculate_tacking_waypoints(curr_position, [01;31m[Knext_waypoint[m[K, wind_direction, max_upwind_angle);
      |                                                                                              [01;31m[K^~~~~~~~~~~~~[m[K
[01m[K/home/boat/Desktop/src/boat_control_system_final/src/RudderServoControlNode.cpp:132:125:[m[K [01;31m[Kerror: [m[Kâ€˜[01m[Kmax_upwind_angle[m[Kâ€™ was not declared in this scope
  132 |             CoordinateCalculations::getInstance().calculate_tacking_waypoints(curr_position, next_waypoint, wind_direction, [01;31m[Kmax_upwind_angle[m[K);
      |                                                                                                                             [01;31m[K^~~~~~~~~~~~~~~~[m[K
[01m[K/home/boat/Desktop/src/boat_control_system_final/src/RudderServoControlNode.cpp:134:37:[m[K [01;31m[Kerror: [m[Kâ€˜[01m[Kbegin[m[Kâ€™ was not declared in this scope; did you mean â€˜[01m[Kstd::begin[m[Kâ€™?
  134 |         for (const auto& waypoint : [01;31m[Ktack_waypoints[m[K) {
      |                                     [01;31m[K^~~~~~~~~~~~~~[m[K
      |                                     [32m[Kstd::begin[m[K
In file included from [01m[K/usr/include/c++/11/array:41[m[K,
                 from [01m[K/usr/include/c++/11/tuple:39[m[K,
                 from [01m[K/usr/include/c++/11/functional:54[m[K,
                 from [01m[K/usr/include/c++/11/pstl/glue_algorithm_defs.h:13[m[K,
                 from [01m[K/usr/include/c++/11/algorithm:74[m[K,
                 from [01m[K/opt/ros/humble/include/std_msgs/std_msgs/msg/detail/string__struct.hpp:8[m[K,
                 from [01m[K/opt/ros/humble/include/std_msgs/std_msgs/msg/string.hpp:7[m[K,
                 from [01m[K/home/boat/Desktop/src/boat_control_system_final/src/RudderServoControlNode.cpp:6[m[K:
[01m[K/usr/include/c++/11/bits/range_access.h:108:37:[m[K [01;36m[Knote: [m[Kâ€˜[01m[Kstd::begin[m[Kâ€™ declared here
  108 |   template<typename _Tp> const _Tp* [01;36m[Kbegin[m[K(const valarray<_Tp>&) noexcept;
      |                                     [01;36m[K^~~~~[m[K
[01m[K/home/boat/Desktop/src/boat_control_system_final/src/RudderServoControlNode.cpp:134:37:[m[K [01;31m[Kerror: [m[Kâ€˜[01m[Kend[m[Kâ€™ was not declared in this scope; did you mean â€˜[01m[Kstd::end[m[Kâ€™?
  134 |         for (const auto& waypoint : [01;31m[Ktack_waypoints[m[K) {
      |                                     [01;31m[K^~~~~~~~~~~~~~[m[K
      |                                     [32m[Kstd::end[m[K
In file included from [01m[K/usr/include/c++/11/array:41[m[K,
                 from [01m[K/usr/include/c++/11/tuple:39[m[K,
                 from [01m[K/usr/include/c++/11/functional:54[m[K,
                 from [01m[K/usr/include/c++/11/pstl/glue_algorithm_defs.h:13[m[K,
                 from [01m[K/usr/include/c++/11/algorithm:74[m[K,
                 from [01m[K/opt/ros/humble/include/std_msgs/std_msgs/msg/detail/string__struct.hpp:8[m[K,
                 from [01m[K/opt/ros/humble/include/std_msgs/std_msgs/msg/string.hpp:7[m[K,
                 from [01m[K/home/boat/Desktop/src/boat_control_system_final/src/RudderServoControlNode.cpp:6[m[K:
[01m[K/usr/include/c++/11/bits/range_access.h:110:37:[m[K [01;36m[Knote: [m[Kâ€˜[01m[Kstd::end[m[Kâ€™ declared here
  110 |   template<typename _Tp> const _Tp* [01;36m[Kend[m[K(const valarray<_Tp>&) noexcept;
      |                                     [01;36m[K^~~[m[K
[01m[K/home/boat/Desktop/src/boat_control_system_final/src/RudderServoControlNode.cpp:135:13:[m[K [01;31m[Kerror: [m[Kâ€˜[01m[Kadd_front_waypoint[m[Kâ€™ was not declared in this scope
  135 |             [01;31m[Kadd_front_waypoint[m[K(waypoint);
      |             [01;31m[K^~~~~~~~~~~~~~~~~~[m[K
[01m[K/home/boat/Desktop/src/boat_control_system_final/src/RudderServoControlNode.cpp:139:36:[m[K [01;31m[Kerror: [m[Kâ€˜[01m[Kwaypoints[m[Kâ€™ was not declared in this scope
  139 |         while (autonomous_mode && ![01;31m[Kwaypoints[m[K.empty())
      |                                    [01;31m[K^~~~~~~~~[m[K
[01m[K/home/boat/Desktop/src/boat_control_system_final/src/RudderServoControlNode.cpp:142:29:[m[K [01;31m[Kerror: [m[Kâ€˜[01m[Kget_curr_coordinate[m[Kâ€™ was not declared in this scope
  142 |             curr_position = [01;31m[Kget_curr_coordinate[m[K();
      |                             [01;31m[K^~~~~~~~~~~~~~~~~~~[m[K
[01m[K/home/boat/Desktop/src/boat_control_system_final/src/RudderServoControlNode.cpp:143:29:[m[K [01;31m[Kerror: [m[Kâ€˜[01m[Kget_next_waypoint[m[Kâ€™ was not declared in this scope
  143 |             next_waypoint = [01;31m[Kget_next_waypoint[m[K();
      |                             [01;31m[K^~~~~~~~~~~~~~~~~[m[K
[01m[K/home/boat/Desktop/src/boat_control_system_final/src/RudderServoControlNode.cpp:156:13:[m[K [01;31m[Kerror: [m[Kâ€˜[01m[Ksteering_boat[m[Kâ€™ was not declared in this scope
  156 |             [01;31m[Ksteering_boat[m[K(bearing_to_waypoint);
      |             [01;31m[K^~~~~~~~~~~~~[m[K
[01m[K/home/boat/Desktop/src/boat_control_system_final/src/RudderServoControlNode.cpp:163:13:[m[K [01;31m[Kerror: [m[Kâ€˜[01m[Kwaypoints[m[Kâ€™ was not declared in this scope
  163 |         if ([01;31m[Kwaypoints[m[K.empty() && CoordinateCalculations::getInstance().calculate_distance(curr_position, next_waypoint) <= 0.05)
      |             [01;31m[K^~~~~~~~~[m[K
[01m[K/home/boat/Desktop/src/boat_control_system_final/src/RudderServoControlNode.cpp:165:13:[m[K [01;31m[Kerror: [m[Kâ€˜[01m[Kset_rudder_servo[m[Kâ€™ was not declared in this scope
  165 |             [01;31m[Kset_rudder_servo[m[K(get_avg_angle());  // Point the rudder into the wind to idle
      |             [01;31m[K^~~~~~~~~~~~~~~~[m[K
[01m[K/home/boat/Desktop/src/boat_control_system_final/src/RudderServoControlNode.cpp:[m[K In member function â€˜[01m[Kvoid RudderServoControlNode::executeWaypoints()[m[Kâ€™:
[01m[K/home/boat/Desktop/src/boat_control_system_final/src/RudderServoControlNode.cpp:178:50:[m[K [01;31m[Kerror: [m[Kâ€˜[01m[Klatest_waypoint_data_[m[Kâ€™ was not declared in this scope; did you mean â€˜[01m[Klatest_gps_data_[m[Kâ€™?
  178 |             if (calculateDistance(curr_position, [01;31m[Klatest_waypoint_data_[m[K) <= 0.05)
      |                                                  [01;31m[K^~~~~~~~~~~~~~~~~~~~~[m[K
      |                                                  [32m[Klatest_gps_data_[m[K
[01m[K/home/boat/Desktop/src/boat_control_system_final/src/RudderServoControlNode.cpp:[m[K At global scope:
[01m[K/home/boat/Desktop/src/boat_control_system_final/src/RudderServoControlNode.cpp:192:6:[m[K [01;31m[Kerror: [m[Kno declaration matches â€˜[01m[Kvoid RudderServoControlNode::setRudderServo(float)[m[Kâ€™
  192 | void [01;31m[KRudderServoControlNode[m[K::setRudderServo(float angle)
      |      [01;31m[K^~~~~~~~~~~~~~~~~~~~~~[m[K
In file included from [01m[K/home/boat/Desktop/src/boat_control_system_final/src/RudderServoControlNode.cpp:14[m[K:
[01m[K/home/boat/Desktop/src/boat_control_system_final/include/boat_control_system_final/RudderServoControlNode.hpp:31:10:[m[K [01;36m[Knote: [m[Kcandidate is: â€˜[01m[Kvoid RudderServoControlNode::setRudderServo(int)[m[Kâ€™
   31 |     void [01;36m[KsetRudderServo[m[K(int angle);
      |          [01;36m[K^~~~~~~~~~~~~~[m[K
[01m[K/home/boat/Desktop/src/boat_control_system_final/include/boat_control_system_final/RudderServoControlNode.hpp:18:7:[m[K [01;36m[Knote: [m[Kâ€˜[01m[Kclass RudderServoControlNode[m[Kâ€™ defined here
   18 | class [01;36m[KRudderServoControlNode[m[K : public rclcpp::Node
      |       [01;36m[K^~~~~~~~~~~~~~~~~~~~~~[m[K
gmake[2]: *** [CMakeFiles/RudderServoControlNode.dir/build.make:76: CMakeFiles/RudderServoControlNode.dir/src/RudderServoControlNode.cpp.o] Error 1
gmake[1]: *** [CMakeFiles/Makefile2:281: CMakeFiles/RudderServoControlNode.dir/all] Error 2
gmake: *** [Makefile:146: all] Error 2
