[ 16%] Built target WaypointQueue
[ 33%] Built target CoordinateCalculations
[35m[1mConsolidate compiler generated dependencies of target RudderServoControlNode[0m
[ 50%] Built target CoordinateCalculationsNodeLib
[ 66%] Built target WaypointQueueNode
[ 75%] [32mBuilding CXX object CMakeFiles/RudderServoControlNode.dir/src/RudderServoControlNode.cpp.o[0m
[ 91%] Built target CoordinateCalculationsNodeExec
[100%] [32m[1mLinking CXX executable RudderServoControlNode[0m
/usr/bin/ld: CMakeFiles/RudderServoControlNode.dir/src/RudderServoControlNode.cpp.o: in function `RudderServoControlNode::RudderServoControlNode()':
RudderServoControlNode.cpp:(.text+0x2a4): undefined reference to `RudderServoControlNode::executingStateCallback(std::shared_ptr<std_msgs::msg::Bool_<std::allocator<void> > >)'
/usr/bin/ld: RudderServoControlNode.cpp:(.text+0x2a8): undefined reference to `RudderServoControlNode::executingStateCallback(std::shared_ptr<std_msgs::msg::Bool_<std::allocator<void> > >)'
/usr/bin/ld: CMakeFiles/RudderServoControlNode.dir/src/RudderServoControlNode.cpp.o: in function `RudderServoControlNode::turnBoat(sensor_msgs::msg::NavSatFix_<std::allocator<void> >)':
RudderServoControlNode.cpp:(.text+0x12f8): undefined reference to `RudderServoControlNode::getCurrentHeading()'
/usr/bin/ld: CMakeFiles/RudderServoControlNode.dir/src/RudderServoControlNode.cpp.o: in function `RudderServoControlNode::executeWaypoints()':
RudderServoControlNode.cpp:(.text+0x156c): undefined reference to `RudderServoControlNode::getCurrCoordinate()'
/usr/bin/ld: RudderServoControlNode.cpp:(.text+0x1588): undefined reference to `RudderServoControlNode::calculateDistance(sensor_msgs::msg::NavSatFix_<std::allocator<void> > const&, sensor_msgs::msg::NavSatFix_<std::allocator<void> > const&)'
/usr/bin/ld: RudderServoControlNode.cpp:(.text+0x15b0): undefined reference to `RudderServoControlNode::getAvgAngle()'
/usr/bin/ld: RudderServoControlNode.cpp:(.text+0x165c): undefined reference to `RudderServoControlNode::getCurrCoordinate()'
/usr/bin/ld: RudderServoControlNode.cpp:(.text+0x1674): undefined reference to `RudderServoControlNode::calculateDistance(sensor_msgs::msg::NavSatFix_<std::allocator<void> > const&, sensor_msgs::msg::NavSatFix_<std::allocator<void> > const&)'
/usr/bin/ld: libCoordinateCalculations.a(Coordinate_Calculations.cpp.o): in function `CoordinateCalculations::calculate_directional_bearing[abi:cxx11](sensor_msgs::msg::NavSatFix_<std::allocator<void> >)':
Coordinate_Calculations.cpp:(.text+0x528): undefined reference to `CoordinateCalculationsNode::CoordinateCalculationsNode()'
/usr/bin/ld: Coordinate_Calculations.cpp:(.text+0x530): undefined reference to `CoordinateCalculationsNode::get_magnetometer_heading()'
/usr/bin/ld: Coordinate_Calculations.cpp:(.text+0x544): undefined reference to `CoordinateCalculationsNode::get_curr_pos()'
/usr/bin/ld: libCoordinateCalculations.a(Coordinate_Calculations.cpp.o): in function `CoordinateCalculations::calculate_angle_to_wind()':
Coordinate_Calculations.cpp:(.text+0x71c): undefined reference to `CoordinateCalculationsNode::CoordinateCalculationsNode()'
/usr/bin/ld: Coordinate_Calculations.cpp:(.text+0x724): undefined reference to `CoordinateCalculationsNode::get_wind_angle()'
/usr/bin/ld: Coordinate_Calculations.cpp:(.text+0x730): undefined reference to `CoordinateCalculationsNode::get_magnetometer_heading()'
/usr/bin/ld: libCoordinateCalculations.a(Coordinate_Calculations.cpp.o): in function `CoordinateCalculations::plan_path(sensor_msgs::msg::NavSatFix_<std::allocator<void> > const&, sensor_msgs::msg::NavSatFix_<std::allocator<void> > const&)':
Coordinate_Calculations.cpp:(.text+0x80c): undefined reference to `CoordinateCalculationsNode::CoordinateCalculationsNode()'
/usr/bin/ld: Coordinate_Calculations.cpp:(.text+0x860): undefined reference to `CoordinateCalculationsNode::get_wind_angle()'
collect2: error: ld returned 1 exit status
gmake[2]: *** [CMakeFiles/RudderServoControlNode.dir/build.make:177: RudderServoControlNode] Error 1
gmake[1]: *** [CMakeFiles/Makefile2:281: CMakeFiles/RudderServoControlNode.dir/all] Error 2
gmake: *** [Makefile:146: all] Error 2
