[0.068s] Invoking command in '/home/boat/Desktop/src/boat_control_system_final/build/boat_control_system_final': CMAKE_PREFIX_PATH=/opt/ros/humble /usr/bin/cmake --build /home/boat/Desktop/src/boat_control_system_final/build/boat_control_system_final -- -j4 -l4
[0.185s] -- Found ament_cmake: 1.3.10 (/opt/ros/humble/share/ament_cmake/cmake)
[0.818s] -- Found rclcpp: 16.0.10 (/opt/ros/humble/share/rclcpp/cmake)
[1.017s] -- Found rosidl_generator_c: 3.1.5 (/opt/ros/humble/share/rosidl_generator_c/cmake)
[1.029s] -- Found rosidl_adapter: 3.1.5 (/opt/ros/humble/share/rosidl_adapter/cmake)
[1.057s] -- Found rosidl_generator_cpp: 3.1.5 (/opt/ros/humble/share/rosidl_generator_cpp/cmake)
[1.102s] -- Using all available rosidl_typesupport_c: rosidl_typesupport_fastrtps_c;rosidl_typesupport_introspection_c
[1.160s] -- Using all available rosidl_typesupport_cpp: rosidl_typesupport_fastrtps_cpp;rosidl_typesupport_introspection_cpp
[1.312s] -- Found rmw_implementation_cmake: 6.1.2 (/opt/ros/humble/share/rmw_implementation_cmake/cmake)
[1.319s] -- Found rmw_fastrtps_cpp: 6.2.7 (/opt/ros/humble/share/rmw_fastrtps_cpp/cmake)
[2.405s] -- Using RMW implementation 'rmw_fastrtps_cpp' as default
[2.629s] -- Found sensor_msgs: 4.2.4 (/opt/ros/humble/share/sensor_msgs/cmake)
[2.778s] -- Found ament_lint_auto: 0.12.11 (/opt/ros/humble/share/ament_lint_auto/cmake)
[3.757s] -- Added test 'cppcheck' to perform static code analysis on C / C++ code
[3.759s] -- Configured cppcheck include dirs: /home/boat/Desktop/src/boat_control_system_final/include/boat_control_system_final
[3.759s] -- Configured cppcheck exclude dirs and/or files: 
[3.838s] -- Added test 'flake8' to check Python code syntax and style conventions
[3.996s] -- Added test 'lint_cmake' to check CMake code style
[4.076s] -- Added test 'pep257' to check Python code against some of the docstring style conventions in PEP 257
[4.705s] -- Added test 'uncrustify' to check C / C++ code style
[4.705s] -- Configured uncrustify additional arguments: 
[4.784s] -- Added test 'xmllint' to check XML markup files
[4.789s] -- Configuring done
[4.913s] -- Generating done
[4.928s] -- Build files have been written to: /home/boat/Desktop/src/boat_control_system_final/build/boat_control_system_final
[5.053s] [35m[1mConsolidate compiler generated dependencies of target WaypointQueue[0m
[5.096s] [ 12%] [32mBuilding CXX object CMakeFiles/CoordinateCalculations.dir/src/Coordinate_Calculations.cpp.o[0m
[5.162s] [ 37%] Built target WaypointQueue
[5.225s] [35m[1mConsolidate compiler generated dependencies of target WaypointQueueNode[0m
[5.339s] [ 62%] Built target WaypointQueueNode
[8.205s] [01m[K/home/boat/Desktop/src/boat_control_system_final/src/Coordinate_Calculations.cpp:[m[K In member function â€˜[01m[Kfloat CoordinateCalculations::calculate_optimal_sail_angle(float)[m[Kâ€™:
[8.205s] [01m[K/home/boat/Desktop/src/boat_control_system_final/src/Coordinate_Calculations.cpp:26:9:[m[K [01;31m[Kerror: [m[Kâ€˜[01m[Kset_rudder_servo[m[Kâ€™ was not declared in this scope
[8.206s]    26 |         [01;31m[Kset_rudder_servo[m[K(70);
[8.207s]       |         [01;31m[K^~~~~~~~~~~~~~~~[m[K
[8.228s] [01m[K/home/boat/Desktop/src/boat_control_system_final/src/Coordinate_Calculations.cpp:27:9:[m[K [01;31m[Kerror: [m[Kâ€˜[01m[Kset_sail_servo[m[Kâ€™ was not declared in this scope
[8.229s]    27 |         [01;31m[Kset_sail_servo[m[K(70);
[8.229s]       |         [01;31m[K^~~~~~~~~~~~~~[m[K
[8.230s] [01m[K/home/boat/Desktop/src/boat_control_system_final/src/Coordinate_Calculations.cpp:28:14:[m[K [01;31m[Kerror: [m[Kâ€˜[01m[Kstd::this_thread[m[Kâ€™ has not been declared
[8.231s]    28 |         std::[01;31m[Kthis_thread[m[K::sleep_for(std::chrono::milliseconds(100));
[8.232s]       |              [01;31m[K^~~~~~~~~~~[m[K
[8.233s] [01m[K/home/boat/Desktop/src/boat_control_system_final/src/Coordinate_Calculations.cpp:28:42:[m[K [01;31m[Kerror: [m[Kâ€˜[01m[Kstd::chrono[m[Kâ€™ has not been declared
[8.233s]    28 |         std::this_thread::sleep_for(std::[01;31m[Kchrono[m[K::milliseconds(100));
[8.234s]       |                                          [01;31m[K^~~~~~[m[K
[8.234s] [01m[K/home/boat/Desktop/src/boat_control_system_final/src/Coordinate_Calculations.cpp:[m[K At global scope:
[8.235s] [01m[K/home/boat/Desktop/src/boat_control_system_final/src/Coordinate_Calculations.cpp:47:7:[m[K [01;31m[Kerror: [m[Kâ€˜[01m[Kfloat CoordinateCalculations::calculate_distance[m[Kâ€™ is not a static data member of â€˜[01m[Kclass CoordinateCalculations[m[Kâ€™
[8.236s]    47 | float [01;31m[KCoordinateCalculations[m[K::calculate_distance(Sensor_msgs::msg::NavSatFix coord1, Sensor_msgs::msg::NavSatFix coord2)
[8.236s]       |       [01;31m[K^~~~~~~~~~~~~~~~~~~~~~[m[K
[8.237s] [01m[K/home/boat/Desktop/src/boat_control_system_final/src/Coordinate_Calculations.cpp:47:50:[m[K [01;31m[Kerror: [m[Kâ€˜[01m[KSensor_msgs[m[Kâ€™ has not been declared
[8.238s]    47 | float CoordinateCalculations::calculate_distance([01;31m[KSensor_msgs[m[K::msg::NavSatFix coord1, Sensor_msgs::msg::NavSatFix coord2)
[8.239s]       |                                                  [01;31m[K^~~~~~~~~~~[m[K
[8.240s] [01m[K/home/boat/Desktop/src/boat_control_system_final/src/Coordinate_Calculations.cpp:47:86:[m[K [01;31m[Kerror: [m[Kâ€˜[01m[KSensor_msgs[m[Kâ€™ has not been declared
[8.241s]    47 | float CoordinateCalculations::calculate_distance(Sensor_msgs::msg::NavSatFix coord1, [01;31m[KSensor_msgs[m[K::msg::NavSatFix coord2)
[8.241s]       |                                                                                      [01;31m[K^~~~~~~~~~~[m[K
[8.242s] [01m[K/home/boat/Desktop/src/boat_control_system_final/src/Coordinate_Calculations.cpp:47:120:[m[K [01;31m[Kerror: [m[Kexpression list treated as compound expression in initializer [[01;31m[K]8;;https://gcc.gnu.org/onlinedocs/gcc/Warning-Options.html#index-fpermissive-fpermissive]8;;[m[K]
[8.243s]    47 | float CoordinateCalculations::calculate_distance(Sensor_msgs::msg::NavSatFix coord1, Sensor_msgs::msg::NavSatFix coord2[01;31m[K)[m[K
[8.245s]       |                                                                                                                        [01;31m[K^[m[K
[8.245s] [01m[K/home/boat/Desktop/src/boat_control_system_final/src/Coordinate_Calculations.cpp:60:7:[m[K [01;31m[Kerror: [m[Kâ€˜[01m[Kfloat CoordinateCalculations::calculate_bearing[m[Kâ€™ is not a static data member of â€˜[01m[Kclass CoordinateCalculations[m[Kâ€™
[8.246s]    60 | float [01;31m[KCoordinateCalculations[m[K::calculate_bearing(Sensor_msgs::msg::NavSatFix curr_coord, Sensor_msgs::msg::NavSatFix tar_coord)
[8.247s]       |       [01;31m[K^~~~~~~~~~~~~~~~~~~~~~[m[K
[8.249s] [01m[K/home/boat/Desktop/src/boat_control_system_final/src/Coordinate_Calculations.cpp:60:49:[m[K [01;31m[Kerror: [m[Kâ€˜[01m[KSensor_msgs[m[Kâ€™ has not been declared
[8.250s]    60 | float CoordinateCalculations::calculate_bearing([01;31m[KSensor_msgs[m[K::msg::NavSatFix curr_coord, Sensor_msgs::msg::NavSatFix tar_coord)
[8.250s]       |                                                 [01;31m[K^~~~~~~~~~~[m[K
[8.251s] [01m[K/home/boat/Desktop/src/boat_control_system_final/src/Coordinate_Calculations.cpp:60:89:[m[K [01;31m[Kerror: [m[Kâ€˜[01m[KSensor_msgs[m[Kâ€™ has not been declared
[8.252s]    60 | float CoordinateCalculations::calculate_bearing(Sensor_msgs::msg::NavSatFix curr_coord, [01;31m[KSensor_msgs[m[K::msg::NavSatFix tar_coord)
[8.254s]       |                                                                                         [01;31m[K^~~~~~~~~~~[m[K
[8.254s] [01m[K/home/boat/Desktop/src/boat_control_system_final/src/Coordinate_Calculations.cpp:60:126:[m[K [01;31m[Kerror: [m[Kexpression list treated as compound expression in initializer [[01;31m[K]8;;https://gcc.gnu.org/onlinedocs/gcc/Warning-Options.html#index-fpermissive-fpermissive]8;;[m[K]
[8.255s]    60 | float CoordinateCalculations::calculate_bearing(Sensor_msgs::msg::NavSatFix curr_coord, Sensor_msgs::msg::NavSatFix tar_coord[01;31m[K)[m[K
[8.256s]       |                                                                                                                              [01;31m[K^[m[K
[8.257s] [01m[K/home/boat/Desktop/src/boat_control_system_final/src/Coordinate_Calculations.cpp:82:1:[m[K [01;31m[Kerror: [m[Kâ€˜[01m[KSensor_msgs[m[Kâ€™ does not name a type
[8.257s]    82 | [01;31m[KSensor_msgs[m[K::msg::NavSatFix CoordinateCalculations::convert_to_position(Sensor_msgs::msg::NavSatFix position, float angle, float distance)
[8.258s]       | [01;31m[K^~~~~~~~~~~[m[K
[8.261s] [01m[K/home/boat/Desktop/src/boat_control_system_final/src/Coordinate_Calculations.cpp:105:31:[m[K [01;31m[Kerror: [m[Kâ€˜[01m[Kstd::pair<std::__cxx11::basic_string<char>, float> CoordinateCalculations::calculate_directional_bearing[m[Kâ€™ is not a static data member of â€˜[01m[Kclass CoordinateCalculations[m[Kâ€™
[8.262s]   105 | std::pair<std::string, float> [01;31m[KCoordinateCalculations[m[K::calculate_directional_bearing(Sensor_msgs::msg::NavSatFix target_waypoint)
[8.263s]       |                               [01;31m[K^~~~~~~~~~~~~~~~~~~~~~[m[K
[8.264s] [01m[K/home/boat/Desktop/src/boat_control_system_final/src/Coordinate_Calculations.cpp:105:85:[m[K [01;31m[Kerror: [m[Kâ€˜[01m[KSensor_msgs[m[Kâ€™ has not been declared
[8.264s]   105 | std::pair<std::string, float> CoordinateCalculations::calculate_directional_bearing([01;31m[KSensor_msgs[m[K::msg::NavSatFix target_waypoint)
[8.264s]       |                                                                                     [01;31m[K^~~~~~~~~~~[m[K
[8.265s] [01m[K/home/boat/Desktop/src/boat_control_system_final/src/Coordinate_Calculations.cpp:106:1:[m[K [01;31m[Kerror: [m[Kexpected â€˜[01m[K,[m[Kâ€™ or â€˜[01m[K;[m[Kâ€™ before â€˜[01m[K{[m[Kâ€™ token
[8.265s]   106 | [01;31m[K{[m[K
[8.266s]       | [01;31m[K^[m[K
[8.269s] [01m[K/home/boat/Desktop/src/boat_control_system_final/src/Coordinate_Calculations.cpp:[m[K In member function â€˜[01m[Kfloat CoordinateCalculations::calculate_angle_to_wind()[m[Kâ€™:
[8.270s] [01m[K/home/boat/Desktop/src/boat_control_system_final/src/Coordinate_Calculations.cpp:142:28:[m[K [01;31m[Kerror: [m[Kâ€˜[01m[Kget_avg_angle[m[Kâ€™ was not declared in this scope
[8.271s]   142 |     float wind_direction = [01;31m[Kget_avg_angle[m[K();
[8.272s]       |                            [01;31m[K^~~~~~~~~~~~~[m[K
[8.294s] [01m[K/home/boat/Desktop/src/boat_control_system_final/src/Coordinate_Calculations.cpp:143:29:[m[K [01;31m[Kerror: [m[Kâ€˜[01m[Kget_heading_lis3mdl[m[Kâ€™ was not declared in this scope
[8.295s]   143 |     float current_heading = [01;31m[Kget_heading_lis3mdl[m[K();
[8.295s]       |                             [01;31m[K^~~~~~~~~~~~~~~~~~~[m[K
[8.299s] [01m[K/home/boat/Desktop/src/boat_control_system_final/src/Coordinate_Calculations.cpp:[m[K At global scope:
[8.300s] [01m[K/home/boat/Desktop/src/boat_control_system_final/src/Coordinate_Calculations.cpp:157:46:[m[K [01;31m[Kerror: [m[Kâ€˜[01m[KSensor_msgs[m[Kâ€™ does not name a type
[8.301s]   157 | void CoordinateCalculations::plan_path(const [01;31m[KSensor_msgs[m[K::msg::NavSatFix& curr_position, const Sensor_msgs::msg::NavSatFix& next_waypoint)
[8.301s]       |                                              [01;31m[K^~~~~~~~~~~[m[K
[8.302s] [01m[K/home/boat/Desktop/src/boat_control_system_final/src/Coordinate_Calculations.cpp:157:62:[m[K [01;31m[Kerror: [m[Kexpected unqualified-id before â€˜[01m[K::[m[Kâ€™ token
[8.303s]   157 | void CoordinateCalculations::plan_path(const Sensor_msgs::msg[01;31m[K::[m[KNavSatFix& curr_position, const Sensor_msgs::msg::NavSatFix& next_waypoint)
[8.303s]       |                                                              [01;31m[K^~[m[K
[8.304s] [01m[K/home/boat/Desktop/src/boat_control_system_final/src/Coordinate_Calculations.cpp:157:62:[m[K [01;31m[Kerror: [m[Kexpected â€˜[01m[K)[m[Kâ€™ before â€˜[01m[K::[m[Kâ€™ token
[8.305s]   157 | void CoordinateCalculations::plan_path[34m[K([m[Kconst Sensor_msgs::msg[01;31m[K:[m[K[32m[K:[m[KNavSatFix& curr_position, const Sensor_msgs::msg::NavSatFix& next_waypoint)
[8.305s]       |                                       [34m[K~[m[K                      [01;31m[K^[m[K[32m[K~[m[K
[8.306s]       |                                                              [32m[K)[m[K
[8.307s] [01m[K/home/boat/Desktop/src/boat_control_system_final/src/Coordinate_Calculations.cpp:157:62:[m[K [01;31m[Kerror: [m[Kexpected initializer before â€˜[01m[K::[m[Kâ€™ token
[8.307s]   157 | void CoordinateCalculations::plan_path(const Sensor_msgs::msg[01;31m[K::[m[KNavSatFix& curr_position, const Sensor_msgs::msg::NavSatFix& next_waypoint)
[8.308s]       |                                                              [01;31m[K^~[m[K
[8.677s] gmake[2]: *** [CMakeFiles/CoordinateCalculations.dir/build.make:76: CMakeFiles/CoordinateCalculations.dir/src/Coordinate_Calculations.cpp.o] Error 1
[8.678s] gmake[1]: *** [CMakeFiles/Makefile2:221: CMakeFiles/CoordinateCalculations.dir/all] Error 2
[8.679s] gmake: *** [Makefile:146: all] Error 2
[8.687s] Invoked command in '/home/boat/Desktop/src/boat_control_system_final/build/boat_control_system_final' returned '2': CMAKE_PREFIX_PATH=/opt/ros/humble /usr/bin/cmake --build /home/boat/Desktop/src/boat_control_system_final/build/boat_control_system_final -- -j4 -l4
