[01m[K/home/boat/Desktop/src/boat_control_system_final/src/CoordinateCalculationsNode.cpp:[m[K In constructor â€˜[01m[KCoordinateCalculationsNode::CoordinateCalculationsNode()[m[Kâ€™:
[01m[K/home/boat/Desktop/src/boat_control_system_final/src/CoordinateCalculationsNode.cpp:35:5:[m[K [01;31m[Kerror: [m[Kâ€˜[01m[Kwaypoint_subscriber_[m[Kâ€™ was not declared in this scope; did you mean â€˜[01m[Kwind_subscriber_[m[Kâ€™?
   35 |     [01;31m[Kwaypoint_subscriber_[m[K = this->create_subscription<sensor_msgs::msg::NavSatFix>(
      |     [01;31m[K^~~~~~~~~~~~~~~~~~~~[m[K
      |     [32m[Kwind_subscriber_[m[K
gmake[2]: *** [CMakeFiles/CoordinateCalculationsNode.dir/build.make:76: CMakeFiles/CoordinateCalculationsNode.dir/src/CoordinateCalculationsNode.cpp.o] Error 1
gmake[1]: *** [CMakeFiles/Makefile2:167: CMakeFiles/CoordinateCalculationsNode.dir/all] Error 2
gmake[1]: *** Waiting for unfinished jobs....
gmake: *** [Makefile:146: all] Error 2
