[ 50%] [32mBuilding CXX object CMakeFiles/WaypointQueueNode.dir/src/WaypointQueueNode.cpp.o[0m
In file included from [01m[K/home/boat/Desktop/src/boat_control_system_final/src/WaypointQueueNode.cpp:1[m[K:
[01m[K/home/boat/Desktop/src/boat_control_system_final/include/boat_control_system_final/WaypointQueueNode.hpp:12:23:[m[K [01;31m[Kerror: [m[Kâ€˜[01m[Kstd_msgs[m[Kâ€™ was not declared in this scope
   12 |     rclcpp::Publisher<[01;31m[Kstd_msgs[m[K::msg::String>::SharedPtr waypoint_publisher_;
      |                       [01;31m[K^~~~~~~~[m[K
[01m[K/home/boat/Desktop/src/boat_control_system_final/include/boat_control_system_final/WaypointQueueNode.hpp:12:44:[m[K [01;31m[Kerror: [m[Ktemplate argument 1 is invalid
   12 |     rclcpp::Publisher<std_msgs::msg::String[01;31m[K>[m[K::SharedPtr waypoint_publisher_;
      |                                            [01;31m[K^[m[K
[01m[K/home/boat/Desktop/src/boat_control_system_final/include/boat_control_system_final/WaypointQueueNode.hpp:12:47:[m[K [01;31m[Kerror: [m[Kexpected â€˜[01m[K;[m[Kâ€™ at end of member declaration
   12 |     rclcpp::Publisher<std_msgs::msg::String>::[01;31m[KSharedPtr[m[K waypoint_publisher_;
      |                                               [01;31m[K^~~~~~~~~[m[K
      |                                                        [32m[K;[m[K
[01m[K/home/boat/Desktop/src/boat_control_system_final/include/boat_control_system_final/WaypointQueueNode.hpp:12:57:[m[K [01;31m[Kerror: [m[Kâ€˜[01m[Kwaypoint_publisher_[m[Kâ€™ does not name a type
   12 |     rclcpp::Publisher<std_msgs::msg::String>::SharedPtr [01;31m[Kwaypoint_publisher_[m[K;
      |                                                         [01;31m[K^~~~~~~~~~~~~~~~~~~[m[K
[01m[K/home/boat/Desktop/src/boat_control_system_final/include/boat_control_system_final/WaypointQueueNode.hpp:15:26:[m[K [01;31m[Kerror: [m[Kâ€˜[01m[Kstd_msgs[m[Kâ€™ was not declared in this scope
   15 |     rclcpp::Subscription<[01;31m[Kstd_msgs[m[K::msg::String>::SharedPtr waypoint_subscriber_;
      |                          [01;31m[K^~~~~~~~[m[K
[01m[K/home/boat/Desktop/src/boat_control_system_final/include/boat_control_system_final/WaypointQueueNode.hpp:15:47:[m[K [01;31m[Kerror: [m[Ktemplate argument 1 is invalid
   15 |     rclcpp::Subscription<std_msgs::msg::String[01;31m[K>[m[K::SharedPtr waypoint_subscriber_;
      |                                               [01;31m[K^[m[K
[01m[K/home/boat/Desktop/src/boat_control_system_final/include/boat_control_system_final/WaypointQueueNode.hpp:15:47:[m[K [01;31m[Kerror: [m[Ktemplate argument 3 is invalid
[01m[K/home/boat/Desktop/src/boat_control_system_final/include/boat_control_system_final/WaypointQueueNode.hpp:15:47:[m[K [01;31m[Kerror: [m[Ktemplate argument 4 is invalid
[01m[K/home/boat/Desktop/src/boat_control_system_final/include/boat_control_system_final/WaypointQueueNode.hpp:15:47:[m[K [01;31m[Kerror: [m[Ktemplate argument 5 is invalid
[01m[K/home/boat/Desktop/src/boat_control_system_final/include/boat_control_system_final/WaypointQueueNode.hpp:15:50:[m[K [01;31m[Kerror: [m[Kexpected â€˜[01m[K;[m[Kâ€™ at end of member declaration
   15 |     rclcpp::Subscription<std_msgs::msg::String>::[01;31m[KSharedPtr[m[K waypoint_subscriber_;
      |                                                  [01;31m[K^~~~~~~~~[m[K
      |                                                           [32m[K;[m[K
[01m[K/home/boat/Desktop/src/boat_control_system_final/include/boat_control_system_final/WaypointQueueNode.hpp:15:50:[m[K [01;31m[Kerror: [m[Kredeclaration of â€˜[01m[Kint WaypointQueueNode::SharedPtr[m[Kâ€™
[01m[K/home/boat/Desktop/src/boat_control_system_final/include/boat_control_system_final/WaypointQueueNode.hpp:12:47:[m[K [01;36m[Knote: [m[Kprevious declaration â€˜[01m[Kint WaypointQueueNode::SharedPtr[m[Kâ€™
   12 |     rclcpp::Publisher<std_msgs::msg::String>::[01;36m[KSharedPtr[m[K waypoint_publisher_;
      |                                               [01;36m[K^~~~~~~~~[m[K
[01m[K/home/boat/Desktop/src/boat_control_system_final/include/boat_control_system_final/WaypointQueueNode.hpp:15:60:[m[K [01;31m[Kerror: [m[Kâ€˜[01m[Kwaypoint_subscriber_[m[Kâ€™ does not name a type
   15 |     rclcpp::Subscription<std_msgs::msg::String>::SharedPtr [01;31m[Kwaypoint_subscriber_[m[K;
      |                                                            [01;31m[K^~~~~~~~~~~~~~~~~~~~[m[K
[01m[K/home/boat/Desktop/src/boat_control_system_final/include/boat_control_system_final/WaypointQueueNode.hpp:18:34:[m[K [01;31m[Kerror: [m[Kâ€˜[01m[Kstd_msgs[m[Kâ€™ does not name a type
   18 |     void waypoint_callback(const [01;31m[Kstd_msgs[m[K::msg::String::SharedPtr msg);
      |                                  [01;31m[K^~~~~~~~[m[K
[01m[K/home/boat/Desktop/src/boat_control_system_final/include/boat_control_system_final/WaypointQueueNode.hpp:18:47:[m[K [01;31m[Kerror: [m[Kexpected unqualified-id before â€˜[01m[K::[m[Kâ€™ token
   18 |     void waypoint_callback(const std_msgs::msg[01;31m[K::[m[KString::SharedPtr msg);
      |                                               [01;31m[K^~[m[K
[01m[K/home/boat/Desktop/src/boat_control_system_final/include/boat_control_system_final/WaypointQueueNode.hpp:18:47:[m[K [01;31m[Kerror: [m[Kexpected â€˜[01m[K)[m[Kâ€™ before â€˜[01m[K::[m[Kâ€™ token
   18 |     void waypoint_callback[34m[K([m[Kconst std_msgs::msg[01;31m[K:[m[K[32m[K:[m[KString::SharedPtr msg);
      |                           [34m[K~[m[K                   [01;31m[K^[m[K[32m[K~[m[K
      |                                               [32m[K)[m[K
[01m[K/home/boat/Desktop/src/boat_control_system_final/include/boat_control_system_final/WaypointQueueNode.hpp:18:44:[m[K [01;31m[Kerror: [m[Kexpected â€˜[01m[K;[m[Kâ€™ at end of member declaration
   18 |     void waypoint_callback(const std_msgs::[01;31m[Kmsg[m[K::String::SharedPtr msg);
      |                                            [01;31m[K^~~[m[K
      |                                               [32m[K;[m[K
[01m[K/home/boat/Desktop/src/boat_control_system_final/include/boat_control_system_final/WaypointQueueNode.hpp:18:49:[m[K [01;31m[Kerror: [m[Kâ€˜[01m[KString[m[Kâ€™ in namespace â€˜[01m[K::[m[Kâ€™ does not name a type
   18 |     void waypoint_callback(const std_msgs::msg::[01;31m[KString[m[K::SharedPtr msg);
      |                                                 [01;31m[K^~~~~~[m[K
[01m[K/home/boat/Desktop/src/boat_control_system_final/src/WaypointQueueNode.cpp:[m[K In constructor â€˜[01m[KWaypointQueueNode::WaypointQueueNode()[m[Kâ€™:
[01m[K/home/boat/Desktop/src/boat_control_system_final/src/WaypointQueueNode.cpp:7:5:[m[K [01;31m[Kerror: [m[Kâ€˜[01m[Kwaypoint_publisher_[m[Kâ€™ was not declared in this scope; did you mean â€˜[01m[Kcount_publishers[m[Kâ€™?
    7 |     [01;31m[Kwaypoint_publisher_[m[K = this->create_publisher<std_msgs::msg::String>("waypoint_topic", 10);
      |     [01;31m[K^~~~~~~~~~~~~~~~~~~[m[K
      |     [32m[Kcount_publishers[m[K
[01m[K/home/boat/Desktop/src/boat_control_system_final/src/WaypointQueueNode.cpp:7:50:[m[K [01;31m[Kerror: [m[Kâ€˜[01m[Kstd_msgs[m[Kâ€™ was not declared in this scope
    7 |     waypoint_publisher_ = this->create_publisher<[01;31m[Kstd_msgs[m[K::msg::String>("waypoint_topic", 10);
      |                                                  [01;31m[K^~~~~~~~[m[K
[01m[K/home/boat/Desktop/src/boat_control_system_final/src/WaypointQueueNode.cpp:7:33:[m[K [01;31m[Kerror: [m[Kparse error in template argument list
    7 |     waypoint_publisher_ = this->[01;31m[Kcreate_publisher<std_msgs::msg::String>[m[K("waypoint_topic", 10);
      |                                 [01;31m[K^~~~~~~~~~~~~~~~~~~~~~~~~~~~~~~~~~~~~~~[m[K
[01m[K/home/boat/Desktop/src/boat_control_system_final/src/WaypointQueueNode.cpp:7:72:[m[K [01;31m[Kerror: [m[Kno matching function for call to â€˜[01m[KWaypointQueueNode::create_publisher<<expression error> >(const char [15], int)[m[Kâ€™
    7 |     waypoint_publisher_ = [01;31m[Kthis->create_publisher<std_msgs::msg::String>("waypoint_topic", 10)[m[K;
      |                           [01;31m[K~~~~~~~~~~~~~~~~~~~~~~~~~~~~~~~~~~~~~~~~~~~~~^~~~~~~~~~~~~~~~~~~~~~[m[K
In file included from [01m[K/opt/ros/humble/include/rclcpp/rclcpp/executors/single_threaded_executor.hpp:28[m[K,
                 from [01m[K/opt/ros/humble/include/rclcpp/rclcpp/executors.hpp:22[m[K,
                 from [01m[K/opt/ros/humble/include/rclcpp/rclcpp/rclcpp.hpp:155[m[K,
                 from [01m[K/home/boat/Desktop/src/boat_control_system_final/include/boat_control_system_final/WaypointQueueNode.hpp:4[m[K,
                 from [01m[K/home/boat/Desktop/src/boat_control_system_final/src/WaypointQueueNode.cpp:1[m[K:
[01m[K/opt/ros/humble/include/rclcpp/rclcpp/node.hpp:195:3:[m[K [01;36m[Knote: [m[Kcandidate: â€˜[01m[Ktemplate<class MessageT, class AllocatorT, class PublisherT> std::shared_ptr<PublisherT> rclcpp::Node::create_publisher(const string&, const rclcpp::QoS&, const rclcpp::PublisherOptionsWithAllocator<AllocatorT>&)[m[Kâ€™
  195 |   [01;36m[Kcreate_publisher[m[K(
      |   [01;36m[K^~~~~~~~~~~~~~~~[m[K
[01m[K/opt/ros/humble/include/rclcpp/rclcpp/node.hpp:195:3:[m[K [01;36m[Knote: [m[K  template argument deduction/substitution failed:
[01m[K/home/boat/Desktop/src/boat_control_system_final/src/WaypointQueueNode.cpp:7:72:[m[K [01;31m[Kerror: [m[Ktemplate argument 1 is invalid
    7 |     waypoint_publisher_ = [01;31m[Kthis->create_publisher<std_msgs::msg::String>("waypoint_topic", 10)[m[K;
      |                           [01;31m[K~~~~~~~~~~~~~~~~~~~~~~~~~~~~~~~~~~~~~~~~~~~~~^~~~~~~~~~~~~~~~~~~~~~[m[K
[01m[K/home/boat/Desktop/src/boat_control_system_final/src/WaypointQueueNode.cpp:11:5:[m[K [01;31m[Kerror: [m[Kâ€˜[01m[Kwaypoint_subscriber_[m[Kâ€™ was not declared in this scope; did you mean â€˜[01m[Kcount_subscribers[m[Kâ€™?
   11 |     [01;31m[Kwaypoint_subscriber_[m[K = this->create_subscription<std_msgs::msg::String>(
      |     [01;31m[K^~~~~~~~~~~~~~~~~~~~[m[K
      |     [32m[Kcount_subscribers[m[K
[01m[K/home/boat/Desktop/src/boat_control_system_final/src/WaypointQueueNode.cpp:11:34:[m[K [01;31m[Kerror: [m[Kparse error in template argument list
   11 |     waypoint_subscriber_ = this->[01;31m[Kcreate_subscription<std_msgs::msg::String>[m[K(
      |                                  [01;31m[K^~~~~~~~~~~~~~~~~~~~~~~~~~~~~~~~~~~~~~~~~~[m[K
[01m[K/home/boat/Desktop/src/boat_control_system_final/src/WaypointQueueNode.cpp:11:76:[m[K [01;31m[Kerror: [m[Kno matching function for call to â€˜[01m[KWaypointQueueNode::create_subscription<std_msgs>(const char [15], int, std::_Bind_helper<false, void (WaypointQueueNode::*)(...), WaypointQueueNode*, const std::_Placeholder<1>&>::type)[m[Kâ€™
   11 |     waypoint_subscriber_ = [01;31m[Kthis->create_subscription<std_msgs::msg::String>([m[K
      |                            [01;31m[K~~~~~~~~~~~~~~~~~~~~~~~~~~~~~~~~~~~~~~~~~~~~~~~~^[m[K
   12 | [01;31m[K        "waypoint_topic",[m[K
      |         [01;31m[K~~~~~~~~~~~~~~~~~[m[K                                                   
   13 | [01;31m[K        10,[m[K
      |         [01;31m[K~~~[m[K                                                                 
   14 | [01;31m[K        std::bind(&WaypointQueueNode::waypoint_callback, this, std::placeholders::_1)[m[K
      |         [01;31m[K~~~~~~~~~~~~~~~~~~~~~~~~~~~~~~~~~~~~~~~~~~~~~~~~~~~~~~~~~~~~~~~~~~~~~~~~~~~~~[m[K
   15 | [01;31m[K    )[m[K;
      |     [01;31m[K~[m[K                                                                       
In file included from [01m[K/opt/ros/humble/include/rclcpp/rclcpp/executors/single_threaded_executor.hpp:28[m[K,
                 from [01m[K/opt/ros/humble/include/rclcpp/rclcpp/executors.hpp:22[m[K,
                 from [01m[K/opt/ros/humble/include/rclcpp/rclcpp/rclcpp.hpp:155[m[K,
                 from [01m[K/home/boat/Desktop/src/boat_control_system_final/include/boat_control_system_final/WaypointQueueNode.hpp:4[m[K,
                 from [01m[K/home/boat/Desktop/src/boat_control_system_final/src/WaypointQueueNode.cpp:1[m[K:
[01m[K/opt/ros/humble/include/rclcpp/rclcpp/node.hpp:219:3:[m[K [01;36m[Knote: [m[Kcandidate: â€˜[01m[Ktemplate<class MessageT, class CallbackT, class AllocatorT, class SubscriptionT, class MessageMemoryStrategyT> std::shared_ptr<ROSMessageT> rclcpp::Node::create_subscription(const string&, const rclcpp::QoS&, CallbackT&&, const rclcpp::SubscriptionOptionsWithAllocator<AllocatorT>&, typename MessageMemoryStrategyT::SharedPtr)[m[Kâ€™
  219 |   [01;36m[Kcreate_subscription[m[K(
      |   [01;36m[K^~~~~~~~~~~~~~~~~~~[m[K
[01m[K/opt/ros/humble/include/rclcpp/rclcpp/node.hpp:219:3:[m[K [01;36m[Knote: [m[K  template argument deduction/substitution failed:
[01m[K/home/boat/Desktop/src/boat_control_system_final/src/WaypointQueueNode.cpp:19:20:[m[K [01;31m[Kerror: [m[Kâ€˜[01m[Kstd_msgs[m[Kâ€™ is not a class, namespace, or enumeration
   19 |     auto message = [01;31m[Kstd_msgs[m[K::msg::String();
      |                    [01;31m[K^~~~~~~~[m[K
[01m[K/home/boat/Desktop/src/boat_control_system_final/src/WaypointQueueNode.cpp:[m[K At global scope:
[01m[K/home/boat/Desktop/src/boat_control_system_final/src/WaypointQueueNode.cpp:24:49:[m[K [01;31m[Kerror: [m[Kâ€˜[01m[Kstd_msgs[m[Kâ€™ does not name a type
   24 | void WaypointQueueNode::waypoint_callback(const [01;31m[Kstd_msgs[m[K::msg::String::SharedPtr msg)
      |                                                 [01;31m[K^~~~~~~~[m[K
[01m[K/home/boat/Desktop/src/boat_control_system_final/src/WaypointQueueNode.cpp:24:62:[m[K [01;31m[Kerror: [m[Kexpected unqualified-id before â€˜[01m[K::[m[Kâ€™ token
   24 | void WaypointQueueNode::waypoint_callback(const std_msgs::msg[01;31m[K::[m[KString::SharedPtr msg)
      |                                                              [01;31m[K^~[m[K
[01m[K/home/boat/Desktop/src/boat_control_system_final/src/WaypointQueueNode.cpp:24:62:[m[K [01;31m[Kerror: [m[Kexpected â€˜[01m[K)[m[Kâ€™ before â€˜[01m[K::[m[Kâ€™ token
   24 | void WaypointQueueNode::waypoint_callback[34m[K([m[Kconst std_msgs::msg[01;31m[K:[m[K[32m[K:[m[KString::SharedPtr msg)
      |                                          [34m[K~[m[K                   [01;31m[K^[m[K[32m[K~[m[K
      |                                                              [32m[K)[m[K
[01m[K/home/boat/Desktop/src/boat_control_system_final/src/WaypointQueueNode.cpp:24:62:[m[K [01;31m[Kerror: [m[Kexpected initializer before â€˜[01m[K::[m[Kâ€™ token
   24 | void WaypointQueueNode::waypoint_callback(const std_msgs::msg[01;31m[K::[m[KString::SharedPtr msg)
      |                                                              [01;31m[K^~[m[K
gmake[2]: *** [CMakeFiles/WaypointQueueNode.dir/build.make:76: CMakeFiles/WaypointQueueNode.dir/src/WaypointQueueNode.cpp.o] Error 1
gmake[1]: *** [CMakeFiles/Makefile2:137: CMakeFiles/WaypointQueueNode.dir/all] Error 2
gmake: *** [Makefile:146: all] Error 2
