[0.070s] Invoking command in '/home/boat/Desktop/src/boat_control_system_final/build/boat_control_system_final': CMAKE_PREFIX_PATH=/opt/ros/humble /usr/bin/cmake --build /home/boat/Desktop/src/boat_control_system_final/build/boat_control_system_final -- -j4 -l4
[0.296s] [35m[1mConsolidate compiler generated dependencies of target CoordinateCalculations[0m
[0.342s] [ 20%] Built target WaypointQueue
[0.413s] [ 30%] [32mBuilding CXX object CMakeFiles/CoordinateCalculations.dir/src/Coordinate_Calculations.cpp.o[0m
[0.477s] [ 50%] Built target WaypointQueueNode
[12.453s] [01m[K/home/boat/Desktop/src/boat_control_system_final/src/Coordinate_Calculations.cpp:[m[K In member function â€˜[01m[Ksensor_msgs::msg::NavSatFix CoordinateCalculations::convert_to_position(sensor_msgs::msg::NavSatFix, float, float)[m[Kâ€™:
[12.453s] [01m[K/home/boat/Desktop/src/boat_control_system_final/src/Coordinate_Calculations.cpp:79:5:[m[K [01;31m[Kerror: [m[Kâ€˜[01m[Knew_postion[m[Kâ€™ was not declared in this scope; did you mean â€˜[01m[Knew_position[m[Kâ€™?
[12.454s]    79 |     [01;31m[Knew_postion[m[K.latitude = new_lat;
[12.455s]       |     [01;31m[K^~~~~~~~~~~[m[K
[12.456s]       |     [32m[Knew_position[m[K
[14.349s] gmake[2]: *** [CMakeFiles/CoordinateCalculations.dir/build.make:76: CMakeFiles/CoordinateCalculations.dir/src/Coordinate_Calculations.cpp.o] Error 1
[14.352s] gmake[1]: *** [CMakeFiles/Makefile2:171: CMakeFiles/CoordinateCalculations.dir/all] Error 2
[14.353s] gmake: *** [Makefile:146: all] Error 2
[14.360s] Invoked command in '/home/boat/Desktop/src/boat_control_system_final/build/boat_control_system_final' returned '2': CMAKE_PREFIX_PATH=/opt/ros/humble /usr/bin/cmake --build /home/boat/Desktop/src/boat_control_system_final/build/boat_control_system_final -- -j4 -l4
