In file included from [01m[K/home/boat/Desktop/src/boat_control_system_final/src/RudderServoControlNode.cpp:15[m[K:
[01m[K/home/boat/Desktop/src/boat_control_system_final/include/boat_control_system_final/RudderServoControlNode.hpp:41:5:[m[K [01;31m[Kerror: [m[Kâ€˜[01m[KDatatypes[m[Kâ€™ does not name a type
   41 |     [01;31m[KDatatypes[m[K::Coordinate get_next_waypoint(); // If Datatypes is defined elsewhere, include necessary files
      |     [01;31m[K^~~~~~~~~[m[K
[01m[K/home/boat/Desktop/src/boat_control_system_final/src/RudderServoControlNode.cpp:[m[K In constructor â€˜[01m[KRudderServoControlNode::RudderServoControlNode()[m[Kâ€™:
[01m[K/home/boat/Desktop/src/boat_control_system_final/src/RudderServoControlNode.cpp:25:5:[m[K [01;31m[Kerror: [m[Kâ€˜[01m[Kexecuting_state_subscriber_[m[Kâ€™ was not declared in this scope; did you mean â€˜[01m[Kexecuting_state_publisher_[m[Kâ€™?
   25 |     [01;31m[Kexecuting_state_subscriber_[m[K = this->create_subscription<std_msgs::msg::Bool>(
      |     [01;31m[K^~~~~~~~~~~~~~~~~~~~~~~~~~~[m[K
      |     [32m[Kexecuting_state_publisher_[m[K
[01m[K/home/boat/Desktop/src/boat_control_system_final/src/RudderServoControlNode.cpp:27:44:[m[K [01;31m[Kerror: [m[Kâ€˜[01m[KexecutingStateCallback[m[Kâ€™ is not a member of â€˜[01m[KRudderServoControlNode[m[Kâ€™
   27 |         std::bind(&RudderServoControlNode::[01;31m[KexecutingStateCallback[m[K, this, std::placeholders::_1));
      |                                            [01;31m[K^~~~~~~~~~~~~~~~~~~~~~[m[K
[01m[K/home/boat/Desktop/src/boat_control_system_final/src/RudderServoControlNode.cpp:[m[K In member function â€˜[01m[Kvoid RudderServoControlNode::executeWaypoints()[m[Kâ€™:
[01m[K/home/boat/Desktop/src/boat_control_system_final/src/RudderServoControlNode.cpp:133:37:[m[K [01;31m[Kerror: [m[Kâ€˜[01m[KcalculateBearing[m[Kâ€™ was not declared in this scope
  133 |         float bearing_to_waypoint = [01;31m[KcalculateBearing[m[K(getCurrCoordinate(), next_waypoint);
      |                                     [01;31m[K^~~~~~~~~~~~~~~~[m[K
gmake[2]: *** [CMakeFiles/RudderServoControlNode.dir/build.make:76: CMakeFiles/RudderServoControlNode.dir/src/RudderServoControlNode.cpp.o] Error 1
gmake[1]: *** [CMakeFiles/Makefile2:281: CMakeFiles/RudderServoControlNode.dir/all] Error 2
gmake: *** [Makefile:146: all] Error 2
