[0.063s] Invoking command in '/home/boat/Desktop/src/boat_control_system_final/build/boat_control_system_final': CMAKE_PREFIX_PATH=/opt/ros/humble /usr/bin/cmake --build /home/boat/Desktop/src/boat_control_system_final/build/boat_control_system_final -- -j4 -l4
[0.336s] [ 16%] Built target WaypointQueue
[0.340s] [ 33%] Built target CoordinateCalculations
[0.415s] [35m[1mConsolidate compiler generated dependencies of target RudderServoControlNode[0m
[0.479s] [ 50%] Built target CoordinateCalculationsNodeLib
[0.483s] [ 66%] Built target WaypointQueueNode
[0.526s] [ 75%] [32mBuilding CXX object CMakeFiles/RudderServoControlNode.dir/src/RudderServoControlNode.cpp.o[0m
[0.676s] [ 91%] Built target CoordinateCalculationsNodeExec
[11.933s] In file included from [01m[K/home/boat/Desktop/src/boat_control_system_final/src/RudderServoControlNode.cpp:15[m[K:
[11.934s] [01m[K/home/boat/Desktop/src/boat_control_system_final/include/boat_control_system_final/RudderServoControlNode.hpp:41:5:[m[K [01;31m[Kerror: [m[Kâ€˜[01m[KDatatypes[m[Kâ€™ does not name a type
[11.934s]    41 |     [01;31m[KDatatypes[m[K::Coordinate get_next_waypoint(); // If Datatypes is defined elsewhere, include necessary files
[11.935s]       |     [01;31m[K^~~~~~~~~[m[K
[12.562s] [01m[K/home/boat/Desktop/src/boat_control_system_final/src/RudderServoControlNode.cpp:[m[K In constructor â€˜[01m[KRudderServoControlNode::RudderServoControlNode()[m[Kâ€™:
[12.562s] [01m[K/home/boat/Desktop/src/boat_control_system_final/src/RudderServoControlNode.cpp:25:5:[m[K [01;31m[Kerror: [m[Kâ€˜[01m[Kexecuting_state_subscriber_[m[Kâ€™ was not declared in this scope; did you mean â€˜[01m[Kexecuting_state_publisher_[m[Kâ€™?
[12.563s]    25 |     [01;31m[Kexecuting_state_subscriber_[m[K = this->create_subscription<std_msgs::msg::Bool>(
[12.564s]       |     [01;31m[K^~~~~~~~~~~~~~~~~~~~~~~~~~~[m[K
[12.564s]       |     [32m[Kexecuting_state_publisher_[m[K
[12.565s] [01m[K/home/boat/Desktop/src/boat_control_system_final/src/RudderServoControlNode.cpp:27:44:[m[K [01;31m[Kerror: [m[Kâ€˜[01m[KexecutingStateCallback[m[Kâ€™ is not a member of â€˜[01m[KRudderServoControlNode[m[Kâ€™
[12.565s]    27 |         std::bind(&RudderServoControlNode::[01;31m[KexecutingStateCallback[m[K, this, std::placeholders::_1));
[12.566s]       |                                            [01;31m[K^~~~~~~~~~~~~~~~~~~~~~[m[K
[12.688s] [01m[K/home/boat/Desktop/src/boat_control_system_final/src/RudderServoControlNode.cpp:[m[K In member function â€˜[01m[Kvoid RudderServoControlNode::executeWaypoints()[m[Kâ€™:
[12.689s] [01m[K/home/boat/Desktop/src/boat_control_system_final/src/RudderServoControlNode.cpp:133:37:[m[K [01;31m[Kerror: [m[Kâ€˜[01m[KcalculateBearing[m[Kâ€™ was not declared in this scope
[12.689s]   133 |         float bearing_to_waypoint = [01;31m[KcalculateBearing[m[K(getCurrCoordinate(), next_waypoint);
[12.690s]       |                                     [01;31m[K^~~~~~~~~~~~~~~~[m[K
[25.834s] gmake[2]: *** [CMakeFiles/RudderServoControlNode.dir/build.make:76: CMakeFiles/RudderServoControlNode.dir/src/RudderServoControlNode.cpp.o] Error 1
[25.836s] gmake[1]: *** [CMakeFiles/Makefile2:281: CMakeFiles/RudderServoControlNode.dir/all] Error 2
[25.837s] gmake: *** [Makefile:146: all] Error 2
[25.844s] Invoked command in '/home/boat/Desktop/src/boat_control_system_final/build/boat_control_system_final' returned '2': CMAKE_PREFIX_PATH=/opt/ros/humble /usr/bin/cmake --build /home/boat/Desktop/src/boat_control_system_final/build/boat_control_system_final -- -j4 -l4
