[0.061s] Invoking command in '/home/boat/Desktop/src/boat_control_system_final/build/boat_control_system_final': CMAKE_PREFIX_PATH=/opt/ros/humble /usr/bin/cmake --build /home/boat/Desktop/src/boat_control_system_final/build/boat_control_system_final -- -j4 -l4
[0.347s] [ 25%] Built target WaypointQueue
[0.349s] [ 33%] Built target CoordinateCalculations
[0.430s] [35m[1mConsolidate compiler generated dependencies of target RudderServoControlNode[0m
[0.523s] [ 50%] Built target WaypointQueueNode
[0.538s] [ 66%] Built target CoordinateCalculationsNodeLib
[0.587s] [ 75%] [32mBuilding CXX object CMakeFiles/RudderServoControlNode.dir/src/RudderServoControlNode.cpp.o[0m
[0.672s] [ 91%] Built target CoordinateCalculationsNodeExec
[12.070s] In file included from [01m[K/home/boat/Desktop/src/boat_control_system_final/src/RudderServoControlNode.cpp:16[m[K:
[12.070s] [01m[K/home/boat/Desktop/src/boat_control_system_final/include/boat_control_system_final/RudderServoControlNode.hpp:42:28:[m[K [01;31m[Kerror: [m[Kâ€˜[01m[KCoordinateCalculationsNode[m[Kâ€™ has not been declared
[12.071s]    42 |     std_msgs::msg::Float32 [01;31m[KCoordinateCalculationsNode[m[K::get_magnetometer_heading();
[12.071s]       |                            [01;31m[K^~~~~~~~~~~~~~~~~~~~~~~~~~[m[K
[12.072s] [01m[K/home/boat/Desktop/src/boat_control_system_final/include/boat_control_system_final/RudderServoControlNode.hpp:43:33:[m[K [01;31m[Kerror: [m[Kâ€˜[01m[KCoordinateCalculationsNode[m[Kâ€™ has not been declared
[12.072s]    43 |     sensor_msgs::msg::NavSatFix [01;31m[KCoordinateCalculationsNode[m[K::get_curr_pos();
[12.073s]       |                                 [01;31m[K^~~~~~~~~~~~~~~~~~~~~~~~~~[m[K
[12.073s] [01m[K/home/boat/Desktop/src/boat_control_system_final/include/boat_control_system_final/RudderServoControlNode.hpp:44:28:[m[K [01;31m[Kerror: [m[Kâ€˜[01m[KCoordinateCalculationsNode[m[Kâ€™ has not been declared
[12.074s]    44 |     std_msgs::msg::Float32 [01;31m[KCoordinateCalculationsNode[m[K::get_wind_angle();
[12.074s]       |                            [01;31m[K^~~~~~~~~~~~~~~~~~~~~~~~~~[m[K
[12.918s] [01m[K/home/boat/Desktop/src/boat_control_system_final/src/RudderServoControlNode.cpp:[m[K In constructor â€˜[01m[KRudderServoControlNode::RudderServoControlNode()[m[Kâ€™:
[12.919s] [01m[K/home/boat/Desktop/src/boat_control_system_final/src/RudderServoControlNode.cpp:46:5:[m[K [01;31m[Kerror: [m[Kâ€˜[01m[Kwind_subscriber_[m[Kâ€™ was not declared in this scope; did you mean â€˜[01m[Kgps_subscriber_[m[Kâ€™?
[12.919s]    46 |     [01;31m[Kwind_subscriber_[m[K = this->create_subscription<std_msgs::msg::Float32>(
[12.920s]       |     [01;31m[K^~~~~~~~~~~~~~~~[m[K
[12.920s]       |     [32m[Kgps_subscriber_[m[K
[13.001s] [01m[K/home/boat/Desktop/src/boat_control_system_final/src/RudderServoControlNode.cpp:[m[K In member function â€˜[01m[Kvoid RudderServoControlNode::turnBoat(sensor_msgs::msg::NavSatFix)[m[Kâ€™:
[13.002s] [01m[K/home/boat/Desktop/src/boat_control_system_final/src/RudderServoControlNode.cpp:157:57:[m[K [01;31m[Kerror: [m[Kcannot convert â€˜[01m[Kstd_msgs::msg::Float32[m[Kâ€™ {aka â€˜[01m[Kstd_msgs::msg::Float32_<std::allocator<void> >[m[Kâ€™} to â€˜[01m[Kfloat[m[Kâ€™ in initialization
[13.002s]   157 |         float current_heading = [01;31m[Kget_magnetometer_heading()[m[K;
[13.003s]       |                                 [01;31m[K~~~~~~~~~~~~~~~~~~~~~~~~^~[m[K
[13.003s]       |                                                         [01;31m[K|[m[K
[13.004s]       |                                                         [01;31m[Kstd_msgs::msg::Float32 {aka std_msgs::msg::Float32_<std::allocator<void> >}[m[K
[13.044s] [01m[K/home/boat/Desktop/src/boat_control_system_final/src/RudderServoControlNode.cpp:[m[K In member function â€˜[01m[Kvoid RudderServoControlNode::executeWaypoints()[m[Kâ€™:
[13.045s] [01m[K/home/boat/Desktop/src/boat_control_system_final/src/RudderServoControlNode.cpp:177:17:[m[K [01;31m[Kerror: [m[Kâ€˜[01m[KcalculateDistance[m[Kâ€™ was not declared in this scope
[13.045s]   177 |             if ([01;31m[KcalculateDistance[m[K(curr_position, latest_waypoint_data_) <= 0.05)
[13.046s]       |                 [01;31m[K^~~~~~~~~~~~~~~~~[m[K
[13.046s] [01m[K/home/boat/Desktop/src/boat_control_system_final/src/RudderServoControlNode.cpp:179:46:[m[K [01;31m[Kerror: [m[Kcannot convert â€˜[01m[Kstd_msgs::msg::Float32[m[Kâ€™ {aka â€˜[01m[Kstd_msgs::msg::Float32_<std::allocator<void> >[m[Kâ€™} to â€˜[01m[Kfloat[m[Kâ€™
[13.047s]   179 |                 setRudderServo([01;31m[Kget_wind_angle()[m[K);  // Set rudder to idle if near the destination
[13.047s]       |                                [01;31m[K~~~~~~~~~~~~~~^~[m[K
[13.048s]       |                                              [01;31m[K|[m[K
[13.049s]       |                                              [01;31m[Kstd_msgs::msg::Float32 {aka std_msgs::msg::Float32_<std::allocator<void> >}[m[K
[13.051s] In file included from [01m[K/home/boat/Desktop/src/boat_control_system_final/src/RudderServoControlNode.cpp:16[m[K:
[13.051s] [01m[K/home/boat/Desktop/src/boat_control_system_final/include/boat_control_system_final/RudderServoControlNode.hpp:38:31:[m[K [01;36m[Knote: [m[K  initializing argument 1 of â€˜[01m[Kvoid RudderServoControlNode::setRudderServo(float)[m[Kâ€™
[13.052s]    38 |     void setRudderServo([01;36m[Kfloat angle[m[K);
[13.053s]       |                         [01;36m[K~~~~~~^~~~~[m[K
[13.084s] [01m[K/home/boat/Desktop/src/boat_control_system_final/src/RudderServoControlNode.cpp:194:20:[m[K [01;31m[Kerror: [m[Kâ€˜[01m[KcalculateDistance[m[Kâ€™ was not declared in this scope
[13.085s]   194 |             while ([01;31m[KcalculateDistance[m[K(get_curr_pos(), next_waypoint) > 0.05)
[13.085s]       |                    [01;31m[K^~~~~~~~~~~~~~~~~[m[K
[13.090s] [01m[K/home/boat/Desktop/src/boat_control_system_final/src/RudderServoControlNode.cpp:[m[K In member function â€˜[01m[Kstd_msgs::msg::Float32 RudderServoControlNode::get_wind_angle()[m[Kâ€™:
[13.091s] [01m[K/home/boat/Desktop/src/boat_control_system_final/src/RudderServoControlNode.cpp:238:36:[m[K [01;31m[Kerror: [m[Kâ€˜[01m[Klatest_wind_data_[m[Kâ€™ is not a member of â€˜[01m[KRudderServoControlNode[m[Kâ€™
[13.091s]   238 |     return RudderServoControlNode::[01;31m[Klatest_wind_data_[m[K;
[13.092s]       |                                    [01;31m[K^~~~~~~~~~~~~~~~~[m[K
[29.809s] gmake[2]: *** [CMakeFiles/RudderServoControlNode.dir/build.make:76: CMakeFiles/RudderServoControlNode.dir/src/RudderServoControlNode.cpp.o] Error 1
[29.810s] gmake[1]: *** [CMakeFiles/Makefile2:281: CMakeFiles/RudderServoControlNode.dir/all] Error 2
[29.811s] gmake: *** [Makefile:146: all] Error 2
[29.818s] Invoked command in '/home/boat/Desktop/src/boat_control_system_final/build/boat_control_system_final' returned '2': CMAKE_PREFIX_PATH=/opt/ros/humble /usr/bin/cmake --build /home/boat/Desktop/src/boat_control_system_final/build/boat_control_system_final -- -j4 -l4
