[01m[K/home/boat/Desktop/src/boat_control_system_final/src/RudderServoControlNode.cpp:11:10:[m[K [01;31m[Kfatal error: [m[Kstd_msgs/msg/string.hpp: No such file or directory
   11 | #include [01;31m[K<std_msgs/msg/string.hpp>[m[K
      |          [01;31m[K^~~~~~~~~~~~~~~~~~~~~~~~~[m[K
compilation terminated.
gmake[2]: *** [CMakeFiles/RudderServoControlNodeLib.dir/build.make:76: CMakeFiles/RudderServoControlNodeLib.dir/src/RudderServoControlNode.cpp.o] Error 1
gmake[1]: *** [CMakeFiles/Makefile2:282: CMakeFiles/RudderServoControlNodeLib.dir/all] Error 2
gmake[1]: *** Waiting for unfinished jobs....
/usr/bin/ld: cannot find -lCoordinateCalculationsNode: No such file or directory
collect2: error: ld returned 1 exit status
gmake[2]: *** [CMakeFiles/RudderServoControlNodeExec.dir/build.make:177: RudderServoControlNodeExec] Error 1
/usr/bin/ld: cannot find -lRudderServoControlNode: No such file or directory
gmake[1]: *** [CMakeFiles/Makefile2:309: CMakeFiles/RudderServoControlNodeExec.dir/all] Error 2
collect2: error: ld returned 1 exit status
gmake[2]: *** [CMakeFiles/CoordinateCalculationsNodeExec.dir/build.make:178: CoordinateCalculationsNodeExec] Error 1
gmake[1]: *** [CMakeFiles/Makefile2:230: CMakeFiles/CoordinateCalculationsNodeExec.dir/all] Error 2
gmake: *** [Makefile:146: all] Error 2
