[0.072s] Invoking command in '/home/boat/Desktop/src/boat_control_system_final/build/boat_control_system_final': CMAKE_PREFIX_PATH=/opt/ros/humble /usr/bin/cmake --build /home/boat/Desktop/src/boat_control_system_final/build/boat_control_system_final -- -j4 -l4
[0.307s] [35m[1mConsolidate compiler generated dependencies of target SailServoControlNodeLib[0m
[0.372s] [ 10%] Built target WaypointQueue
[0.382s] [ 20%] Built target RudderControlHelper
[0.392s] [ 30%] Built target CoordinateCalculations
[0.464s] [35m[1mConsolidate compiler generated dependencies of target RudderServoControlNodeLib[0m
[0.480s] [ 35%] [32mBuilding CXX object CMakeFiles/SailServoControlNodeLib.dir/src/SailServoControlNode.cpp.o[0m
[0.522s] [ 45%] Built target CoordinateCalculationsNodeLib
[0.536s] [ 55%] Built target waypoint_queue_node
[0.601s] [ 60%] [32mBuilding CXX object CMakeFiles/RudderServoControlNodeLib.dir/src/RudderServoControlNode.cpp.o[0m
[0.678s] [ 70%] Built target coordinate_calculations_node
[2.351s] In file included from [01m[K/home/boat/Desktop/src/boat_control_system_final/src/SailServoControlNode.cpp:13[m[K:
[2.351s] [01m[K/home/boat/Desktop/src/boat_control_system_final/include/boat_control_system_final/SailServoControlNode.hpp:11:10:[m[K [01;31m[Kfatal error: [m[Kstd_msgs/msg/Bool.hpp: No such file or directory
[2.352s]    11 | #include [01;31m[K<std_msgs/msg/Bool.hpp>[m[K
[2.352s]       |          [01;31m[K^~~~~~~~~~~~~~~~~~~~~~~[m[K
[2.353s] compilation terminated.
[2.364s] gmake[2]: *** [CMakeFiles/SailServoControlNodeLib.dir/build.make:76: CMakeFiles/SailServoControlNodeLib.dir/src/SailServoControlNode.cpp.o] Error 1
[2.366s] gmake[1]: *** [CMakeFiles/Makefile2:369: CMakeFiles/SailServoControlNodeLib.dir/all] Error 2
[2.366s] gmake[1]: *** Waiting for unfinished jobs....
[12.342s] [01m[K/home/boat/Desktop/src/boat_control_system_final/src/RudderServoControlNode.cpp:[m[K In constructor â€˜[01m[KRudderServoControlNode::RudderServoControlNode()[m[Kâ€™:
[12.343s] [01m[K/home/boat/Desktop/src/boat_control_system_final/src/RudderServoControlNode.cpp:56:5:[m[K [01;31m[Kerror: [m[Kâ€˜[01m[Kinit_subscriber_[m[Kâ€™ was not declared in this scope; did you mean â€˜[01m[Kwind_subscriber_[m[Kâ€™?
[12.343s]    56 |     [01;31m[Kinit_subscriber_[m[K = this->create_subscription<std_msgs::msg::String>(
[12.344s]       |     [01;31m[K^~~~~~~~~~~~~~~~[m[K
[12.344s]       |     [32m[Kwind_subscriber_[m[K
[12.345s] [01m[K/home/boat/Desktop/src/boat_control_system_final/src/RudderServoControlNode.cpp:59:20:[m[K [01;31m[Kerror: [m[Kâ€˜[01m[KWaypointQueueNode[m[Kâ€™ has not been declared
[12.345s]    59 |         std::bind(&[01;31m[KWaypointQueueNode[m[K::initCallback, this, std::placeholders::_1));
[12.346s]       |                    [01;31m[K^~~~~~~~~~~~~~~~~[m[K
[12.376s] [01m[K/home/boat/Desktop/src/boat_control_system_final/src/RudderServoControlNode.cpp:[m[K At global scope:
[12.377s] [01m[K/home/boat/Desktop/src/boat_control_system_final/src/RudderServoControlNode.cpp:114:6:[m[K [01;31m[Kerror: [m[Kno declaration matches â€˜[01m[Kvoid RudderServoControlNode::initCallback(std_msgs::msg::String_<std::allocator<void> >::SharedPtr)[m[Kâ€™
[12.378s]   114 | void [01;31m[KRudderServoControlNode[m[K::initCallback(const std_msgs::msg::String::SharedPtr msg)
[12.378s]       |      [01;31m[K^~~~~~~~~~~~~~~~~~~~~~[m[K
[12.379s] [01m[K/home/boat/Desktop/src/boat_control_system_final/src/RudderServoControlNode.cpp:114:6:[m[K [01;36m[Knote: [m[Kno functions named â€˜[01m[Kvoid RudderServoControlNode::initCallback(std_msgs::msg::String_<std::allocator<void> >::SharedPtr)[m[Kâ€™
[12.379s] In file included from [01m[K/home/boat/Desktop/src/boat_control_system_final/src/RudderServoControlNode.cpp:17[m[K:
[12.380s] [01m[K/home/boat/Desktop/src/boat_control_system_final/include/boat_control_system_final/RudderServoControlNode.hpp:20:7:[m[K [01;36m[Knote: [m[Kâ€˜[01m[Kclass RudderServoControlNode[m[Kâ€™ defined here
[12.380s]    20 | class [01;36m[KRudderServoControlNode[m[K : public rclcpp::Node
[12.381s]       |       [01;36m[K^~~~~~~~~~~~~~~~~~~~~~[m[K
[26.807s] gmake[2]: *** [CMakeFiles/RudderServoControlNodeLib.dir/build.make:76: CMakeFiles/RudderServoControlNodeLib.dir/src/RudderServoControlNode.cpp.o] Error 1
[26.808s] gmake[1]: *** [CMakeFiles/Makefile2:261: CMakeFiles/RudderServoControlNodeLib.dir/all] Error 2
[26.809s] gmake: *** [Makefile:146: all] Error 2
[26.817s] Invoked command in '/home/boat/Desktop/src/boat_control_system_final/build/boat_control_system_final' returned '2': CMAKE_PREFIX_PATH=/opt/ros/humble /usr/bin/cmake --build /home/boat/Desktop/src/boat_control_system_final/build/boat_control_system_final -- -j4 -l4
