[0.060s] Invoking command in '/home/boat/Desktop/src/boat_control_system_final/build/boat_control_system_final': CMAKE_PREFIX_PATH=/opt/ros/humble /usr/bin/cmake --build /home/boat/Desktop/src/boat_control_system_final/build/boat_control_system_final -- -j4 -l4
[0.186s] -- Found ament_cmake: 1.3.10 (/opt/ros/humble/share/ament_cmake/cmake)
[0.853s] -- Found rclcpp: 16.0.10 (/opt/ros/humble/share/rclcpp/cmake)
[1.056s] -- Found rosidl_generator_c: 3.1.5 (/opt/ros/humble/share/rosidl_generator_c/cmake)
[1.069s] -- Found rosidl_adapter: 3.1.5 (/opt/ros/humble/share/rosidl_adapter/cmake)
[1.097s] -- Found rosidl_generator_cpp: 3.1.5 (/opt/ros/humble/share/rosidl_generator_cpp/cmake)
[1.144s] -- Using all available rosidl_typesupport_c: rosidl_typesupport_fastrtps_c;rosidl_typesupport_introspection_c
[1.211s] -- Using all available rosidl_typesupport_cpp: rosidl_typesupport_fastrtps_cpp;rosidl_typesupport_introspection_cpp
[1.360s] -- Found rmw_implementation_cmake: 6.1.2 (/opt/ros/humble/share/rmw_implementation_cmake/cmake)
[1.366s] -- Found rmw_fastrtps_cpp: 6.2.7 (/opt/ros/humble/share/rmw_fastrtps_cpp/cmake)
[2.460s] -- Using RMW implementation 'rmw_fastrtps_cpp' as default
[2.686s] -- Found sensor_msgs: 4.2.4 (/opt/ros/humble/share/sensor_msgs/cmake)
[2.840s] -- Found ament_lint_auto: 0.12.11 (/opt/ros/humble/share/ament_lint_auto/cmake)
[3.930s] -- Added test 'cppcheck' to perform static code analysis on C / C++ code
[3.932s] -- Configured cppcheck include dirs: /home/boat/Desktop/src/boat_control_system_final/include/boat_control_system_final
[3.933s] -- Configured cppcheck exclude dirs and/or files: 
[4.028s] -- Added test 'flake8' to check Python code syntax and style conventions
[4.204s] -- Added test 'lint_cmake' to check CMake code style
[4.292s] -- Added test 'pep257' to check Python code against some of the docstring style conventions in PEP 257
[4.983s] -- Added test 'uncrustify' to check C / C++ code style
[4.984s] -- Configured uncrustify additional arguments: 
[5.073s] -- Added test 'xmllint' to check XML markup files
[5.078s] -- Configuring done
[5.235s] -- Generating done
[5.253s] -- Build files have been written to: /home/boat/Desktop/src/boat_control_system_final/build/boat_control_system_final
[5.381s] [35m[1mConsolidate compiler generated dependencies of target WaypointQueue[0m
[5.450s] [ 10%] [32mBuilding CXX object CMakeFiles/CoordinateCalculationsNodeLib.dir/src/CoordinateCalculationsNode.cpp.o[0m
[5.520s] In file included from [01m[K/home/boat/Desktop/src/boat_control_system_final/src/CoordinateCalculationsNode.cpp:2[m[K:
[5.521s] [01m[K/home/boat/Desktop/src/boat_control_system_final/include/boat_control_system_final/CoordinateCalculationsNode.hpp:4:10:[m[K [01;31m[Kfatal error: [m[Krclcpp/rclcpp.hpp: No such file or directory
[5.522s]     4 | #include [01;31m[K<rclcpp/rclcpp.hpp>[m[K
[5.523s]       |          [01;31m[K^~~~~~~~~~~~~~~~~~~[m[K
[5.523s] compilation terminated.
[5.536s] gmake[2]: *** [CMakeFiles/CoordinateCalculationsNodeLib.dir/build.make:76: CMakeFiles/CoordinateCalculationsNodeLib.dir/src/CoordinateCalculationsNode.cpp.o] Error 1
[5.541s] gmake[1]: *** [CMakeFiles/Makefile2:250: CMakeFiles/CoordinateCalculationsNodeLib.dir/all] Error 2
[5.545s] gmake[1]: *** Waiting for unfinished jobs....
[5.551s] [ 30%] Built target WaypointQueue
[5.557s] gmake: *** [Makefile:146: all] Error 2
[5.572s] Invoked command in '/home/boat/Desktop/src/boat_control_system_final/build/boat_control_system_final' returned '2': CMAKE_PREFIX_PATH=/opt/ros/humble /usr/bin/cmake --build /home/boat/Desktop/src/boat_control_system_final/build/boat_control_system_final -- -j4 -l4
