-- Found ament_cmake: 1.3.10 (/opt/ros/humble/share/ament_cmake/cmake)
-- Found rclcpp: 16.0.10 (/opt/ros/humble/share/rclcpp/cmake)
-- Found rosidl_generator_c: 3.1.5 (/opt/ros/humble/share/rosidl_generator_c/cmake)
-- Found rosidl_adapter: 3.1.5 (/opt/ros/humble/share/rosidl_adapter/cmake)
-- Found rosidl_generator_cpp: 3.1.5 (/opt/ros/humble/share/rosidl_generator_cpp/cmake)
-- Using all available rosidl_typesupport_c: rosidl_typesupport_fastrtps_c;rosidl_typesupport_introspection_c
-- Using all available rosidl_typesupport_cpp: rosidl_typesupport_fastrtps_cpp;rosidl_typesupport_introspection_cpp
-- Found rmw_implementation_cmake: 6.1.2 (/opt/ros/humble/share/rmw_implementation_cmake/cmake)
-- Found rmw_fastrtps_cpp: 6.2.7 (/opt/ros/humble/share/rmw_fastrtps_cpp/cmake)
-- Using RMW implementation 'rmw_fastrtps_cpp' as default
-- Found sensor_msgs: 4.2.4 (/opt/ros/humble/share/sensor_msgs/cmake)
-- Found ament_lint_auto: 0.12.11 (/opt/ros/humble/share/ament_lint_auto/cmake)
-- Added test 'cppcheck' to perform static code analysis on C / C++ code
-- Configured cppcheck include dirs: /home/boat/Desktop/src/boat_control_system_final/include/boat_control_system_final
-- Configured cppcheck exclude dirs and/or files: 
-- Added test 'flake8' to check Python code syntax and style conventions
-- Added test 'lint_cmake' to check CMake code style
-- Added test 'pep257' to check Python code against some of the docstring style conventions in PEP 257
-- Added test 'uncrustify' to check C / C++ code style
-- Configured uncrustify additional arguments: 
-- Added test 'xmllint' to check XML markup files
-- Configuring done
-- Generating done
-- Build files have been written to: /home/boat/Desktop/src/boat_control_system_final/build/boat_control_system_final
[35m[1mConsolidate compiler generated dependencies of target CoordinateCalculations[0m
[35m[1mConsolidate compiler generated dependencies of target WaypointQueue[0m
[ 16%] Built target CoordinateCalculations
[ 33%] Built target WaypointQueue
[35m[1mConsolidate compiler generated dependencies of target WaypointQueueNode[0m
[35m[1mConsolidate compiler generated dependencies of target CoordinateCalculationsNodeLib[0m
[35m[1mConsolidate compiler generated dependencies of target RudderServoControlNode[0m
[ 41%] [32mBuilding CXX object CMakeFiles/RudderServoControlNode.dir/src/RudderServoControlNode.cpp.o[0m
[ 58%] Built target WaypointQueueNode
[ 75%] Built target CoordinateCalculationsNodeLib
[35m[1mConsolidate compiler generated dependencies of target CoordinateCalculationsNodeExec[0m
[ 91%] Built target CoordinateCalculationsNodeExec
[01m[K/home/boat/Desktop/src/boat_control_system_final/src/RudderServoControlNode.cpp:[m[K In constructor â€˜[01m[KRudderServoControlNode::RudderServoControlNode()[m[Kâ€™:
[01m[K/home/boat/Desktop/src/boat_control_system_final/src/RudderServoControlNode.cpp:28:5:[m[K [01;31m[Kerror: [m[Kâ€˜[01m[Kfinal_waypoint_subscriber_[m[Kâ€™ was not declared in this scope
   28 |     [01;31m[Kfinal_waypoint_subscriber_[m[K = this->create_subscription<sensor_msgs::msg::NavSatFix>(
      |     [01;31m[K^~~~~~~~~~~~~~~~~~~~~~~~~~[m[K
[01m[K/home/boat/Desktop/src/boat_control_system_final/src/RudderServoControlNode.cpp:31:44:[m[K [01;31m[Kerror: [m[Kâ€˜[01m[KfinalWaypointCallback[m[Kâ€™ is not a member of â€˜[01m[KRudderServoControlNode[m[Kâ€™
   31 |         std::bind(&RudderServoControlNode::[01;31m[KfinalWaypointCallback[m[K, this, std::placeholders::_1));
      |                                            [01;31m[K^~~~~~~~~~~~~~~~~~~~~[m[K
[01m[K/home/boat/Desktop/src/boat_control_system_final/src/RudderServoControlNode.cpp:[m[K At global scope:
[01m[K/home/boat/Desktop/src/boat_control_system_final/src/RudderServoControlNode.cpp:53:6:[m[K [01;31m[Kerror: [m[Kno declaration matches â€˜[01m[Kvoid RudderServoControlNode::finalWaypointCallback(sensor_msgs::msg::NavSatFix_<std::allocator<void> >::SharedPtr)[m[Kâ€™
   53 | void [01;31m[KRudderServoControlNode[m[K::finalWaypointCallback(const sensor_msgs::msg::NavSatFix::SharedPtr msg)
      |      [01;31m[K^~~~~~~~~~~~~~~~~~~~~~[m[K
[01m[K/home/boat/Desktop/src/boat_control_system_final/src/RudderServoControlNode.cpp:53:6:[m[K [01;36m[Knote: [m[Kno functions named â€˜[01m[Kvoid RudderServoControlNode::finalWaypointCallback(sensor_msgs::msg::NavSatFix_<std::allocator<void> >::SharedPtr)[m[Kâ€™
In file included from [01m[K/home/boat/Desktop/src/boat_control_system_final/src/RudderServoControlNode.cpp:14[m[K:
[01m[K/home/boat/Desktop/src/boat_control_system_final/include/boat_control_system_final/RudderServoControlNode.hpp:18:7:[m[K [01;36m[Knote: [m[Kâ€˜[01m[Kclass RudderServoControlNode[m[Kâ€™ defined here
   18 | class [01;36m[KRudderServoControlNode[m[K : public rclcpp::Node
      |       [01;36m[K^~~~~~~~~~~~~~~~~~~~~~[m[K
[01m[K/home/boat/Desktop/src/boat_control_system_final/src/RudderServoControlNode.cpp:[m[K In member function â€˜[01m[Kvoid RudderServoControlNode::turnBoat(float, bool)[m[Kâ€™:
[01m[K/home/boat/Desktop/src/boat_control_system_final/src/RudderServoControlNode.cpp:77:73:[m[K [01;35m[Kwarning: [m[Kunused parameter â€˜[01m[Kspeed_needed[m[Kâ€™ [[01;35m[K]8;;https://gcc.gnu.org/onlinedocs/gcc/Warning-Options.html#index-Wunused-parameter-Wunused-parameter]8;;[m[K]
   77 | void RudderServoControlNode::turnBoat(float desired_angle_heading, [01;35m[Kbool speed_needed[m[K)
      |                                                                    [01;35m[K~~~~~^~~~~~~~~~~~[m[K
[01m[K/home/boat/Desktop/src/boat_control_system_final/src/RudderServoControlNode.cpp:[m[K At global scope:
[01m[K/home/boat/Desktop/src/boat_control_system_final/src/RudderServoControlNode.cpp:103:6:[m[K [01;31m[Kerror: [m[Kno declaration matches â€˜[01m[Kvoid RudderServoControlNode::execute_waypoints()[m[Kâ€™
  103 | void [01;31m[KRudderServoControlNode[m[K::execute_waypoints()
      |      [01;31m[K^~~~~~~~~~~~~~~~~~~~~~[m[K
[01m[K/home/boat/Desktop/src/boat_control_system_final/src/RudderServoControlNode.cpp:103:6:[m[K [01;36m[Knote: [m[Kno functions named â€˜[01m[Kvoid RudderServoControlNode::execute_waypoints()[m[Kâ€™
In file included from [01m[K/home/boat/Desktop/src/boat_control_system_final/src/RudderServoControlNode.cpp:14[m[K:
[01m[K/home/boat/Desktop/src/boat_control_system_final/include/boat_control_system_final/RudderServoControlNode.hpp:18:7:[m[K [01;36m[Knote: [m[Kâ€˜[01m[Kclass RudderServoControlNode[m[Kâ€™ defined here
   18 | class [01;36m[KRudderServoControlNode[m[K : public rclcpp::Node
      |       [01;36m[K^~~~~~~~~~~~~~~~~~~~~~[m[K
[01m[K/home/boat/Desktop/src/boat_control_system_final/src/RudderServoControlNode.cpp:[m[K In member function â€˜[01m[Kvoid RudderServoControlNode::executeWaypoints()[m[Kâ€™:
[01m[K/home/boat/Desktop/src/boat_control_system_final/src/RudderServoControlNode.cpp:176:50:[m[K [01;31m[Kerror: [m[Kâ€˜[01m[Klatest_waypoint_data_[m[Kâ€™ was not declared in this scope; did you mean â€˜[01m[Klatest_gps_data_[m[Kâ€™?
  176 |             if (calculateDistance(curr_position, [01;31m[Klatest_waypoint_data_[m[K) <= 0.05)
      |                                                  [01;31m[K^~~~~~~~~~~~~~~~~~~~~[m[K
      |                                                  [32m[Klatest_gps_data_[m[K
[01m[K/home/boat/Desktop/src/boat_control_system_final/src/RudderServoControlNode.cpp:[m[K At global scope:
[01m[K/home/boat/Desktop/src/boat_control_system_final/src/RudderServoControlNode.cpp:190:6:[m[K [01;31m[Kerror: [m[Kno declaration matches â€˜[01m[Kvoid RudderServoControlNode::setRudderServo(float)[m[Kâ€™
  190 | void [01;31m[KRudderServoControlNode[m[K::setRudderServo(float angle)
      |      [01;31m[K^~~~~~~~~~~~~~~~~~~~~~[m[K
In file included from [01m[K/home/boat/Desktop/src/boat_control_system_final/src/RudderServoControlNode.cpp:14[m[K:
[01m[K/home/boat/Desktop/src/boat_control_system_final/include/boat_control_system_final/RudderServoControlNode.hpp:31:10:[m[K [01;36m[Knote: [m[Kcandidate is: â€˜[01m[Kvoid RudderServoControlNode::setRudderServo(int)[m[Kâ€™
   31 |     void [01;36m[KsetRudderServo[m[K(int angle);
      |          [01;36m[K^~~~~~~~~~~~~~[m[K
[01m[K/home/boat/Desktop/src/boat_control_system_final/include/boat_control_system_final/RudderServoControlNode.hpp:18:7:[m[K [01;36m[Knote: [m[Kâ€˜[01m[Kclass RudderServoControlNode[m[Kâ€™ defined here
   18 | class [01;36m[KRudderServoControlNode[m[K : public rclcpp::Node
      |       [01;36m[K^~~~~~~~~~~~~~~~~~~~~~[m[K
gmake[2]: *** [CMakeFiles/RudderServoControlNode.dir/build.make:76: CMakeFiles/RudderServoControlNode.dir/src/RudderServoControlNode.cpp.o] Error 1
gmake[1]: *** [CMakeFiles/Makefile2:281: CMakeFiles/RudderServoControlNode.dir/all] Error 2
gmake: *** [Makefile:146: all] Error 2
