[0.067s] Invoking command in '/home/boat/Desktop/src/boat_control_system_final/build/boat_control_system_final': CMAKE_PREFIX_PATH=/opt/ros/humble /usr/bin/cmake --build /home/boat/Desktop/src/boat_control_system_final/build/boat_control_system_final -- -j4 -l4
[0.189s] -- Found ament_cmake: 1.3.10 (/opt/ros/humble/share/ament_cmake/cmake)
[0.891s] -- Found rclcpp: 16.0.10 (/opt/ros/humble/share/rclcpp/cmake)
[1.093s] -- Found rosidl_generator_c: 3.1.5 (/opt/ros/humble/share/rosidl_generator_c/cmake)
[1.106s] -- Found rosidl_adapter: 3.1.5 (/opt/ros/humble/share/rosidl_adapter/cmake)
[1.135s] -- Found rosidl_generator_cpp: 3.1.5 (/opt/ros/humble/share/rosidl_generator_cpp/cmake)
[1.179s] -- Using all available rosidl_typesupport_c: rosidl_typesupport_fastrtps_c;rosidl_typesupport_introspection_c
[1.239s] -- Using all available rosidl_typesupport_cpp: rosidl_typesupport_fastrtps_cpp;rosidl_typesupport_introspection_cpp
[1.387s] -- Found rmw_implementation_cmake: 6.1.2 (/opt/ros/humble/share/rmw_implementation_cmake/cmake)
[1.394s] -- Found rmw_fastrtps_cpp: 6.2.7 (/opt/ros/humble/share/rmw_fastrtps_cpp/cmake)
[2.485s] -- Using RMW implementation 'rmw_fastrtps_cpp' as default
[2.708s] -- Found sensor_msgs: 4.2.4 (/opt/ros/humble/share/sensor_msgs/cmake)
[2.857s] -- Found ament_lint_auto: 0.12.11 (/opt/ros/humble/share/ament_lint_auto/cmake)
[4.108s] -- Added test 'cppcheck' to perform static code analysis on C / C++ code
[4.110s] -- Configured cppcheck include dirs: /home/boat/Desktop/src/boat_control_system_final/include/boat_control_system_final
[4.111s] -- Configured cppcheck exclude dirs and/or files: 
[4.224s] -- Added test 'flake8' to check Python code syntax and style conventions
[4.459s] -- Added test 'lint_cmake' to check CMake code style
[4.570s] -- Added test 'pep257' to check Python code against some of the docstring style conventions in PEP 257
[5.461s] -- Added test 'uncrustify' to check C / C++ code style
[5.461s] -- Configured uncrustify additional arguments: 
[5.572s] -- Added test 'xmllint' to check XML markup files
[5.578s] -- Configuring done
[5.735s] -- Generating done
[5.751s] -- Build files have been written to: /home/boat/Desktop/src/boat_control_system_final/build/boat_control_system_final
[5.869s] [35m[1mConsolidate compiler generated dependencies of target CoordinateCalculations[0m
[5.871s] [35m[1mConsolidate compiler generated dependencies of target WaypointQueue[0m
[5.993s] [ 16%] Built target CoordinateCalculations
[6.004s] [ 33%] Built target WaypointQueue
[6.078s] [35m[1mConsolidate compiler generated dependencies of target WaypointQueueNode[0m
[6.093s] [35m[1mConsolidate compiler generated dependencies of target CoordinateCalculationsNodeLib[0m
[6.109s] [35m[1mConsolidate compiler generated dependencies of target RudderServoControlNode[0m
[6.161s] [ 41%] [32mBuilding CXX object CMakeFiles/RudderServoControlNode.dir/src/RudderServoControlNode.cpp.o[0m
[6.205s] [ 58%] Built target WaypointQueueNode
[6.223s] [ 75%] Built target CoordinateCalculationsNodeLib
[6.275s] [35m[1mConsolidate compiler generated dependencies of target CoordinateCalculationsNodeExec[0m
[6.396s] [ 91%] Built target CoordinateCalculationsNodeExec
[18.066s] [01m[K/home/boat/Desktop/src/boat_control_system_final/src/RudderServoControlNode.cpp:[m[K In constructor â€˜[01m[KRudderServoControlNode::RudderServoControlNode()[m[Kâ€™:
[18.067s] [01m[K/home/boat/Desktop/src/boat_control_system_final/src/RudderServoControlNode.cpp:28:5:[m[K [01;31m[Kerror: [m[Kâ€˜[01m[Kfinal_waypoint_subscriber_[m[Kâ€™ was not declared in this scope
[18.067s]    28 |     [01;31m[Kfinal_waypoint_subscriber_[m[K = this->create_subscription<sensor_msgs::msg::NavSatFix>(
[18.068s]       |     [01;31m[K^~~~~~~~~~~~~~~~~~~~~~~~~~[m[K
[18.069s] [01m[K/home/boat/Desktop/src/boat_control_system_final/src/RudderServoControlNode.cpp:31:44:[m[K [01;31m[Kerror: [m[Kâ€˜[01m[KfinalWaypointCallback[m[Kâ€™ is not a member of â€˜[01m[KRudderServoControlNode[m[Kâ€™
[18.069s]    31 |         std::bind(&RudderServoControlNode::[01;31m[KfinalWaypointCallback[m[K, this, std::placeholders::_1));
[18.070s]       |                                            [01;31m[K^~~~~~~~~~~~~~~~~~~~~[m[K
[18.104s] [01m[K/home/boat/Desktop/src/boat_control_system_final/src/RudderServoControlNode.cpp:[m[K At global scope:
[18.104s] [01m[K/home/boat/Desktop/src/boat_control_system_final/src/RudderServoControlNode.cpp:53:6:[m[K [01;31m[Kerror: [m[Kno declaration matches â€˜[01m[Kvoid RudderServoControlNode::finalWaypointCallback(sensor_msgs::msg::NavSatFix_<std::allocator<void> >::SharedPtr)[m[Kâ€™
[18.105s]    53 | void [01;31m[KRudderServoControlNode[m[K::finalWaypointCallback(const sensor_msgs::msg::NavSatFix::SharedPtr msg)
[18.105s]       |      [01;31m[K^~~~~~~~~~~~~~~~~~~~~~[m[K
[18.106s] [01m[K/home/boat/Desktop/src/boat_control_system_final/src/RudderServoControlNode.cpp:53:6:[m[K [01;36m[Knote: [m[Kno functions named â€˜[01m[Kvoid RudderServoControlNode::finalWaypointCallback(sensor_msgs::msg::NavSatFix_<std::allocator<void> >::SharedPtr)[m[Kâ€™
[18.106s] In file included from [01m[K/home/boat/Desktop/src/boat_control_system_final/src/RudderServoControlNode.cpp:14[m[K:
[18.107s] [01m[K/home/boat/Desktop/src/boat_control_system_final/include/boat_control_system_final/RudderServoControlNode.hpp:18:7:[m[K [01;36m[Knote: [m[Kâ€˜[01m[Kclass RudderServoControlNode[m[Kâ€™ defined here
[18.107s]    18 | class [01;36m[KRudderServoControlNode[m[K : public rclcpp::Node
[18.108s]       |       [01;36m[K^~~~~~~~~~~~~~~~~~~~~~[m[K
[18.140s] [01m[K/home/boat/Desktop/src/boat_control_system_final/src/RudderServoControlNode.cpp:[m[K In member function â€˜[01m[Kvoid RudderServoControlNode::turnBoat(float, bool)[m[Kâ€™:
[18.141s] [01m[K/home/boat/Desktop/src/boat_control_system_final/src/RudderServoControlNode.cpp:77:73:[m[K [01;35m[Kwarning: [m[Kunused parameter â€˜[01m[Kspeed_needed[m[Kâ€™ [[01;35m[K]8;;https://gcc.gnu.org/onlinedocs/gcc/Warning-Options.html#index-Wunused-parameter-Wunused-parameter]8;;[m[K]
[18.142s]    77 | void RudderServoControlNode::turnBoat(float desired_angle_heading, [01;35m[Kbool speed_needed[m[K)
[18.142s]       |                                                                    [01;35m[K~~~~~^~~~~~~~~~~~[m[K
[18.143s] [01m[K/home/boat/Desktop/src/boat_control_system_final/src/RudderServoControlNode.cpp:[m[K At global scope:
[18.143s] [01m[K/home/boat/Desktop/src/boat_control_system_final/src/RudderServoControlNode.cpp:103:6:[m[K [01;31m[Kerror: [m[Kno declaration matches â€˜[01m[Kvoid RudderServoControlNode::execute_waypoints()[m[Kâ€™
[18.144s]   103 | void [01;31m[KRudderServoControlNode[m[K::execute_waypoints()
[18.145s]       |      [01;31m[K^~~~~~~~~~~~~~~~~~~~~~[m[K
[18.146s] [01m[K/home/boat/Desktop/src/boat_control_system_final/src/RudderServoControlNode.cpp:103:6:[m[K [01;36m[Knote: [m[Kno functions named â€˜[01m[Kvoid RudderServoControlNode::execute_waypoints()[m[Kâ€™
[18.146s] In file included from [01m[K/home/boat/Desktop/src/boat_control_system_final/src/RudderServoControlNode.cpp:14[m[K:
[18.147s] [01m[K/home/boat/Desktop/src/boat_control_system_final/include/boat_control_system_final/RudderServoControlNode.hpp:18:7:[m[K [01;36m[Knote: [m[Kâ€˜[01m[Kclass RudderServoControlNode[m[Kâ€™ defined here
[18.147s]    18 | class [01;36m[KRudderServoControlNode[m[K : public rclcpp::Node
[18.148s]       |       [01;36m[K^~~~~~~~~~~~~~~~~~~~~~[m[K
[18.180s] [01m[K/home/boat/Desktop/src/boat_control_system_final/src/RudderServoControlNode.cpp:[m[K In member function â€˜[01m[Kvoid RudderServoControlNode::executeWaypoints()[m[Kâ€™:
[18.182s] [01m[K/home/boat/Desktop/src/boat_control_system_final/src/RudderServoControlNode.cpp:176:50:[m[K [01;31m[Kerror: [m[Kâ€˜[01m[Klatest_waypoint_data_[m[Kâ€™ was not declared in this scope; did you mean â€˜[01m[Klatest_gps_data_[m[Kâ€™?
[18.182s]   176 |             if (calculateDistance(curr_position, [01;31m[Klatest_waypoint_data_[m[K) <= 0.05)
[18.183s]       |                                                  [01;31m[K^~~~~~~~~~~~~~~~~~~~~[m[K
[18.183s]       |                                                  [32m[Klatest_gps_data_[m[K
[18.184s] [01m[K/home/boat/Desktop/src/boat_control_system_final/src/RudderServoControlNode.cpp:[m[K At global scope:
[18.184s] [01m[K/home/boat/Desktop/src/boat_control_system_final/src/RudderServoControlNode.cpp:190:6:[m[K [01;31m[Kerror: [m[Kno declaration matches â€˜[01m[Kvoid RudderServoControlNode::setRudderServo(float)[m[Kâ€™
[18.185s]   190 | void [01;31m[KRudderServoControlNode[m[K::setRudderServo(float angle)
[18.185s]       |      [01;31m[K^~~~~~~~~~~~~~~~~~~~~~[m[K
[18.186s] In file included from [01m[K/home/boat/Desktop/src/boat_control_system_final/src/RudderServoControlNode.cpp:14[m[K:
[18.186s] [01m[K/home/boat/Desktop/src/boat_control_system_final/include/boat_control_system_final/RudderServoControlNode.hpp:31:10:[m[K [01;36m[Knote: [m[Kcandidate is: â€˜[01m[Kvoid RudderServoControlNode::setRudderServo(int)[m[Kâ€™
[18.187s]    31 |     void [01;36m[KsetRudderServo[m[K(int angle);
[18.187s]       |          [01;36m[K^~~~~~~~~~~~~~[m[K
[18.188s] [01m[K/home/boat/Desktop/src/boat_control_system_final/include/boat_control_system_final/RudderServoControlNode.hpp:18:7:[m[K [01;36m[Knote: [m[Kâ€˜[01m[Kclass RudderServoControlNode[m[Kâ€™ defined here
[18.188s]    18 | class [01;36m[KRudderServoControlNode[m[K : public rclcpp::Node
[18.189s]       |       [01;36m[K^~~~~~~~~~~~~~~~~~~~~~[m[K
[31.375s] gmake[2]: *** [CMakeFiles/RudderServoControlNode.dir/build.make:76: CMakeFiles/RudderServoControlNode.dir/src/RudderServoControlNode.cpp.o] Error 1
[31.376s] gmake[1]: *** [CMakeFiles/Makefile2:281: CMakeFiles/RudderServoControlNode.dir/all] Error 2
[31.377s] gmake: *** [Makefile:146: all] Error 2
[31.385s] Invoked command in '/home/boat/Desktop/src/boat_control_system_final/build/boat_control_system_final' returned '2': CMAKE_PREFIX_PATH=/opt/ros/humble /usr/bin/cmake --build /home/boat/Desktop/src/boat_control_system_final/build/boat_control_system_final -- -j4 -l4
