[0.094s] Invoking command in '/home/boat/Desktop/src/boat_control_system_final/build/boat_control_system_final': CMAKE_PREFIX_PATH=/opt/ros/humble /usr/bin/cmake --build /home/boat/Desktop/src/boat_control_system_final/build/boat_control_system_final -- -j4 -l4
[0.314s] -- Found ament_cmake: 1.3.10 (/opt/ros/humble/share/ament_cmake/cmake)
[1.064s] -- Found rclcpp: 16.0.10 (/opt/ros/humble/share/rclcpp/cmake)
[1.328s] -- Found rosidl_generator_c: 3.1.5 (/opt/ros/humble/share/rosidl_generator_c/cmake)
[1.347s] -- Found rosidl_adapter: 3.1.5 (/opt/ros/humble/share/rosidl_adapter/cmake)
[1.392s] -- Found rosidl_generator_cpp: 3.1.5 (/opt/ros/humble/share/rosidl_generator_cpp/cmake)
[1.456s] -- Using all available rosidl_typesupport_c: rosidl_typesupport_fastrtps_c;rosidl_typesupport_introspection_c
[1.539s] -- Using all available rosidl_typesupport_cpp: rosidl_typesupport_fastrtps_cpp;rosidl_typesupport_introspection_cpp
[1.756s] -- Found rmw_implementation_cmake: 6.1.2 (/opt/ros/humble/share/rmw_implementation_cmake/cmake)
[1.767s] -- Found rmw_fastrtps_cpp: 6.2.7 (/opt/ros/humble/share/rmw_fastrtps_cpp/cmake)
[2.933s] -- Using RMW implementation 'rmw_fastrtps_cpp' as default
[3.245s] -- Found sensor_msgs: 4.2.4 (/opt/ros/humble/share/sensor_msgs/cmake)
[3.456s] -- Found ament_lint_auto: 0.12.11 (/opt/ros/humble/share/ament_lint_auto/cmake)
[5.083s] -- Added test 'cppcheck' to perform static code analysis on C / C++ code
[5.085s] -- Configured cppcheck include dirs: /home/boat/Desktop/src/boat_control_system_final/include/boat_control_system_final
[5.086s] -- Configured cppcheck exclude dirs and/or files: 
[5.233s] -- Added test 'flake8' to check Python code syntax and style conventions
[5.524s] -- Added test 'lint_cmake' to check CMake code style
[5.679s] -- Added test 'pep257' to check Python code against some of the docstring style conventions in PEP 257
[6.824s] -- Added test 'uncrustify' to check C / C++ code style
[6.824s] -- Configured uncrustify additional arguments: 
[6.974s] -- Added test 'xmllint' to check XML markup files
[6.986s] -- Configuring done
[7.255s] -- Generating done
[7.274s] -- Build files have been written to: /home/boat/Desktop/src/boat_control_system_final/build/boat_control_system_final
[7.403s] [35m[1mConsolidate compiler generated dependencies of target WaypointQueue[0m
[7.419s] [35m[1mConsolidate compiler generated dependencies of target CoordinateCalculations[0m
[7.508s] [  6%] [32mBuilding CXX object CMakeFiles/RudderControlHelper.dir/src/RudderControlHelper.cpp.o[0m
[7.644s] [ 12%] [32mBuilding CXX object CMakeFiles/CoordinateCalculations.dir/src/Coordinate_Calculations.cpp.o[0m
[7.663s] [ 25%] Built target WaypointQueue
[7.747s] [35m[1mConsolidate compiler generated dependencies of target WaypointQueueNodeExec[0m
[8.001s] [ 37%] Built target WaypointQueueNodeExec
[9.059s] [01m[K/home/boat/Desktop/src/boat_control_system_final/src/RudderControlHelper.cpp:12:10:[m[K [01;31m[Kfatal error: [m[KRudderControlHelper.hpp: No such file or directory
[9.062s]    12 | #include [01;31m[K"RudderControlHelper.hpp"[m[K
[9.064s]       |          [01;31m[K^~~~~~~~~~~~~~~~~~~~~~~~~[m[K
[9.064s] compilation terminated.
[9.069s] gmake[2]: *** [CMakeFiles/RudderControlHelper.dir/build.make:76: CMakeFiles/RudderControlHelper.dir/src/RudderControlHelper.cpp.o] Error 1
[9.070s] gmake[1]: *** [CMakeFiles/Makefile2:203: CMakeFiles/RudderControlHelper.dir/all] Error 2
[9.071s] gmake[1]: *** Waiting for unfinished jobs....
[23.349s] [ 43%] [32m[1mLinking CXX static library libCoordinateCalculations.a[0m
[23.503s] [ 43%] Built target CoordinateCalculations
[23.508s] gmake: *** [Makefile:146: all] Error 2
[23.517s] Invoked command in '/home/boat/Desktop/src/boat_control_system_final/build/boat_control_system_final' returned '2': CMAKE_PREFIX_PATH=/opt/ros/humble /usr/bin/cmake --build /home/boat/Desktop/src/boat_control_system_final/build/boat_control_system_final -- -j4 -l4
