[0.068s] Invoking command in '/home/boat/Desktop/src/boat_control_system_final/build/boat_control_system_final': CMAKE_PREFIX_PATH=/opt/ros/humble /usr/bin/cmake --build /home/boat/Desktop/src/boat_control_system_final/build/boat_control_system_final -- -j4 -l4
[0.183s] -- Found ament_cmake: 1.3.10 (/opt/ros/humble/share/ament_cmake/cmake)
[0.871s] -- Found rclcpp: 16.0.10 (/opt/ros/humble/share/rclcpp/cmake)
[1.071s] -- Found rosidl_generator_c: 3.1.5 (/opt/ros/humble/share/rosidl_generator_c/cmake)
[1.083s] -- Found rosidl_adapter: 3.1.5 (/opt/ros/humble/share/rosidl_adapter/cmake)
[1.111s] -- Found rosidl_generator_cpp: 3.1.5 (/opt/ros/humble/share/rosidl_generator_cpp/cmake)
[1.156s] -- Using all available rosidl_typesupport_c: rosidl_typesupport_fastrtps_c;rosidl_typesupport_introspection_c
[1.215s] -- Using all available rosidl_typesupport_cpp: rosidl_typesupport_fastrtps_cpp;rosidl_typesupport_introspection_cpp
[1.363s] -- Found rmw_implementation_cmake: 6.1.2 (/opt/ros/humble/share/rmw_implementation_cmake/cmake)
[1.369s] -- Found rmw_fastrtps_cpp: 6.2.7 (/opt/ros/humble/share/rmw_fastrtps_cpp/cmake)
[2.450s] -- Using RMW implementation 'rmw_fastrtps_cpp' as default
[2.669s] -- Found sensor_msgs: 4.2.4 (/opt/ros/humble/share/sensor_msgs/cmake)
[2.819s] -- Found ament_lint_auto: 0.12.11 (/opt/ros/humble/share/ament_lint_auto/cmake)
[4.294s] -- Added test 'cppcheck' to perform static code analysis on C / C++ code
[4.296s] -- Configured cppcheck include dirs: /home/boat/Desktop/src/boat_control_system_final/include/boat_control_system_final
[4.296s] -- Configured cppcheck exclude dirs and/or files: 
[4.436s] -- Added test 'flake8' to check Python code syntax and style conventions
[4.715s] -- Added test 'lint_cmake' to check CMake code style
[4.856s] -- Added test 'pep257' to check Python code against some of the docstring style conventions in PEP 257
[5.963s] -- Added test 'uncrustify' to check C / C++ code style
[5.963s] -- Configured uncrustify additional arguments: 
[6.102s] -- Added test 'xmllint' to check XML markup files
[6.107s] -- Configuring done
[6.280s] -- Generating done
[6.295s] -- Build files have been written to: /home/boat/Desktop/src/boat_control_system_final/build/boat_control_system_final
[6.412s] [35m[1mConsolidate compiler generated dependencies of target WaypointQueue[0m
[6.414s] [35m[1mConsolidate compiler generated dependencies of target CoordinateCalculations[0m
[6.521s] [ 14%] Built target WaypointQueue
[6.525s] [ 28%] Built target CoordinateCalculations
[6.601s] [35m[1mConsolidate compiler generated dependencies of target WaypointQueueNode[0m
[6.660s] [ 35%] [32mBuilding CXX object CMakeFiles/RudderServoControlNodeLib.dir/src/RudderServoControlNode.cpp.o[0m
[6.731s] [ 50%] Built target WaypointQueueNode
[66.982s] [ 57%] [32m[1mLinking CXX static library libRudderServoControlNodeLib.a[0m
[68.756s] [ 57%] Built target RudderServoControlNodeLib
[69.094s] [35m[1mConsolidate compiler generated dependencies of target CoordinateCalculationsNodeLib[0m
[69.227s] [ 71%] Built target CoordinateCalculationsNodeLib
[69.279s] [35m[1mConsolidate compiler generated dependencies of target CoordinateCalculationsNodeExec[0m
[69.283s] [35m[1mConsolidate compiler generated dependencies of target RudderServoControlNodeExec[0m
[69.392s] [ 85%] [32mBuilding CXX object CMakeFiles/RudderServoControlNodeExec.dir/src/RudderServoControlNode.cpp.o[0m
[69.392s] [ 85%] [32m[1mLinking CXX executable CoordinateCalculationsNodeExec[0m
[72.976s] /usr/bin/ld: libCoordinateCalculations.a(Coordinate_Calculations.cpp.o): in function `CoordinateCalculations::calculate_directional_bearing[abi:cxx11](sensor_msgs::msg::NavSatFix_<std::allocator<void> >)':
[72.979s] Coordinate_Calculations.cpp:(.text+0x528): undefined reference to `RudderServoControlNode::RudderServoControlNode()'
[72.981s] /usr/bin/ld: Coordinate_Calculations.cpp:(.text+0x530): undefined reference to `RudderServoControlNode::get_magnetometer_heading()'
[72.981s] /usr/bin/ld: Coordinate_Calculations.cpp:(.text+0x544): undefined reference to `RudderServoControlNode::get_curr_pos()'
[72.982s] /usr/bin/ld: Coordinate_Calculations.cpp:(.text+0x668): undefined reference to `RudderServoControlNode::~RudderServoControlNode()'
[72.983s] /usr/bin/ld: Coordinate_Calculations.cpp:(.text+0x6c8): undefined reference to `RudderServoControlNode::~RudderServoControlNode()'
[73.186s] collect2: error: ld returned 1 exit status
[73.194s] gmake[2]: *** [CMakeFiles/CoordinateCalculationsNodeExec.dir/build.make:182: CoordinateCalculationsNodeExec] Error 1
[73.194s] gmake[1]: *** [CMakeFiles/Makefile2:229: CMakeFiles/CoordinateCalculationsNodeExec.dir/all] Error 2
[73.195s] gmake[1]: *** Waiting for unfinished jobs....
[129.845s] [ 92%] [32m[1mLinking CXX executable RudderServoControlNodeExec[0m
[130.875s] /usr/bin/ld: libCoordinateCalculationsNodeLib.a(CoordinateCalculationsNode.cpp.o): in function `main':
[130.907s] CoordinateCalculationsNode.cpp:(.text+0x1630): multiple definition of `main'; CMakeFiles/RudderServoControlNodeExec.dir/src/RudderServoControlNode.cpp.o:RudderServoControlNode.cpp:(.text+0x218c): first defined here
[135.576s] collect2: error: ld returned 1 exit status
[135.582s] gmake[2]: *** [CMakeFiles/RudderServoControlNodeExec.dir/build.make:183: RudderServoControlNodeExec] Error 1
[135.583s] gmake[1]: *** [CMakeFiles/Makefile2:310: CMakeFiles/RudderServoControlNodeExec.dir/all] Error 2
[135.584s] gmake: *** [Makefile:146: all] Error 2
[135.591s] Invoked command in '/home/boat/Desktop/src/boat_control_system_final/build/boat_control_system_final' returned '2': CMAKE_PREFIX_PATH=/opt/ros/humble /usr/bin/cmake --build /home/boat/Desktop/src/boat_control_system_final/build/boat_control_system_final -- -j4 -l4
